[0.085s] Invoking command in '/home/rti/1_Projects/ros2_ws/build/cpp_pubsub': CMAKE_PREFIX_PATH=/home/rti/1_Projects/ros2_ws/install/tutorial_interfaces:/home/rti/1_Projects/ros2_ws/install/cpp_pubsub:/home/rti/1_Projects/ros2_ws/install/cpp_srvcli:/opt/ros/iron /usr/bin/cmake --build /home/rti/1_Projects/ros2_ws/build/cpp_pubsub -- -j2 -l2
[0.151s] [35m[1mConsolidate compiler generated dependencies of target talker[0m
[0.168s] [ 50%] Built target listener
[0.178s] [ 75%] [32mBuilding CXX object CMakeFiles/talker.dir/src/publisher_member_function.cpp.o[0m
[4.642s] [100%] [32m[1mLinking CXX executable talker[0m
[4.839s] [100%] Built target talker
[4.855s] Invoked command in '/home/rti/1_Projects/ros2_ws/build/cpp_pubsub' returned '0': CMAKE_PREFIX_PATH=/home/rti/1_Projects/ros2_ws/install/tutorial_interfaces:/home/rti/1_Projects/ros2_ws/install/cpp_pubsub:/home/rti/1_Projects/ros2_ws/install/cpp_srvcli:/opt/ros/iron /usr/bin/cmake --build /home/rti/1_Projects/ros2_ws/build/cpp_pubsub -- -j2 -l2
[4.901s] Invoking command in '/home/rti/1_Projects/ros2_ws/build/cpp_pubsub': CMAKE_PREFIX_PATH=/home/rti/1_Projects/ros2_ws/install/tutorial_interfaces:/home/rti/1_Projects/ros2_ws/install/cpp_pubsub:/home/rti/1_Projects/ros2_ws/install/cpp_srvcli:/opt/ros/iron /usr/bin/cmake --install /home/rti/1_Projects/ros2_ws/build/cpp_pubsub
[4.912s] -- Install configuration: ""
[4.913s] -- Installing: /home/rti/1_Projects/ros2_ws/install/cpp_pubsub/lib/cpp_pubsub/talker
[4.915s] -- Set runtime path of "/home/rti/1_Projects/ros2_ws/install/cpp_pubsub/lib/cpp_pubsub/talker" to ""
[4.916s] -- Up-to-date: /home/rti/1_Projects/ros2_ws/install/cpp_pubsub/lib/cpp_pubsub/talker
[4.916s] -- Up-to-date: /home/rti/1_Projects/ros2_ws/install/cpp_pubsub/lib/cpp_pubsub/listener
[4.916s] -- Up-to-date: /home/rti/1_Projects/ros2_ws/install/cpp_pubsub/share/ament_index/resource_index/package_run_dependencies/cpp_pubsub
[4.916s] -- Up-to-date: /home/rti/1_Projects/ros2_ws/install/cpp_pubsub/share/ament_index/resource_index/parent_prefix_path/cpp_pubsub
[4.916s] -- Up-to-date: /home/rti/1_Projects/ros2_ws/install/cpp_pubsub/share/cpp_pubsub/environment/ament_prefix_path.sh
[4.916s] -- Up-to-date: /home/rti/1_Projects/ros2_ws/install/cpp_pubsub/share/cpp_pubsub/environment/ament_prefix_path.dsv
[4.916s] -- Up-to-date: /home/rti/1_Projects/ros2_ws/install/cpp_pubsub/share/cpp_pubsub/environment/path.sh
[4.916s] -- Up-to-date: /home/rti/1_Projects/ros2_ws/install/cpp_pubsub/share/cpp_pubsub/environment/path.dsv
[4.916s] -- Up-to-date: /home/rti/1_Projects/ros2_ws/install/cpp_pubsub/share/cpp_pubsub/local_setup.bash
[4.916s] -- Up-to-date: /home/rti/1_Projects/ros2_ws/install/cpp_pubsub/share/cpp_pubsub/local_setup.sh
[4.916s] -- Up-to-date: /home/rti/1_Projects/ros2_ws/install/cpp_pubsub/share/cpp_pubsub/local_setup.zsh
[4.916s] -- Up-to-date: /home/rti/1_Projects/ros2_ws/install/cpp_pubsub/share/cpp_pubsub/local_setup.dsv
[4.916s] -- Installing: /home/rti/1_Projects/ros2_ws/install/cpp_pubsub/share/cpp_pubsub/package.dsv
[4.916s] -- Up-to-date: /home/rti/1_Projects/ros2_ws/install/cpp_pubsub/share/ament_index/resource_index/packages/cpp_pubsub
[4.917s] -- Up-to-date: /home/rti/1_Projects/ros2_ws/install/cpp_pubsub/share/cpp_pubsub/cmake/cpp_pubsubConfig.cmake
[4.917s] -- Up-to-date: /home/rti/1_Projects/ros2_ws/install/cpp_pubsub/share/cpp_pubsub/cmake/cpp_pubsubConfig-version.cmake
[4.917s] -- Up-to-date: /home/rti/1_Projects/ros2_ws/install/cpp_pubsub/share/cpp_pubsub/package.xml
[4.921s] Invoked command in '/home/rti/1_Projects/ros2_ws/build/cpp_pubsub' returned '0': CMAKE_PREFIX_PATH=/home/rti/1_Projects/ros2_ws/install/tutorial_interfaces:/home/rti/1_Projects/ros2_ws/install/cpp_pubsub:/home/rti/1_Projects/ros2_ws/install/cpp_srvcli:/opt/ros/iron /usr/bin/cmake --install /home/rti/1_Projects/ros2_ws/build/cpp_pubsub
