[0.078s] Invoking command in '/home/rti/1_Projects/ros2_ws/build/more_interfaces': CMAKE_PREFIX_PATH=${CMAKE_PREFIX_PATH}:/opt/ros/iron /usr/bin/cmake /home/rti/1_Projects/ros2_ws/src/more_interfaces -DCMAKE_INSTALL_PREFIX=/home/rti/1_Projects/ros2_ws/install/more_interfaces
[0.091s] -- Found ament_cmake: 2.0.3 (/opt/ros/iron/share/ament_cmake/cmake)
[0.237s] -- Found rosidl_default_generators: 1.5.0 (/opt/ros/iron/share/rosidl_default_generators/cmake)
[0.239s] -- Using all available rosidl_typesupport_c: rosidl_typesupport_fastrtps_c;rosidl_typesupport_introspection_c
[0.276s] -- Using all available rosidl_typesupport_cpp: rosidl_typesupport_fastrtps_cpp;rosidl_typesupport_introspection_cpp
[0.307s] -- Found rosidl_adapter: 4.0.1 (/opt/ros/iron/share/rosidl_adapter/cmake)
[0.313s] -- Found rclcpp: 21.0.4 (/opt/ros/iron/share/rclcpp/cmake)
[0.491s] -- Found rmw_implementation_cmake: 7.1.0 (/opt/ros/iron/share/rmw_implementation_cmake/cmake)
[0.493s] -- Found rmw_fastrtps_cpp: 7.1.2 (/opt/ros/iron/share/rmw_fastrtps_cpp/cmake)
[0.620s] -- Using RMW implementation 'rmw_fastrtps_cpp' as default
[0.800s] [31mCMake Error at /opt/ros/iron/share/rosidl_cmake/cmake/rosidl_get_typesupport_target.cmake:29 (message):
[0.800s]   more_interfaces is not a CMake target.  Maybe rosidl_generate_interfaces
[0.801s]   was given a different target name?
[0.801s] Call Stack (most recent call first):
[0.802s]   CMakeLists.txt:27 (rosidl_get_typesupport_target)
[0.802s] 
[0.803s] [0m
[0.804s] -- Configuring incomplete, errors occurred!
[0.804s] See also "/home/rti/1_Projects/ros2_ws/build/more_interfaces/CMakeFiles/CMakeOutput.log".
[0.813s] Invoked command in '/home/rti/1_Projects/ros2_ws/build/more_interfaces' returned '1': CMAKE_PREFIX_PATH=${CMAKE_PREFIX_PATH}:/opt/ros/iron /usr/bin/cmake /home/rti/1_Projects/ros2_ws/src/more_interfaces -DCMAKE_INSTALL_PREFIX=/home/rti/1_Projects/ros2_ws/install/more_interfaces
