[1.110s] DEBUG:colcon:Command line arguments: ['/usr/bin/colcon', 'build', '--packages-up-to', 'more_interfaces']
[1.110s] DEBUG:colcon:Parsed command line arguments: Namespace(log_base=None, log_level=None, verb_name='build', build_base='build', install_base='install', merge_install=False, symlink_install=False, test_result_base=None, continue_on_error=False, executor='parallel', parallel_workers=2, event_handlers=None, ignore_user_meta=False, metas=['./colcon.meta'], base_paths=['.'], packages_ignore=None, packages_ignore_regex=None, paths=None, packages_up_to=['more_interfaces'], packages_up_to_regex=None, packages_above=None, packages_above_and_dependencies=None, packages_above_depth=None, packages_select_by_dep=None, packages_skip_by_dep=None, packages_skip_up_to=None, packages_select_build_failed=False, packages_skip_build_finished=False, packages_select_test_failures=False, packages_skip_test_passed=False, packages_select=None, packages_skip=None, packages_select_regex=None, packages_skip_regex=None, packages_start=None, packages_end=None, allow_overriding=[], cmake_args=None, cmake_target=None, cmake_target_skip_unavailable=False, cmake_clean_cache=False, cmake_clean_first=False, cmake_force_configure=False, ament_cmake_args=None, catkin_cmake_args=None, catkin_skip_building_tests=False, verb_parser=<colcon_defaults.argument_parser.defaults.DefaultArgumentsDecorator object at 0x7f2632827b80>, verb_extension=<colcon_core.verb.build.BuildVerb object at 0x7f2632b21e70>, main=<bound method BuildVerb.main of <colcon_core.verb.build.BuildVerb object at 0x7f2632b21e70>>)
[1.161s] Level 1:colcon.colcon_core.package_discovery:discover_packages(colcon_meta) check parameters
[1.161s] Level 1:colcon.colcon_core.package_discovery:discover_packages(recursive) check parameters
[1.161s] Level 1:colcon.colcon_core.package_discovery:discover_packages(ignore) check parameters
[1.161s] Level 1:colcon.colcon_core.package_discovery:discover_packages(path) check parameters
[1.161s] Level 1:colcon.colcon_core.package_discovery:discover_packages(colcon_meta) discover
[1.162s] Level 1:colcon.colcon_core.package_discovery:discover_packages(recursive) discover
[1.162s] INFO:colcon.colcon_core.package_discovery:Crawling recursively for packages in '/home/rti/1_Projects/ros2_ws'
[1.162s] Level 1:colcon.colcon_core.package_identification:_identify(.) by extensions ['ignore', 'ignore_ament_install']
[1.162s] Level 1:colcon.colcon_core.package_identification:_identify(.) by extension 'ignore'
[1.162s] Level 1:colcon.colcon_core.package_identification:_identify(.) by extension 'ignore_ament_install'
[1.162s] Level 1:colcon.colcon_core.package_identification:_identify(.) by extensions ['colcon_pkg']
[1.163s] Level 1:colcon.colcon_core.package_identification:_identify(.) by extension 'colcon_pkg'
[1.163s] Level 1:colcon.colcon_core.package_identification:_identify(.) by extensions ['colcon_meta']
[1.163s] Level 1:colcon.colcon_core.package_identification:_identify(.) by extension 'colcon_meta'
[1.163s] Level 1:colcon.colcon_core.package_identification:_identify(.) by extensions ['ros']
[1.163s] Level 1:colcon.colcon_core.package_identification:_identify(.) by extension 'ros'
[1.176s] Level 1:colcon.colcon_core.package_identification:_identify(.) by extensions ['cmake', 'python']
[1.177s] Level 1:colcon.colcon_core.package_identification:_identify(.) by extension 'cmake'
[1.177s] Level 1:colcon.colcon_core.package_identification:_identify(.) by extension 'python'
[1.177s] Level 1:colcon.colcon_core.package_identification:_identify(.) by extensions ['python_setup_py']
[1.177s] Level 1:colcon.colcon_core.package_identification:_identify(.) by extension 'python_setup_py'
[1.177s] Level 1:colcon.colcon_core.package_identification:_identify(build) by extensions ['ignore', 'ignore_ament_install']
[1.178s] Level 1:colcon.colcon_core.package_identification:_identify(build) by extension 'ignore'
[1.178s] Level 1:colcon.colcon_core.package_identification:_identify(build) ignored
[1.178s] Level 1:colcon.colcon_core.package_identification:_identify(install) by extensions ['ignore', 'ignore_ament_install']
[1.178s] Level 1:colcon.colcon_core.package_identification:_identify(install) by extension 'ignore'
[1.178s] Level 1:colcon.colcon_core.package_identification:_identify(install) ignored
[1.178s] Level 1:colcon.colcon_core.package_identification:_identify(log) by extensions ['ignore', 'ignore_ament_install']
[1.179s] Level 1:colcon.colcon_core.package_identification:_identify(log) by extension 'ignore'
[1.179s] Level 1:colcon.colcon_core.package_identification:_identify(log) ignored
[1.179s] Level 1:colcon.colcon_core.package_identification:_identify(src) by extensions ['ignore', 'ignore_ament_install']
[1.179s] Level 1:colcon.colcon_core.package_identification:_identify(src) by extension 'ignore'
[1.179s] Level 1:colcon.colcon_core.package_identification:_identify(src) by extension 'ignore_ament_install'
[1.179s] Level 1:colcon.colcon_core.package_identification:_identify(src) by extensions ['colcon_pkg']
[1.180s] Level 1:colcon.colcon_core.package_identification:_identify(src) by extension 'colcon_pkg'
[1.180s] Level 1:colcon.colcon_core.package_identification:_identify(src) by extensions ['colcon_meta']
[1.180s] Level 1:colcon.colcon_core.package_identification:_identify(src) by extension 'colcon_meta'
[1.180s] Level 1:colcon.colcon_core.package_identification:_identify(src) by extensions ['ros']
[1.180s] Level 1:colcon.colcon_core.package_identification:_identify(src) by extension 'ros'
[1.180s] Level 1:colcon.colcon_core.package_identification:_identify(src) by extensions ['cmake', 'python']
[1.180s] Level 1:colcon.colcon_core.package_identification:_identify(src) by extension 'cmake'
[1.181s] Level 1:colcon.colcon_core.package_identification:_identify(src) by extension 'python'
[1.181s] Level 1:colcon.colcon_core.package_identification:_identify(src) by extensions ['python_setup_py']
[1.181s] Level 1:colcon.colcon_core.package_identification:_identify(src) by extension 'python_setup_py'
[1.181s] Level 1:colcon.colcon_core.package_identification:_identify(src/cpp_pubsub) by extensions ['ignore', 'ignore_ament_install']
[1.181s] Level 1:colcon.colcon_core.package_identification:_identify(src/cpp_pubsub) by extension 'ignore'
[1.181s] Level 1:colcon.colcon_core.package_identification:_identify(src/cpp_pubsub) by extension 'ignore_ament_install'
[1.182s] Level 1:colcon.colcon_core.package_identification:_identify(src/cpp_pubsub) by extensions ['colcon_pkg']
[1.182s] Level 1:colcon.colcon_core.package_identification:_identify(src/cpp_pubsub) by extension 'colcon_pkg'
[1.182s] Level 1:colcon.colcon_core.package_identification:_identify(src/cpp_pubsub) by extensions ['colcon_meta']
[1.182s] Level 1:colcon.colcon_core.package_identification:_identify(src/cpp_pubsub) by extension 'colcon_meta'
[1.182s] Level 1:colcon.colcon_core.package_identification:_identify(src/cpp_pubsub) by extensions ['ros']
[1.182s] Level 1:colcon.colcon_core.package_identification:_identify(src/cpp_pubsub) by extension 'ros'
[1.185s] DEBUG:colcon.colcon_core.package_identification:Package 'src/cpp_pubsub' with type 'ros.ament_cmake' and name 'cpp_pubsub'
[1.185s] Level 1:colcon.colcon_core.package_identification:_identify(src/cpp_srvcli) by extensions ['ignore', 'ignore_ament_install']
[1.185s] Level 1:colcon.colcon_core.package_identification:_identify(src/cpp_srvcli) by extension 'ignore'
[1.185s] Level 1:colcon.colcon_core.package_identification:_identify(src/cpp_srvcli) by extension 'ignore_ament_install'
[1.186s] Level 1:colcon.colcon_core.package_identification:_identify(src/cpp_srvcli) by extensions ['colcon_pkg']
[1.186s] Level 1:colcon.colcon_core.package_identification:_identify(src/cpp_srvcli) by extension 'colcon_pkg'
[1.186s] Level 1:colcon.colcon_core.package_identification:_identify(src/cpp_srvcli) by extensions ['colcon_meta']
[1.186s] Level 1:colcon.colcon_core.package_identification:_identify(src/cpp_srvcli) by extension 'colcon_meta'
[1.186s] Level 1:colcon.colcon_core.package_identification:_identify(src/cpp_srvcli) by extensions ['ros']
[1.186s] Level 1:colcon.colcon_core.package_identification:_identify(src/cpp_srvcli) by extension 'ros'
[1.187s] DEBUG:colcon.colcon_core.package_identification:Package 'src/cpp_srvcli' with type 'ros.ament_cmake' and name 'cpp_srvcli'
[1.187s] Level 1:colcon.colcon_core.package_identification:_identify(src/more_interfaces) by extensions ['ignore', 'ignore_ament_install']
[1.187s] Level 1:colcon.colcon_core.package_identification:_identify(src/more_interfaces) by extension 'ignore'
[1.188s] Level 1:colcon.colcon_core.package_identification:_identify(src/more_interfaces) by extension 'ignore_ament_install'
[1.188s] Level 1:colcon.colcon_core.package_identification:_identify(src/more_interfaces) by extensions ['colcon_pkg']
[1.188s] Level 1:colcon.colcon_core.package_identification:_identify(src/more_interfaces) by extension 'colcon_pkg'
[1.188s] Level 1:colcon.colcon_core.package_identification:_identify(src/more_interfaces) by extensions ['colcon_meta']
[1.188s] Level 1:colcon.colcon_core.package_identification:_identify(src/more_interfaces) by extension 'colcon_meta'
[1.188s] Level 1:colcon.colcon_core.package_identification:_identify(src/more_interfaces) by extensions ['ros']
[1.188s] Level 1:colcon.colcon_core.package_identification:_identify(src/more_interfaces) by extension 'ros'
[1.189s] DEBUG:colcon.colcon_core.package_identification:Package 'src/more_interfaces' with type 'ros.ament_cmake' and name 'more_interfaces'
[1.189s] Level 1:colcon.colcon_core.package_identification:_identify(src/tutorial_interfaces) by extensions ['ignore', 'ignore_ament_install']
[1.189s] Level 1:colcon.colcon_core.package_identification:_identify(src/tutorial_interfaces) by extension 'ignore'
[1.190s] Level 1:colcon.colcon_core.package_identification:_identify(src/tutorial_interfaces) by extension 'ignore_ament_install'
[1.190s] Level 1:colcon.colcon_core.package_identification:_identify(src/tutorial_interfaces) by extensions ['colcon_pkg']
[1.190s] Level 1:colcon.colcon_core.package_identification:_identify(src/tutorial_interfaces) by extension 'colcon_pkg'
[1.190s] Level 1:colcon.colcon_core.package_identification:_identify(src/tutorial_interfaces) by extensions ['colcon_meta']
[1.190s] Level 1:colcon.colcon_core.package_identification:_identify(src/tutorial_interfaces) by extension 'colcon_meta'
[1.190s] Level 1:colcon.colcon_core.package_identification:_identify(src/tutorial_interfaces) by extensions ['ros']
[1.190s] Level 1:colcon.colcon_core.package_identification:_identify(src/tutorial_interfaces) by extension 'ros'
[1.191s] DEBUG:colcon.colcon_core.package_identification:Package 'src/tutorial_interfaces' with type 'ros.ament_cmake' and name 'tutorial_interfaces'
[1.191s] Level 1:colcon.colcon_core.package_discovery:discover_packages(recursive) using defaults
[1.191s] Level 1:colcon.colcon_core.package_discovery:discover_packages(ignore) discover
[1.192s] Level 1:colcon.colcon_core.package_discovery:discover_packages(ignore) using defaults
[1.192s] Level 1:colcon.colcon_core.package_discovery:discover_packages(path) discover
[1.192s] Level 1:colcon.colcon_core.package_discovery:discover_packages(path) using defaults
[1.261s] INFO:colcon.colcon_core.package_selection:Skipping package 'cpp_pubsub' in 'src/cpp_pubsub'
[1.261s] INFO:colcon.colcon_core.package_selection:Skipping package 'tutorial_interfaces' in 'src/tutorial_interfaces'
[1.261s] INFO:colcon.colcon_core.package_selection:Skipping package 'cpp_srvcli' in 'src/cpp_srvcli'
[1.295s] Level 1:colcon.colcon_core.package_discovery:discover_packages(prefix_path) check parameters
[1.295s] Level 1:colcon.colcon_core.package_discovery:discover_packages(prefix_path) discover
[1.331s] DEBUG:colcon.colcon_installed_package_information.package_discovery:Found 4 installed packages in /home/rti/1_Projects/ros2_ws/install
[1.348s] DEBUG:colcon.colcon_installed_package_information.package_discovery:Found 318 installed packages in /opt/ros/iron
[1.350s] Level 1:colcon.colcon_core.package_discovery:discover_packages(prefix_path) using defaults
[1.458s] Level 5:colcon.colcon_core.verb:set package 'more_interfaces' build argument 'cmake_args' from command line to 'None'
[1.458s] Level 5:colcon.colcon_core.verb:set package 'more_interfaces' build argument 'cmake_target' from command line to 'None'
[1.458s] Level 5:colcon.colcon_core.verb:set package 'more_interfaces' build argument 'cmake_target_skip_unavailable' from command line to 'False'
[1.458s] Level 5:colcon.colcon_core.verb:set package 'more_interfaces' build argument 'cmake_clean_cache' from command line to 'False'
[1.458s] Level 5:colcon.colcon_core.verb:set package 'more_interfaces' build argument 'cmake_clean_first' from command line to 'False'
[1.458s] Level 5:colcon.colcon_core.verb:set package 'more_interfaces' build argument 'cmake_force_configure' from command line to 'False'
[1.458s] Level 5:colcon.colcon_core.verb:set package 'more_interfaces' build argument 'ament_cmake_args' from command line to 'None'
[1.459s] Level 5:colcon.colcon_core.verb:set package 'more_interfaces' build argument 'catkin_cmake_args' from command line to 'None'
[1.459s] Level 5:colcon.colcon_core.verb:set package 'more_interfaces' build argument 'catkin_skip_building_tests' from command line to 'False'
[1.459s] DEBUG:colcon.colcon_core.verb:Building package 'more_interfaces' with the following arguments: {'ament_cmake_args': None, 'build_base': '/home/rti/1_Projects/ros2_ws/build/more_interfaces', 'catkin_cmake_args': None, 'catkin_skip_building_tests': False, 'cmake_args': None, 'cmake_clean_cache': False, 'cmake_clean_first': False, 'cmake_force_configure': False, 'cmake_target': None, 'cmake_target_skip_unavailable': False, 'install_base': '/home/rti/1_Projects/ros2_ws/install/more_interfaces', 'merge_install': False, 'path': '/home/rti/1_Projects/ros2_ws/src/more_interfaces', 'symlink_install': False, 'test_result_base': None}
[1.475s] INFO:colcon.colcon_core.executor:Executing jobs using 'parallel' executor
[1.492s] DEBUG:colcon.colcon_parallel_executor.executor.parallel:run_until_complete
[1.493s] INFO:colcon.colcon_ros.task.ament_cmake.build:Building ROS package in '/home/rti/1_Projects/ros2_ws/src/more_interfaces' with build type 'ament_cmake'
[1.493s] INFO:colcon.colcon_cmake.task.cmake.build:Building CMake package in '/home/rti/1_Projects/ros2_ws/src/more_interfaces'
[1.517s] INFO:colcon.colcon_core.plugin_system:Skipping extension 'colcon_core.shell.bat': Not used on non-Windows systems
[1.517s] INFO:colcon.colcon_core.shell:Skip shell extension 'powershell' for command environment: Not usable outside of PowerShell
[1.517s] DEBUG:colcon.colcon_core.shell:Skip shell extension 'dsv' for command environment
[1.579s] DEBUG:colcon.colcon_core.event_handler.log_command:Invoking command in '/home/rti/1_Projects/ros2_ws/build/more_interfaces': CMAKE_PREFIX_PATH=${CMAKE_PREFIX_PATH}:/opt/ros/iron /usr/bin/cmake /home/rti/1_Projects/ros2_ws/src/more_interfaces -DCMAKE_INSTALL_PREFIX=/home/rti/1_Projects/ros2_ws/install/more_interfaces
[3.238s] DEBUG:colcon.colcon_core.event_handler.log_command:Invoked command in '/home/rti/1_Projects/ros2_ws/build/more_interfaces' returned '0': CMAKE_PREFIX_PATH=${CMAKE_PREFIX_PATH}:/opt/ros/iron /usr/bin/cmake /home/rti/1_Projects/ros2_ws/src/more_interfaces -DCMAKE_INSTALL_PREFIX=/home/rti/1_Projects/ros2_ws/install/more_interfaces
[3.240s] DEBUG:colcon.colcon_core.event_handler.log_command:Invoking command in '/home/rti/1_Projects/ros2_ws/build/more_interfaces': CMAKE_PREFIX_PATH=${CMAKE_PREFIX_PATH}:/opt/ros/iron /usr/bin/cmake --build /home/rti/1_Projects/ros2_ws/build/more_interfaces -- -j2 -l2
[10.681s] DEBUG:colcon.colcon_core.event_handler.log_command:Invoked command in '/home/rti/1_Projects/ros2_ws/build/more_interfaces' returned '0': CMAKE_PREFIX_PATH=${CMAKE_PREFIX_PATH}:/opt/ros/iron /usr/bin/cmake --build /home/rti/1_Projects/ros2_ws/build/more_interfaces -- -j2 -l2
[10.781s] DEBUG:colcon.colcon_core.event_handler.log_command:Invoking command in '/home/rti/1_Projects/ros2_ws/build/more_interfaces': CMAKE_PREFIX_PATH=${CMAKE_PREFIX_PATH}:/opt/ros/iron /usr/bin/cmake --install /home/rti/1_Projects/ros2_ws/build/more_interfaces
[10.873s] Level 1:colcon.colcon_core.environment:create_environment_scripts_only(more_interfaces)
[10.879s] DEBUG:colcon.colcon_core.event_handler.log_command:Invoked command in '/home/rti/1_Projects/ros2_ws/build/more_interfaces' returned '0': CMAKE_PREFIX_PATH=${CMAKE_PREFIX_PATH}:/opt/ros/iron /usr/bin/cmake --install /home/rti/1_Projects/ros2_ws/build/more_interfaces
[10.894s] Level 1:colcon.colcon_core.environment:checking '/home/rti/1_Projects/ros2_ws/install/more_interfaces' for CMake module files
[10.895s] Level 1:colcon.colcon_core.environment:checking '/home/rti/1_Projects/ros2_ws/install/more_interfaces' for CMake config files
[10.895s] Level 1:colcon.colcon_core.shell:create_environment_hook('more_interfaces', 'cmake_prefix_path')
[10.911s] INFO:colcon.colcon_core.shell:Creating environment hook '/home/rti/1_Projects/ros2_ws/install/more_interfaces/share/more_interfaces/hook/cmake_prefix_path.ps1'
[10.912s] INFO:colcon.colcon_core.shell:Creating environment descriptor '/home/rti/1_Projects/ros2_ws/install/more_interfaces/share/more_interfaces/hook/cmake_prefix_path.dsv'
[10.912s] INFO:colcon.colcon_core.shell:Creating environment hook '/home/rti/1_Projects/ros2_ws/install/more_interfaces/share/more_interfaces/hook/cmake_prefix_path.sh'
[10.913s] Level 1:colcon.colcon_core.environment:checking '/home/rti/1_Projects/ros2_ws/install/more_interfaces/lib'
[10.913s] Level 1:colcon.colcon_core.shell:create_environment_hook('more_interfaces', 'ld_library_path_lib')
[10.929s] INFO:colcon.colcon_core.shell:Creating environment hook '/home/rti/1_Projects/ros2_ws/install/more_interfaces/share/more_interfaces/hook/ld_library_path_lib.ps1'
[10.930s] INFO:colcon.colcon_core.shell:Creating environment descriptor '/home/rti/1_Projects/ros2_ws/install/more_interfaces/share/more_interfaces/hook/ld_library_path_lib.dsv'
[10.930s] INFO:colcon.colcon_core.shell:Creating environment hook '/home/rti/1_Projects/ros2_ws/install/more_interfaces/share/more_interfaces/hook/ld_library_path_lib.sh'
[10.930s] Level 1:colcon.colcon_core.environment:checking '/home/rti/1_Projects/ros2_ws/install/more_interfaces/bin'
[10.931s] Level 1:colcon.colcon_core.environment:checking '/home/rti/1_Projects/ros2_ws/install/more_interfaces/lib/pkgconfig/more_interfaces.pc'
[10.931s] Level 1:colcon.colcon_core.environment:checking '/home/rti/1_Projects/ros2_ws/install/more_interfaces/lib/python3.10/site-packages'
[10.931s] Level 1:colcon.colcon_core.shell:create_environment_hook('more_interfaces', 'pythonpath')
[10.947s] INFO:colcon.colcon_core.shell:Creating environment hook '/home/rti/1_Projects/ros2_ws/install/more_interfaces/share/more_interfaces/hook/pythonpath.ps1'
[10.947s] INFO:colcon.colcon_core.shell:Creating environment descriptor '/home/rti/1_Projects/ros2_ws/install/more_interfaces/share/more_interfaces/hook/pythonpath.dsv'
[10.948s] INFO:colcon.colcon_core.shell:Creating environment hook '/home/rti/1_Projects/ros2_ws/install/more_interfaces/share/more_interfaces/hook/pythonpath.sh'
[10.948s] Level 1:colcon.colcon_core.environment:checking '/home/rti/1_Projects/ros2_ws/install/more_interfaces/bin'
[10.964s] INFO:colcon.colcon_core.shell:Creating package script '/home/rti/1_Projects/ros2_ws/install/more_interfaces/share/more_interfaces/package.ps1'
[10.965s] INFO:colcon.colcon_core.shell:Creating package descriptor '/home/rti/1_Projects/ros2_ws/install/more_interfaces/share/more_interfaces/package.dsv'
[10.965s] INFO:colcon.colcon_core.shell:Creating package script '/home/rti/1_Projects/ros2_ws/install/more_interfaces/share/more_interfaces/package.sh'
[10.967s] INFO:colcon.colcon_core.shell:Creating package script '/home/rti/1_Projects/ros2_ws/install/more_interfaces/share/more_interfaces/package.bash'
[10.967s] INFO:colcon.colcon_core.shell:Creating package script '/home/rti/1_Projects/ros2_ws/install/more_interfaces/share/more_interfaces/package.zsh'
[10.968s] Level 1:colcon.colcon_core.environment:create_file_with_runtime_dependencies(/home/rti/1_Projects/ros2_ws/install/more_interfaces/share/colcon-core/packages/more_interfaces)
[11.075s] Level 1:colcon.colcon_core.environment:create_environment_scripts_only(more_interfaces)
[11.091s] Level 1:colcon.colcon_core.environment:checking '/home/rti/1_Projects/ros2_ws/install/more_interfaces' for CMake module files
[11.092s] Level 1:colcon.colcon_core.environment:checking '/home/rti/1_Projects/ros2_ws/install/more_interfaces' for CMake config files
[11.092s] Level 1:colcon.colcon_core.shell:create_environment_hook('more_interfaces', 'cmake_prefix_path')
[11.112s] INFO:colcon.colcon_core.shell:Creating environment hook '/home/rti/1_Projects/ros2_ws/install/more_interfaces/share/more_interfaces/hook/cmake_prefix_path.ps1'
[11.113s] INFO:colcon.colcon_core.shell:Creating environment descriptor '/home/rti/1_Projects/ros2_ws/install/more_interfaces/share/more_interfaces/hook/cmake_prefix_path.dsv'
[11.113s] INFO:colcon.colcon_core.shell:Creating environment hook '/home/rti/1_Projects/ros2_ws/install/more_interfaces/share/more_interfaces/hook/cmake_prefix_path.sh'
[11.114s] Level 1:colcon.colcon_core.environment:checking '/home/rti/1_Projects/ros2_ws/install/more_interfaces/lib'
[11.114s] Level 1:colcon.colcon_core.shell:create_environment_hook('more_interfaces', 'ld_library_path_lib')
[11.131s] INFO:colcon.colcon_core.shell:Creating environment hook '/home/rti/1_Projects/ros2_ws/install/more_interfaces/share/more_interfaces/hook/ld_library_path_lib.ps1'
[11.131s] INFO:colcon.colcon_core.shell:Creating environment descriptor '/home/rti/1_Projects/ros2_ws/install/more_interfaces/share/more_interfaces/hook/ld_library_path_lib.dsv'
[11.132s] INFO:colcon.colcon_core.shell:Creating environment hook '/home/rti/1_Projects/ros2_ws/install/more_interfaces/share/more_interfaces/hook/ld_library_path_lib.sh'
[11.132s] Level 1:colcon.colcon_core.environment:checking '/home/rti/1_Projects/ros2_ws/install/more_interfaces/bin'
[11.133s] Level 1:colcon.colcon_core.environment:checking '/home/rti/1_Projects/ros2_ws/install/more_interfaces/lib/pkgconfig/more_interfaces.pc'
[11.133s] Level 1:colcon.colcon_core.environment:checking '/home/rti/1_Projects/ros2_ws/install/more_interfaces/lib/python3.10/site-packages'
[11.133s] Level 1:colcon.colcon_core.shell:create_environment_hook('more_interfaces', 'pythonpath')
[11.150s] INFO:colcon.colcon_core.shell:Creating environment hook '/home/rti/1_Projects/ros2_ws/install/more_interfaces/share/more_interfaces/hook/pythonpath.ps1'
[11.150s] INFO:colcon.colcon_core.shell:Creating environment descriptor '/home/rti/1_Projects/ros2_ws/install/more_interfaces/share/more_interfaces/hook/pythonpath.dsv'
[11.151s] INFO:colcon.colcon_core.shell:Creating environment hook '/home/rti/1_Projects/ros2_ws/install/more_interfaces/share/more_interfaces/hook/pythonpath.sh'
[11.152s] Level 1:colcon.colcon_core.environment:checking '/home/rti/1_Projects/ros2_ws/install/more_interfaces/bin'
[11.168s] INFO:colcon.colcon_core.shell:Creating package script '/home/rti/1_Projects/ros2_ws/install/more_interfaces/share/more_interfaces/package.ps1'
[11.169s] INFO:colcon.colcon_core.shell:Creating package descriptor '/home/rti/1_Projects/ros2_ws/install/more_interfaces/share/more_interfaces/package.dsv'
[11.170s] INFO:colcon.colcon_core.shell:Creating package script '/home/rti/1_Projects/ros2_ws/install/more_interfaces/share/more_interfaces/package.sh'
[11.170s] INFO:colcon.colcon_core.shell:Creating package script '/home/rti/1_Projects/ros2_ws/install/more_interfaces/share/more_interfaces/package.bash'
[11.171s] INFO:colcon.colcon_core.shell:Creating package script '/home/rti/1_Projects/ros2_ws/install/more_interfaces/share/more_interfaces/package.zsh'
[11.172s] Level 1:colcon.colcon_core.environment:create_file_with_runtime_dependencies(/home/rti/1_Projects/ros2_ws/install/more_interfaces/share/colcon-core/packages/more_interfaces)
[11.172s] DEBUG:colcon.colcon_parallel_executor.executor.parallel:closing loop
[11.173s] DEBUG:colcon.colcon_parallel_executor.executor.parallel:loop closed
[11.173s] DEBUG:colcon.colcon_parallel_executor.executor.parallel:run_until_complete finished with '0'
[11.173s] DEBUG:colcon.colcon_core.event_reactor:joining thread
[11.198s] INFO:colcon.colcon_core.plugin_system:Skipping extension 'colcon_notification.desktop_notification.terminal_notifier': Not used on non-Darwin systems
[11.198s] INFO:colcon.colcon_core.plugin_system:Skipping extension 'colcon_notification.desktop_notification.win32': Not used on non-Windows systems
[11.198s] INFO:colcon.colcon_notification.desktop_notification:Sending desktop notification using 'notify2'
[11.209s] DEBUG:colcon.colcon_core.event_reactor:joined thread
[11.226s] INFO:colcon.colcon_core.shell:Creating prefix script '/home/rti/1_Projects/ros2_ws/install/local_setup.ps1'
[11.228s] INFO:colcon.colcon_core.shell:Creating prefix util module '/home/rti/1_Projects/ros2_ws/install/_local_setup_util_ps1.py'
[11.229s] INFO:colcon.colcon_core.shell:Creating prefix chain script '/home/rti/1_Projects/ros2_ws/install/setup.ps1'
[11.247s] INFO:colcon.colcon_core.shell:Creating prefix script '/home/rti/1_Projects/ros2_ws/install/local_setup.sh'
[11.248s] INFO:colcon.colcon_core.shell:Creating prefix util module '/home/rti/1_Projects/ros2_ws/install/_local_setup_util_sh.py'
[11.249s] INFO:colcon.colcon_core.shell:Creating prefix chain script '/home/rti/1_Projects/ros2_ws/install/setup.sh'
[11.268s] INFO:colcon.colcon_core.shell:Creating prefix script '/home/rti/1_Projects/ros2_ws/install/local_setup.bash'
[11.268s] INFO:colcon.colcon_core.shell:Creating prefix chain script '/home/rti/1_Projects/ros2_ws/install/setup.bash'
[11.286s] INFO:colcon.colcon_core.shell:Creating prefix script '/home/rti/1_Projects/ros2_ws/install/local_setup.zsh'
[11.287s] INFO:colcon.colcon_core.shell:Creating prefix chain script '/home/rti/1_Projects/ros2_ws/install/setup.zsh'
