[0.083s] Invoking command in '/home/rti/1_Projects/ros2_ws/build/cpp_pubsub': CMAKE_PREFIX_PATH=/home/rti/1_Projects/ros2_ws/install/tutorial_interfaces:/home/rti/1_Projects/ros2_ws/install/cpp_pubsub:/home/rti/1_Projects/ros2_ws/install/cpp_srvcli:/opt/ros/iron /usr/bin/cmake --build /home/rti/1_Projects/ros2_ws/build/cpp_pubsub -- -j2 -l2
[0.135s] [35m[1mConsolidate compiler generated dependencies of target listener[0m
[0.140s] [35m[1mConsolidate compiler generated dependencies of target talker[0m
[0.165s] [ 25%] [32mBuilding CXX object CMakeFiles/talker.dir/src/publisher_member_function.cpp.o[0m
[0.167s] [ 50%] [32mBuilding CXX object CMakeFiles/listener.dir/src/subscriber_member_function.cpp.o[0m
[2.906s] In file included from [01m[K/opt/ros/iron/include/rclcpp/rclcpp/logging.hpp:24[m[K,
[2.906s]                  from [01m[K/opt/ros/iron/include/rclcpp/rclcpp/client.hpp:43[m[K,
[2.907s]                  from [01m[K/opt/ros/iron/include/rclcpp/rclcpp/callback_group.hpp:24[m[K,
[2.907s]                  from [01m[K/opt/ros/iron/include/rclcpp/rclcpp/any_executable.hpp:20[m[K,
[2.908s]                  from [01m[K/opt/ros/iron/include/rclcpp/rclcpp/memory_strategy.hpp:25[m[K,
[2.908s]                  from [01m[K/opt/ros/iron/include/rclcpp/rclcpp/memory_strategies.hpp:18[m[K,
[2.909s]                  from [01m[K/opt/ros/iron/include/rclcpp/rclcpp/executor_options.hpp:20[m[K,
[2.910s]                  from [01m[K/opt/ros/iron/include/rclcpp/rclcpp/executor.hpp:37[m[K,
[2.910s]                  from [01m[K/opt/ros/iron/include/rclcpp/rclcpp/executors/multi_threaded_executor.hpp:25[m[K,
[2.911s]                  from [01m[K/opt/ros/iron/include/rclcpp/rclcpp/executors.hpp:21[m[K,
[2.911s]                  from [01m[K/opt/ros/iron/include/rclcpp/rclcpp/rclcpp.hpp:167[m[K,
[2.911s]                  from [01m[K/home/rti/1_Projects/ros2_ws/src/cpp_pubsub/src/publisher_member_function.cpp:22[m[K:
[2.912s] [01m[K/home/rti/1_Projects/ros2_ws/src/cpp_pubsub/src/publisher_member_function.cpp:[m[K In member function ‘[01m[Kvoid MinimalPublisher::timer_callback()[m[K’:
[2.912s] [01m[K/home/rti/1_Projects/ros2_ws/src/cpp_pubsub/src/publisher_member_function.cpp:47:53:[m[K [01;31m[Kerror: [m[Kinvalid operands of types ‘[01m[Kconst char [14][m[K’ and ‘[01m[Ktutorial_interfaces::msg::Num_<std::allocator<void> >::_num_type[m[K’ {aka ‘[01m[Klong int[m[K’} to binary ‘[01m[Koperator<<[m[K’
[2.913s]    47 |     RCLCPP_INFO(this->get_logger(), [32m[K"Publishing: '"[m[K [01;31m[K<<[m[K [34m[Kmessage.num[m[K << "'");
[2.913s]       |                                     [32m[K~~~~~~~~~~~~~~~[m[K [01;31m[K^~[m[K [34m[K~~~~~~~~~~~[m[K
[2.914s]       |                                     [32m[K|[m[K                          [34m[K|[m[K
[2.914s]       |                                     [32m[Kconst char [14][m[K            [34m[Ktutorial_interfaces::msg::Num_<std::allocator<void> >::_num_type {aka long int}[m[K
[2.936s] In file included from [01m[K/opt/ros/iron/include/rclcpp/rclcpp/logging.hpp:24[m[K,
[2.937s]                  from [01m[K/opt/ros/iron/include/rclcpp/rclcpp/client.hpp:43[m[K,
[2.937s]                  from [01m[K/opt/ros/iron/include/rclcpp/rclcpp/callback_group.hpp:24[m[K,
[2.938s]                  from [01m[K/opt/ros/iron/include/rclcpp/rclcpp/any_executable.hpp:20[m[K,
[2.938s]                  from [01m[K/opt/ros/iron/include/rclcpp/rclcpp/memory_strategy.hpp:25[m[K,
[2.939s]                  from [01m[K/opt/ros/iron/include/rclcpp/rclcpp/memory_strategies.hpp:18[m[K,
[2.939s]                  from [01m[K/opt/ros/iron/include/rclcpp/rclcpp/executor_options.hpp:20[m[K,
[2.940s]                  from [01m[K/opt/ros/iron/include/rclcpp/rclcpp/executor.hpp:37[m[K,
[2.940s]                  from [01m[K/opt/ros/iron/include/rclcpp/rclcpp/executors/multi_threaded_executor.hpp:25[m[K,
[2.940s]                  from [01m[K/opt/ros/iron/include/rclcpp/rclcpp/executors.hpp:21[m[K,
[2.941s]                  from [01m[K/opt/ros/iron/include/rclcpp/rclcpp/rclcpp.hpp:167[m[K,
[2.941s]                  from [01m[K/home/rti/1_Projects/ros2_ws/src/cpp_pubsub/src/subscriber_member_function.cpp:18[m[K:
[2.942s] [01m[K/home/rti/1_Projects/ros2_ws/src/cpp_pubsub/src/subscriber_member_function.cpp:[m[K In member function ‘[01m[Kvoid MinimalSubscriber::topic_callback(const Num&) const[m[K’:
[2.942s] [01m[K/home/rti/1_Projects/ros2_ws/src/cpp_pubsub/src/subscriber_member_function.cpp:37:50:[m[K [01;31m[Kerror: [m[Kinvalid operands of types ‘[01m[Kconst char [11][m[K’ and ‘[01m[Kconst _num_type[m[K’ {aka ‘[01m[Kconst long int[m[K’} to binary ‘[01m[Koperator<<[m[K’
[2.943s]    37 |     RCLCPP_INFO(this->get_logger(), [32m[K"I heard: '"[m[K [01;31m[K<<[m[K [34m[Kmsg.num[m[K << "'");
[2.943s]       |                                     [32m[K~~~~~~~~~~~~[m[K [01;31m[K^~[m[K [34m[K~~~~~~~[m[K
[2.943s]       |                                     [32m[K|[m[K                   [34m[K|[m[K
[2.944s]       |                                     [32m[Kconst char [11][m[K     [34m[Kconst _num_type {aka const long int}[m[K
[4.227s] gmake[2]: *** [CMakeFiles/talker.dir/build.make:76: CMakeFiles/talker.dir/src/publisher_member_function.cpp.o] Error 1
[4.228s] gmake[1]: *** [CMakeFiles/Makefile2:139: CMakeFiles/talker.dir/all] Error 2
[4.228s] gmake[1]: *** Waiting for unfinished jobs....
[5.139s] gmake[2]: *** [CMakeFiles/listener.dir/build.make:76: CMakeFiles/listener.dir/src/subscriber_member_function.cpp.o] Error 1
[5.140s] gmake[1]: *** [CMakeFiles/Makefile2:165: CMakeFiles/listener.dir/all] Error 2
[5.140s] gmake: *** [Makefile:146: all] Error 2
[5.142s] Invoked command in '/home/rti/1_Projects/ros2_ws/build/cpp_pubsub' returned '2': CMAKE_PREFIX_PATH=/home/rti/1_Projects/ros2_ws/install/tutorial_interfaces:/home/rti/1_Projects/ros2_ws/install/cpp_pubsub:/home/rti/1_Projects/ros2_ws/install/cpp_srvcli:/opt/ros/iron /usr/bin/cmake --build /home/rti/1_Projects/ros2_ws/build/cpp_pubsub -- -j2 -l2
