[0.913s] DEBUG:colcon:Command line arguments: ['/usr/bin/colcon', 'build']
[0.913s] DEBUG:colcon:Parsed command line arguments: Namespace(log_base=None, log_level=None, verb_name='build', build_base='build', install_base='install', merge_install=False, symlink_install=False, test_result_base=None, continue_on_error=False, executor='parallel', parallel_workers=12, event_handlers=None, ignore_user_meta=False, metas=['./colcon.meta'], base_paths=['.'], packages_ignore=None, packages_ignore_regex=None, paths=None, packages_up_to=None, packages_up_to_regex=None, packages_above=None, packages_above_and_dependencies=None, packages_above_depth=None, packages_select_by_dep=None, packages_skip_by_dep=None, packages_skip_up_to=None, packages_select_build_failed=False, packages_skip_build_finished=False, packages_select_test_failures=False, packages_skip_test_passed=False, packages_select=None, packages_skip=None, packages_select_regex=None, packages_skip_regex=None, packages_start=None, packages_end=None, allow_overriding=[], cmake_args=None, cmake_target=None, cmake_target_skip_unavailable=False, cmake_clean_cache=False, cmake_clean_first=False, cmake_force_configure=False, ament_cmake_args=None, catkin_cmake_args=None, catkin_skip_building_tests=False, verb_parser=<colcon_defaults.argument_parser.defaults.DefaultArgumentsDecorator object at 0x7f4e13c5dcf0>, verb_extension=<colcon_core.verb.build.BuildVerb object at 0x7f4e13c5f5b0>, main=<bound method BuildVerb.main of <colcon_core.verb.build.BuildVerb object at 0x7f4e13c5f5b0>>)
[0.954s] Level 1:colcon.colcon_core.package_discovery:discover_packages(colcon_meta) check parameters
[0.954s] Level 1:colcon.colcon_core.package_discovery:discover_packages(recursive) check parameters
[0.954s] Level 1:colcon.colcon_core.package_discovery:discover_packages(ignore) check parameters
[0.954s] Level 1:colcon.colcon_core.package_discovery:discover_packages(path) check parameters
[0.955s] Level 1:colcon.colcon_core.package_discovery:discover_packages(colcon_meta) discover
[0.955s] Level 1:colcon.colcon_core.package_discovery:discover_packages(recursive) discover
[0.955s] INFO:colcon.colcon_core.package_discovery:Crawling recursively for packages in '/home/azh/1_Projects/ROS_P/ros2_ws'
[0.955s] Level 1:colcon.colcon_core.package_identification:_identify(.) by extensions ['ignore', 'ignore_ament_install']
[0.955s] Level 1:colcon.colcon_core.package_identification:_identify(.) by extension 'ignore'
[0.955s] Level 1:colcon.colcon_core.package_identification:_identify(.) by extension 'ignore_ament_install'
[0.955s] Level 1:colcon.colcon_core.package_identification:_identify(.) by extensions ['colcon_pkg']
[0.955s] Level 1:colcon.colcon_core.package_identification:_identify(.) by extension 'colcon_pkg'
[0.955s] Level 1:colcon.colcon_core.package_identification:_identify(.) by extensions ['colcon_meta']
[0.955s] Level 1:colcon.colcon_core.package_identification:_identify(.) by extension 'colcon_meta'
[0.955s] Level 1:colcon.colcon_core.package_identification:_identify(.) by extensions ['ros']
[0.955s] Level 1:colcon.colcon_core.package_identification:_identify(.) by extension 'ros'
[0.964s] Level 1:colcon.colcon_core.package_identification:_identify(.) by extensions ['cmake', 'python']
[0.964s] Level 1:colcon.colcon_core.package_identification:_identify(.) by extension 'cmake'
[0.965s] Level 1:colcon.colcon_core.package_identification:_identify(.) by extension 'python'
[0.965s] Level 1:colcon.colcon_core.package_identification:_identify(.) by extensions ['python_setup_py']
[0.965s] Level 1:colcon.colcon_core.package_identification:_identify(.) by extension 'python_setup_py'
[0.965s] Level 1:colcon.colcon_core.package_identification:_identify(build) by extensions ['ignore', 'ignore_ament_install']
[0.965s] Level 1:colcon.colcon_core.package_identification:_identify(build) by extension 'ignore'
[0.965s] Level 1:colcon.colcon_core.package_identification:_identify(build) ignored
[0.965s] Level 1:colcon.colcon_core.package_identification:_identify(install) by extensions ['ignore', 'ignore_ament_install']
[0.965s] Level 1:colcon.colcon_core.package_identification:_identify(install) by extension 'ignore'
[0.965s] Level 1:colcon.colcon_core.package_identification:_identify(install) ignored
[0.965s] Level 1:colcon.colcon_core.package_identification:_identify(log) by extensions ['ignore', 'ignore_ament_install']
[0.965s] Level 1:colcon.colcon_core.package_identification:_identify(log) by extension 'ignore'
[0.965s] Level 1:colcon.colcon_core.package_identification:_identify(log) ignored
[0.965s] Level 1:colcon.colcon_core.package_identification:_identify(src) by extensions ['ignore', 'ignore_ament_install']
[0.965s] Level 1:colcon.colcon_core.package_identification:_identify(src) by extension 'ignore'
[0.965s] Level 1:colcon.colcon_core.package_identification:_identify(src) by extension 'ignore_ament_install'
[0.965s] Level 1:colcon.colcon_core.package_identification:_identify(src) by extensions ['colcon_pkg']
[0.965s] Level 1:colcon.colcon_core.package_identification:_identify(src) by extension 'colcon_pkg'
[0.966s] Level 1:colcon.colcon_core.package_identification:_identify(src) by extensions ['colcon_meta']
[0.966s] Level 1:colcon.colcon_core.package_identification:_identify(src) by extension 'colcon_meta'
[0.966s] Level 1:colcon.colcon_core.package_identification:_identify(src) by extensions ['ros']
[0.966s] Level 1:colcon.colcon_core.package_identification:_identify(src) by extension 'ros'
[0.966s] Level 1:colcon.colcon_core.package_identification:_identify(src) by extensions ['cmake', 'python']
[0.966s] Level 1:colcon.colcon_core.package_identification:_identify(src) by extension 'cmake'
[0.966s] Level 1:colcon.colcon_core.package_identification:_identify(src) by extension 'python'
[0.966s] Level 1:colcon.colcon_core.package_identification:_identify(src) by extensions ['python_setup_py']
[0.966s] Level 1:colcon.colcon_core.package_identification:_identify(src) by extension 'python_setup_py'
[0.966s] Level 1:colcon.colcon_core.package_identification:_identify(src/cpp_pubsub) by extensions ['ignore', 'ignore_ament_install']
[0.966s] Level 1:colcon.colcon_core.package_identification:_identify(src/cpp_pubsub) by extension 'ignore'
[0.966s] Level 1:colcon.colcon_core.package_identification:_identify(src/cpp_pubsub) by extension 'ignore_ament_install'
[0.966s] Level 1:colcon.colcon_core.package_identification:_identify(src/cpp_pubsub) by extensions ['colcon_pkg']
[0.966s] Level 1:colcon.colcon_core.package_identification:_identify(src/cpp_pubsub) by extension 'colcon_pkg'
[0.966s] Level 1:colcon.colcon_core.package_identification:_identify(src/cpp_pubsub) by extensions ['colcon_meta']
[0.966s] Level 1:colcon.colcon_core.package_identification:_identify(src/cpp_pubsub) by extension 'colcon_meta'
[0.966s] Level 1:colcon.colcon_core.package_identification:_identify(src/cpp_pubsub) by extensions ['ros']
[0.966s] Level 1:colcon.colcon_core.package_identification:_identify(src/cpp_pubsub) by extension 'ros'
[0.968s] DEBUG:colcon.colcon_core.package_identification:Package 'src/cpp_pubsub' with type 'ros.ament_cmake' and name 'cpp_pubsub'
[0.968s] Level 1:colcon.colcon_core.package_identification:_identify(src/cpp_srvcli) by extensions ['ignore', 'ignore_ament_install']
[0.968s] Level 1:colcon.colcon_core.package_identification:_identify(src/cpp_srvcli) by extension 'ignore'
[0.968s] Level 1:colcon.colcon_core.package_identification:_identify(src/cpp_srvcli) by extension 'ignore_ament_install'
[0.968s] Level 1:colcon.colcon_core.package_identification:_identify(src/cpp_srvcli) by extensions ['colcon_pkg']
[0.969s] Level 1:colcon.colcon_core.package_identification:_identify(src/cpp_srvcli) by extension 'colcon_pkg'
[0.969s] Level 1:colcon.colcon_core.package_identification:_identify(src/cpp_srvcli) by extensions ['colcon_meta']
[0.969s] Level 1:colcon.colcon_core.package_identification:_identify(src/cpp_srvcli) by extension 'colcon_meta'
[0.969s] Level 1:colcon.colcon_core.package_identification:_identify(src/cpp_srvcli) by extensions ['ros']
[0.969s] Level 1:colcon.colcon_core.package_identification:_identify(src/cpp_srvcli) by extension 'ros'
[0.969s] DEBUG:colcon.colcon_core.package_identification:Package 'src/cpp_srvcli' with type 'ros.ament_cmake' and name 'cpp_srvcli'
[0.969s] Level 1:colcon.colcon_core.package_identification:_identify(src/more_interfaces) by extensions ['ignore', 'ignore_ament_install']
[0.969s] Level 1:colcon.colcon_core.package_identification:_identify(src/more_interfaces) by extension 'ignore'
[0.969s] Level 1:colcon.colcon_core.package_identification:_identify(src/more_interfaces) by extension 'ignore_ament_install'
[0.969s] Level 1:colcon.colcon_core.package_identification:_identify(src/more_interfaces) by extensions ['colcon_pkg']
[0.969s] Level 1:colcon.colcon_core.package_identification:_identify(src/more_interfaces) by extension 'colcon_pkg'
[0.969s] Level 1:colcon.colcon_core.package_identification:_identify(src/more_interfaces) by extensions ['colcon_meta']
[0.969s] Level 1:colcon.colcon_core.package_identification:_identify(src/more_interfaces) by extension 'colcon_meta'
[0.970s] Level 1:colcon.colcon_core.package_identification:_identify(src/more_interfaces) by extensions ['ros']
[0.970s] Level 1:colcon.colcon_core.package_identification:_identify(src/more_interfaces) by extension 'ros'
[0.970s] DEBUG:colcon.colcon_core.package_identification:Package 'src/more_interfaces' with type 'ros.ament_cmake' and name 'more_interfaces'
[0.970s] Level 1:colcon.colcon_core.package_identification:_identify(src/tutorial_interfaces) by extensions ['ignore', 'ignore_ament_install']
[0.970s] Level 1:colcon.colcon_core.package_identification:_identify(src/tutorial_interfaces) by extension 'ignore'
[0.970s] Level 1:colcon.colcon_core.package_identification:_identify(src/tutorial_interfaces) by extension 'ignore_ament_install'
[0.970s] Level 1:colcon.colcon_core.package_identification:_identify(src/tutorial_interfaces) by extensions ['colcon_pkg']
[0.970s] Level 1:colcon.colcon_core.package_identification:_identify(src/tutorial_interfaces) by extension 'colcon_pkg'
[0.970s] Level 1:colcon.colcon_core.package_identification:_identify(src/tutorial_interfaces) by extensions ['colcon_meta']
[0.970s] Level 1:colcon.colcon_core.package_identification:_identify(src/tutorial_interfaces) by extension 'colcon_meta'
[0.970s] Level 1:colcon.colcon_core.package_identification:_identify(src/tutorial_interfaces) by extensions ['ros']
[0.970s] Level 1:colcon.colcon_core.package_identification:_identify(src/tutorial_interfaces) by extension 'ros'
[0.971s] DEBUG:colcon.colcon_core.package_identification:Package 'src/tutorial_interfaces' with type 'ros.ament_cmake' and name 'tutorial_interfaces'
[0.971s] Level 1:colcon.colcon_core.package_discovery:discover_packages(recursive) using defaults
[0.971s] Level 1:colcon.colcon_core.package_discovery:discover_packages(ignore) discover
[0.971s] Level 1:colcon.colcon_core.package_discovery:discover_packages(ignore) using defaults
[0.971s] Level 1:colcon.colcon_core.package_discovery:discover_packages(path) discover
[0.971s] Level 1:colcon.colcon_core.package_discovery:discover_packages(path) using defaults
[1.056s] Level 1:colcon.colcon_core.package_discovery:discover_packages(prefix_path) check parameters
[1.056s] Level 1:colcon.colcon_core.package_discovery:discover_packages(prefix_path) discover
[1.084s] DEBUG:colcon.colcon_installed_package_information.package_discovery:Found 4 installed packages in /home/azh/1_Projects/ROS_P/ros2_ws/install
[1.098s] DEBUG:colcon.colcon_installed_package_information.package_discovery:Found 318 installed packages in /opt/ros/iron
[1.099s] Level 1:colcon.colcon_core.package_discovery:discover_packages(prefix_path) using defaults
[1.182s] Level 5:colcon.colcon_core.verb:set package 'cpp_srvcli' build argument 'cmake_args' from command line to 'None'
[1.182s] Level 5:colcon.colcon_core.verb:set package 'cpp_srvcli' build argument 'cmake_target' from command line to 'None'
[1.182s] Level 5:colcon.colcon_core.verb:set package 'cpp_srvcli' build argument 'cmake_target_skip_unavailable' from command line to 'False'
[1.182s] Level 5:colcon.colcon_core.verb:set package 'cpp_srvcli' build argument 'cmake_clean_cache' from command line to 'False'
[1.182s] Level 5:colcon.colcon_core.verb:set package 'cpp_srvcli' build argument 'cmake_clean_first' from command line to 'False'
[1.182s] Level 5:colcon.colcon_core.verb:set package 'cpp_srvcli' build argument 'cmake_force_configure' from command line to 'False'
[1.182s] Level 5:colcon.colcon_core.verb:set package 'cpp_srvcli' build argument 'ament_cmake_args' from command line to 'None'
[1.182s] Level 5:colcon.colcon_core.verb:set package 'cpp_srvcli' build argument 'catkin_cmake_args' from command line to 'None'
[1.182s] Level 5:colcon.colcon_core.verb:set package 'cpp_srvcli' build argument 'catkin_skip_building_tests' from command line to 'False'
[1.182s] DEBUG:colcon.colcon_core.verb:Building package 'cpp_srvcli' with the following arguments: {'ament_cmake_args': None, 'build_base': '/home/azh/1_Projects/ROS_P/ros2_ws/build/cpp_srvcli', 'catkin_cmake_args': None, 'catkin_skip_building_tests': False, 'cmake_args': None, 'cmake_clean_cache': False, 'cmake_clean_first': False, 'cmake_force_configure': False, 'cmake_target': None, 'cmake_target_skip_unavailable': False, 'install_base': '/home/azh/1_Projects/ROS_P/ros2_ws/install/cpp_srvcli', 'merge_install': False, 'path': '/home/azh/1_Projects/ROS_P/ros2_ws/src/cpp_srvcli', 'symlink_install': False, 'test_result_base': None}
[1.196s] Level 5:colcon.colcon_core.verb:set package 'more_interfaces' build argument 'cmake_args' from command line to 'None'
[1.196s] Level 5:colcon.colcon_core.verb:set package 'more_interfaces' build argument 'cmake_target' from command line to 'None'
[1.196s] Level 5:colcon.colcon_core.verb:set package 'more_interfaces' build argument 'cmake_target_skip_unavailable' from command line to 'False'
[1.196s] Level 5:colcon.colcon_core.verb:set package 'more_interfaces' build argument 'cmake_clean_cache' from command line to 'False'
[1.196s] Level 5:colcon.colcon_core.verb:set package 'more_interfaces' build argument 'cmake_clean_first' from command line to 'False'
[1.196s] Level 5:colcon.colcon_core.verb:set package 'more_interfaces' build argument 'cmake_force_configure' from command line to 'False'
[1.196s] Level 5:colcon.colcon_core.verb:set package 'more_interfaces' build argument 'ament_cmake_args' from command line to 'None'
[1.196s] Level 5:colcon.colcon_core.verb:set package 'more_interfaces' build argument 'catkin_cmake_args' from command line to 'None'
[1.196s] Level 5:colcon.colcon_core.verb:set package 'more_interfaces' build argument 'catkin_skip_building_tests' from command line to 'False'
[1.196s] DEBUG:colcon.colcon_core.verb:Building package 'more_interfaces' with the following arguments: {'ament_cmake_args': None, 'build_base': '/home/azh/1_Projects/ROS_P/ros2_ws/build/more_interfaces', 'catkin_cmake_args': None, 'catkin_skip_building_tests': False, 'cmake_args': None, 'cmake_clean_cache': False, 'cmake_clean_first': False, 'cmake_force_configure': False, 'cmake_target': None, 'cmake_target_skip_unavailable': False, 'install_base': '/home/azh/1_Projects/ROS_P/ros2_ws/install/more_interfaces', 'merge_install': False, 'path': '/home/azh/1_Projects/ROS_P/ros2_ws/src/more_interfaces', 'symlink_install': False, 'test_result_base': None}
[1.210s] Level 5:colcon.colcon_core.verb:set package 'tutorial_interfaces' build argument 'cmake_args' from command line to 'None'
[1.210s] Level 5:colcon.colcon_core.verb:set package 'tutorial_interfaces' build argument 'cmake_target' from command line to 'None'
[1.210s] Level 5:colcon.colcon_core.verb:set package 'tutorial_interfaces' build argument 'cmake_target_skip_unavailable' from command line to 'False'
[1.210s] Level 5:colcon.colcon_core.verb:set package 'tutorial_interfaces' build argument 'cmake_clean_cache' from command line to 'False'
[1.210s] Level 5:colcon.colcon_core.verb:set package 'tutorial_interfaces' build argument 'cmake_clean_first' from command line to 'False'
[1.210s] Level 5:colcon.colcon_core.verb:set package 'tutorial_interfaces' build argument 'cmake_force_configure' from command line to 'False'
[1.210s] Level 5:colcon.colcon_core.verb:set package 'tutorial_interfaces' build argument 'ament_cmake_args' from command line to 'None'
[1.210s] Level 5:colcon.colcon_core.verb:set package 'tutorial_interfaces' build argument 'catkin_cmake_args' from command line to 'None'
[1.210s] Level 5:colcon.colcon_core.verb:set package 'tutorial_interfaces' build argument 'catkin_skip_building_tests' from command line to 'False'
[1.210s] DEBUG:colcon.colcon_core.verb:Building package 'tutorial_interfaces' with the following arguments: {'ament_cmake_args': None, 'build_base': '/home/azh/1_Projects/ROS_P/ros2_ws/build/tutorial_interfaces', 'catkin_cmake_args': None, 'catkin_skip_building_tests': False, 'cmake_args': None, 'cmake_clean_cache': False, 'cmake_clean_first': False, 'cmake_force_configure': False, 'cmake_target': None, 'cmake_target_skip_unavailable': False, 'install_base': '/home/azh/1_Projects/ROS_P/ros2_ws/install/tutorial_interfaces', 'merge_install': False, 'path': '/home/azh/1_Projects/ROS_P/ros2_ws/src/tutorial_interfaces', 'symlink_install': False, 'test_result_base': None}
[1.224s] Level 5:colcon.colcon_core.verb:set package 'cpp_pubsub' build argument 'cmake_args' from command line to 'None'
[1.224s] Level 5:colcon.colcon_core.verb:set package 'cpp_pubsub' build argument 'cmake_target' from command line to 'None'
[1.224s] Level 5:colcon.colcon_core.verb:set package 'cpp_pubsub' build argument 'cmake_target_skip_unavailable' from command line to 'False'
[1.224s] Level 5:colcon.colcon_core.verb:set package 'cpp_pubsub' build argument 'cmake_clean_cache' from command line to 'False'
[1.224s] Level 5:colcon.colcon_core.verb:set package 'cpp_pubsub' build argument 'cmake_clean_first' from command line to 'False'
[1.224s] Level 5:colcon.colcon_core.verb:set package 'cpp_pubsub' build argument 'cmake_force_configure' from command line to 'False'
[1.224s] Level 5:colcon.colcon_core.verb:set package 'cpp_pubsub' build argument 'ament_cmake_args' from command line to 'None'
[1.224s] Level 5:colcon.colcon_core.verb:set package 'cpp_pubsub' build argument 'catkin_cmake_args' from command line to 'None'
[1.224s] Level 5:colcon.colcon_core.verb:set package 'cpp_pubsub' build argument 'catkin_skip_building_tests' from command line to 'False'
[1.224s] DEBUG:colcon.colcon_core.verb:Building package 'cpp_pubsub' with the following arguments: {'ament_cmake_args': None, 'build_base': '/home/azh/1_Projects/ROS_P/ros2_ws/build/cpp_pubsub', 'catkin_cmake_args': None, 'catkin_skip_building_tests': False, 'cmake_args': None, 'cmake_clean_cache': False, 'cmake_clean_first': False, 'cmake_force_configure': False, 'cmake_target': None, 'cmake_target_skip_unavailable': False, 'install_base': '/home/azh/1_Projects/ROS_P/ros2_ws/install/cpp_pubsub', 'merge_install': False, 'path': '/home/azh/1_Projects/ROS_P/ros2_ws/src/cpp_pubsub', 'symlink_install': False, 'test_result_base': None}
[1.237s] INFO:colcon.colcon_core.executor:Executing jobs using 'parallel' executor
[1.251s] DEBUG:colcon.colcon_parallel_executor.executor.parallel:run_until_complete
[1.251s] INFO:colcon.colcon_ros.task.ament_cmake.build:Building ROS package in '/home/azh/1_Projects/ROS_P/ros2_ws/src/tutorial_interfaces' with build type 'ament_cmake'
[1.251s] INFO:colcon.colcon_cmake.task.cmake.build:Building CMake package in '/home/azh/1_Projects/ROS_P/ros2_ws/src/tutorial_interfaces'
[1.267s] INFO:colcon.colcon_core.plugin_system:Skipping extension 'colcon_core.shell.bat': Not used on non-Windows systems
[1.267s] INFO:colcon.colcon_core.shell:Skip shell extension 'powershell' for command environment: Not usable outside of PowerShell
[1.267s] DEBUG:colcon.colcon_core.shell:Skip shell extension 'dsv' for command environment
[1.311s] INFO:colcon.colcon_ros.task.ament_cmake.build:Building ROS package in '/home/azh/1_Projects/ROS_P/ros2_ws/src/cpp_srvcli' with build type 'ament_cmake'
[1.312s] INFO:colcon.colcon_cmake.task.cmake.build:Building CMake package in '/home/azh/1_Projects/ROS_P/ros2_ws/src/cpp_srvcli'
[1.328s] INFO:colcon.colcon_core.shell:Skip shell extension 'powershell' for command environment: Not usable outside of PowerShell
[1.328s] DEBUG:colcon.colcon_core.shell:Skip shell extension 'dsv' for command environment
[1.375s] INFO:colcon.colcon_ros.task.ament_cmake.build:Building ROS package in '/home/azh/1_Projects/ROS_P/ros2_ws/src/more_interfaces' with build type 'ament_cmake'
[1.375s] INFO:colcon.colcon_cmake.task.cmake.build:Building CMake package in '/home/azh/1_Projects/ROS_P/ros2_ws/src/more_interfaces'
[1.389s] INFO:colcon.colcon_core.shell:Skip shell extension 'powershell' for command environment: Not usable outside of PowerShell
[1.389s] DEBUG:colcon.colcon_core.shell:Skip shell extension 'dsv' for command environment
[1.436s] DEBUG:colcon.colcon_core.event_handler.log_command:Invoking command in '/home/azh/1_Projects/ROS_P/ros2_ws/build/tutorial_interfaces': CMAKE_PREFIX_PATH=${CMAKE_PREFIX_PATH}:/opt/ros/iron /usr/bin/cmake --build /home/azh/1_Projects/ROS_P/ros2_ws/build/tutorial_interfaces -- -j12 -l12
[1.440s] DEBUG:colcon.colcon_core.event_handler.log_command:Invoking command in '/home/azh/1_Projects/ROS_P/ros2_ws/build/cpp_srvcli': CMAKE_PREFIX_PATH=${CMAKE_PREFIX_PATH}:/opt/ros/iron /usr/bin/cmake --build /home/azh/1_Projects/ROS_P/ros2_ws/build/cpp_srvcli -- -j12 -l12
[1.444s] DEBUG:colcon.colcon_core.event_handler.log_command:Invoking command in '/home/azh/1_Projects/ROS_P/ros2_ws/build/more_interfaces': CMAKE_PREFIX_PATH=${CMAKE_PREFIX_PATH}:/opt/ros/iron /usr/bin/cmake --build /home/azh/1_Projects/ROS_P/ros2_ws/build/more_interfaces -- -j12 -l12
[1.517s] DEBUG:colcon.colcon_core.event_handler.log_command:Invoked command in '/home/azh/1_Projects/ROS_P/ros2_ws/build/cpp_srvcli' returned '0': CMAKE_PREFIX_PATH=${CMAKE_PREFIX_PATH}:/opt/ros/iron /usr/bin/cmake --build /home/azh/1_Projects/ROS_P/ros2_ws/build/cpp_srvcli -- -j12 -l12
[1.575s] DEBUG:colcon.colcon_core.event_handler.log_command:Invoking command in '/home/azh/1_Projects/ROS_P/ros2_ws/build/cpp_srvcli': CMAKE_PREFIX_PATH=${CMAKE_PREFIX_PATH}:/opt/ros/iron /usr/bin/cmake --install /home/azh/1_Projects/ROS_P/ros2_ws/build/cpp_srvcli
[1.589s] Level 1:colcon.colcon_core.environment:create_environment_scripts_only(cpp_srvcli)
[1.591s] DEBUG:colcon.colcon_core.event_handler.log_command:Invoked command in '/home/azh/1_Projects/ROS_P/ros2_ws/build/cpp_srvcli' returned '0': CMAKE_PREFIX_PATH=${CMAKE_PREFIX_PATH}:/opt/ros/iron /usr/bin/cmake --install /home/azh/1_Projects/ROS_P/ros2_ws/build/cpp_srvcli
[1.622s] Level 1:colcon.colcon_core.environment:checking '/home/azh/1_Projects/ROS_P/ros2_ws/install/cpp_srvcli' for CMake module files
[1.622s] Level 1:colcon.colcon_core.environment:checking '/home/azh/1_Projects/ROS_P/ros2_ws/install/cpp_srvcli' for CMake config files
[1.623s] Level 1:colcon.colcon_core.shell:create_environment_hook('cpp_srvcli', 'cmake_prefix_path')
[1.652s] INFO:colcon.colcon_core.shell:Creating environment hook '/home/azh/1_Projects/ROS_P/ros2_ws/install/cpp_srvcli/share/cpp_srvcli/hook/cmake_prefix_path.ps1'
[1.653s] INFO:colcon.colcon_core.shell:Creating environment descriptor '/home/azh/1_Projects/ROS_P/ros2_ws/install/cpp_srvcli/share/cpp_srvcli/hook/cmake_prefix_path.dsv'
[1.654s] INFO:colcon.colcon_core.shell:Creating environment hook '/home/azh/1_Projects/ROS_P/ros2_ws/install/cpp_srvcli/share/cpp_srvcli/hook/cmake_prefix_path.sh'
[1.655s] Level 1:colcon.colcon_core.environment:checking '/home/azh/1_Projects/ROS_P/ros2_ws/install/cpp_srvcli/lib'
[1.655s] Level 1:colcon.colcon_core.environment:checking '/home/azh/1_Projects/ROS_P/ros2_ws/install/cpp_srvcli/bin'
[1.656s] Level 1:colcon.colcon_core.environment:checking '/home/azh/1_Projects/ROS_P/ros2_ws/install/cpp_srvcli/lib/pkgconfig/cpp_srvcli.pc'
[1.656s] Level 1:colcon.colcon_core.environment:checking '/home/azh/1_Projects/ROS_P/ros2_ws/install/cpp_srvcli/lib/python3.10/site-packages'
[1.656s] Level 1:colcon.colcon_core.environment:checking '/home/azh/1_Projects/ROS_P/ros2_ws/install/cpp_srvcli/bin'
[1.684s] INFO:colcon.colcon_core.shell:Creating package script '/home/azh/1_Projects/ROS_P/ros2_ws/install/cpp_srvcli/share/cpp_srvcli/package.ps1'
[1.685s] INFO:colcon.colcon_core.shell:Creating package descriptor '/home/azh/1_Projects/ROS_P/ros2_ws/install/cpp_srvcli/share/cpp_srvcli/package.dsv'
[1.686s] INFO:colcon.colcon_core.shell:Creating package script '/home/azh/1_Projects/ROS_P/ros2_ws/install/cpp_srvcli/share/cpp_srvcli/package.sh'
[1.687s] INFO:colcon.colcon_core.shell:Creating package script '/home/azh/1_Projects/ROS_P/ros2_ws/install/cpp_srvcli/share/cpp_srvcli/package.bash'
[1.688s] INFO:colcon.colcon_core.shell:Creating package script '/home/azh/1_Projects/ROS_P/ros2_ws/install/cpp_srvcli/share/cpp_srvcli/package.zsh'
[1.689s] Level 1:colcon.colcon_core.environment:create_file_with_runtime_dependencies(/home/azh/1_Projects/ROS_P/ros2_ws/install/cpp_srvcli/share/colcon-core/packages/cpp_srvcli)
[1.741s] Level 1:colcon.colcon_core.environment:create_environment_scripts_only(cpp_srvcli)
[1.766s] Level 1:colcon.colcon_core.environment:checking '/home/azh/1_Projects/ROS_P/ros2_ws/install/cpp_srvcli' for CMake module files
[1.767s] Level 1:colcon.colcon_core.environment:checking '/home/azh/1_Projects/ROS_P/ros2_ws/install/cpp_srvcli' for CMake config files
[1.767s] Level 1:colcon.colcon_core.shell:create_environment_hook('cpp_srvcli', 'cmake_prefix_path')
[1.792s] INFO:colcon.colcon_core.shell:Creating environment hook '/home/azh/1_Projects/ROS_P/ros2_ws/install/cpp_srvcli/share/cpp_srvcli/hook/cmake_prefix_path.ps1'
[1.793s] INFO:colcon.colcon_core.shell:Creating environment descriptor '/home/azh/1_Projects/ROS_P/ros2_ws/install/cpp_srvcli/share/cpp_srvcli/hook/cmake_prefix_path.dsv'
[1.793s] INFO:colcon.colcon_core.shell:Creating environment hook '/home/azh/1_Projects/ROS_P/ros2_ws/install/cpp_srvcli/share/cpp_srvcli/hook/cmake_prefix_path.sh'
[1.793s] Level 1:colcon.colcon_core.environment:checking '/home/azh/1_Projects/ROS_P/ros2_ws/install/cpp_srvcli/lib'
[1.793s] Level 1:colcon.colcon_core.environment:checking '/home/azh/1_Projects/ROS_P/ros2_ws/install/cpp_srvcli/bin'
[1.794s] Level 1:colcon.colcon_core.environment:checking '/home/azh/1_Projects/ROS_P/ros2_ws/install/cpp_srvcli/lib/pkgconfig/cpp_srvcli.pc'
[1.794s] Level 1:colcon.colcon_core.environment:checking '/home/azh/1_Projects/ROS_P/ros2_ws/install/cpp_srvcli/lib/python3.10/site-packages'
[1.794s] Level 1:colcon.colcon_core.environment:checking '/home/azh/1_Projects/ROS_P/ros2_ws/install/cpp_srvcli/bin'
[1.816s] INFO:colcon.colcon_core.shell:Creating package script '/home/azh/1_Projects/ROS_P/ros2_ws/install/cpp_srvcli/share/cpp_srvcli/package.ps1'
[1.817s] INFO:colcon.colcon_core.shell:Creating package descriptor '/home/azh/1_Projects/ROS_P/ros2_ws/install/cpp_srvcli/share/cpp_srvcli/package.dsv'
[1.818s] INFO:colcon.colcon_core.shell:Creating package script '/home/azh/1_Projects/ROS_P/ros2_ws/install/cpp_srvcli/share/cpp_srvcli/package.sh'
[1.818s] INFO:colcon.colcon_core.shell:Creating package script '/home/azh/1_Projects/ROS_P/ros2_ws/install/cpp_srvcli/share/cpp_srvcli/package.bash'
[1.819s] INFO:colcon.colcon_core.shell:Creating package script '/home/azh/1_Projects/ROS_P/ros2_ws/install/cpp_srvcli/share/cpp_srvcli/package.zsh'
[1.819s] Level 1:colcon.colcon_core.environment:create_file_with_runtime_dependencies(/home/azh/1_Projects/ROS_P/ros2_ws/install/cpp_srvcli/share/colcon-core/packages/cpp_srvcli)
[1.841s] DEBUG:colcon.colcon_core.event_handler.log_command:Invoked command in '/home/azh/1_Projects/ROS_P/ros2_ws/build/tutorial_interfaces' returned '0': CMAKE_PREFIX_PATH=${CMAKE_PREFIX_PATH}:/opt/ros/iron /usr/bin/cmake --build /home/azh/1_Projects/ROS_P/ros2_ws/build/tutorial_interfaces -- -j12 -l12
[1.847s] DEBUG:colcon.colcon_core.event_handler.log_command:Invoked command in '/home/azh/1_Projects/ROS_P/ros2_ws/build/more_interfaces' returned '0': CMAKE_PREFIX_PATH=${CMAKE_PREFIX_PATH}:/opt/ros/iron /usr/bin/cmake --build /home/azh/1_Projects/ROS_P/ros2_ws/build/more_interfaces -- -j12 -l12
[1.904s] DEBUG:colcon.colcon_core.event_handler.log_command:Invoking command in '/home/azh/1_Projects/ROS_P/ros2_ws/build/more_interfaces': CMAKE_PREFIX_PATH=${CMAKE_PREFIX_PATH}:/opt/ros/iron /usr/bin/cmake --install /home/azh/1_Projects/ROS_P/ros2_ws/build/more_interfaces
[1.932s] DEBUG:colcon.colcon_core.event_handler.log_command:Invoking command in '/home/azh/1_Projects/ROS_P/ros2_ws/build/tutorial_interfaces': CMAKE_PREFIX_PATH=${CMAKE_PREFIX_PATH}:/opt/ros/iron /usr/bin/cmake --install /home/azh/1_Projects/ROS_P/ros2_ws/build/tutorial_interfaces
[1.956s] Level 1:colcon.colcon_core.environment:create_environment_scripts_only(more_interfaces)
[1.956s] DEBUG:colcon.colcon_core.event_handler.log_command:Invoked command in '/home/azh/1_Projects/ROS_P/ros2_ws/build/more_interfaces' returned '0': CMAKE_PREFIX_PATH=${CMAKE_PREFIX_PATH}:/opt/ros/iron /usr/bin/cmake --install /home/azh/1_Projects/ROS_P/ros2_ws/build/more_interfaces
[1.983s] Level 1:colcon.colcon_core.environment:checking '/home/azh/1_Projects/ROS_P/ros2_ws/install/more_interfaces' for CMake module files
[1.984s] Level 1:colcon.colcon_core.environment:checking '/home/azh/1_Projects/ROS_P/ros2_ws/install/more_interfaces' for CMake config files
[1.984s] Level 1:colcon.colcon_core.shell:create_environment_hook('more_interfaces', 'cmake_prefix_path')
[2.004s] INFO:colcon.colcon_core.shell:Creating environment hook '/home/azh/1_Projects/ROS_P/ros2_ws/install/more_interfaces/share/more_interfaces/hook/cmake_prefix_path.ps1'
[2.004s] INFO:colcon.colcon_core.shell:Creating environment descriptor '/home/azh/1_Projects/ROS_P/ros2_ws/install/more_interfaces/share/more_interfaces/hook/cmake_prefix_path.dsv'
[2.004s] INFO:colcon.colcon_core.shell:Creating environment hook '/home/azh/1_Projects/ROS_P/ros2_ws/install/more_interfaces/share/more_interfaces/hook/cmake_prefix_path.sh'
[2.005s] Level 1:colcon.colcon_core.environment:checking '/home/azh/1_Projects/ROS_P/ros2_ws/install/more_interfaces/lib'
[2.005s] Level 1:colcon.colcon_core.shell:create_environment_hook('more_interfaces', 'ld_library_path_lib')
[2.019s] INFO:colcon.colcon_core.shell:Creating environment hook '/home/azh/1_Projects/ROS_P/ros2_ws/install/more_interfaces/share/more_interfaces/hook/ld_library_path_lib.ps1'
[2.019s] INFO:colcon.colcon_core.shell:Creating environment descriptor '/home/azh/1_Projects/ROS_P/ros2_ws/install/more_interfaces/share/more_interfaces/hook/ld_library_path_lib.dsv'
[2.019s] INFO:colcon.colcon_core.shell:Creating environment hook '/home/azh/1_Projects/ROS_P/ros2_ws/install/more_interfaces/share/more_interfaces/hook/ld_library_path_lib.sh'
[2.020s] Level 1:colcon.colcon_core.environment:checking '/home/azh/1_Projects/ROS_P/ros2_ws/install/more_interfaces/bin'
[2.020s] Level 1:colcon.colcon_core.environment:checking '/home/azh/1_Projects/ROS_P/ros2_ws/install/more_interfaces/lib/pkgconfig/more_interfaces.pc'
[2.020s] Level 1:colcon.colcon_core.environment:checking '/home/azh/1_Projects/ROS_P/ros2_ws/install/more_interfaces/lib/python3.10/site-packages'
[2.020s] Level 1:colcon.colcon_core.shell:create_environment_hook('more_interfaces', 'pythonpath')
[2.034s] INFO:colcon.colcon_core.shell:Creating environment hook '/home/azh/1_Projects/ROS_P/ros2_ws/install/more_interfaces/share/more_interfaces/hook/pythonpath.ps1'
[2.034s] INFO:colcon.colcon_core.shell:Creating environment descriptor '/home/azh/1_Projects/ROS_P/ros2_ws/install/more_interfaces/share/more_interfaces/hook/pythonpath.dsv'
[2.035s] INFO:colcon.colcon_core.shell:Creating environment hook '/home/azh/1_Projects/ROS_P/ros2_ws/install/more_interfaces/share/more_interfaces/hook/pythonpath.sh'
[2.035s] Level 1:colcon.colcon_core.environment:checking '/home/azh/1_Projects/ROS_P/ros2_ws/install/more_interfaces/bin'
[2.049s] INFO:colcon.colcon_core.shell:Creating package script '/home/azh/1_Projects/ROS_P/ros2_ws/install/more_interfaces/share/more_interfaces/package.ps1'
[2.050s] INFO:colcon.colcon_core.shell:Creating package descriptor '/home/azh/1_Projects/ROS_P/ros2_ws/install/more_interfaces/share/more_interfaces/package.dsv'
[2.050s] INFO:colcon.colcon_core.shell:Creating package script '/home/azh/1_Projects/ROS_P/ros2_ws/install/more_interfaces/share/more_interfaces/package.sh'
[2.050s] INFO:colcon.colcon_core.shell:Creating package script '/home/azh/1_Projects/ROS_P/ros2_ws/install/more_interfaces/share/more_interfaces/package.bash'
[2.051s] INFO:colcon.colcon_core.shell:Creating package script '/home/azh/1_Projects/ROS_P/ros2_ws/install/more_interfaces/share/more_interfaces/package.zsh'
[2.051s] Level 1:colcon.colcon_core.environment:create_file_with_runtime_dependencies(/home/azh/1_Projects/ROS_P/ros2_ws/install/more_interfaces/share/colcon-core/packages/more_interfaces)
[2.052s] Level 1:colcon.colcon_core.environment:create_environment_scripts_only(tutorial_interfaces)
[2.053s] DEBUG:colcon.colcon_core.event_handler.log_command:Invoked command in '/home/azh/1_Projects/ROS_P/ros2_ws/build/tutorial_interfaces' returned '0': CMAKE_PREFIX_PATH=${CMAKE_PREFIX_PATH}:/opt/ros/iron /usr/bin/cmake --install /home/azh/1_Projects/ROS_P/ros2_ws/build/tutorial_interfaces
[2.067s] Level 1:colcon.colcon_core.environment:checking '/home/azh/1_Projects/ROS_P/ros2_ws/install/tutorial_interfaces' for CMake module files
[2.068s] Level 1:colcon.colcon_core.environment:checking '/home/azh/1_Projects/ROS_P/ros2_ws/install/tutorial_interfaces' for CMake config files
[2.069s] Level 1:colcon.colcon_core.shell:create_environment_hook('tutorial_interfaces', 'cmake_prefix_path')
[2.083s] INFO:colcon.colcon_core.shell:Creating environment hook '/home/azh/1_Projects/ROS_P/ros2_ws/install/tutorial_interfaces/share/tutorial_interfaces/hook/cmake_prefix_path.ps1'
[2.084s] INFO:colcon.colcon_core.shell:Creating environment descriptor '/home/azh/1_Projects/ROS_P/ros2_ws/install/tutorial_interfaces/share/tutorial_interfaces/hook/cmake_prefix_path.dsv'
[2.084s] INFO:colcon.colcon_core.shell:Creating environment hook '/home/azh/1_Projects/ROS_P/ros2_ws/install/tutorial_interfaces/share/tutorial_interfaces/hook/cmake_prefix_path.sh'
[2.084s] Level 1:colcon.colcon_core.environment:checking '/home/azh/1_Projects/ROS_P/ros2_ws/install/tutorial_interfaces/lib'
[2.084s] Level 1:colcon.colcon_core.shell:create_environment_hook('tutorial_interfaces', 'ld_library_path_lib')
[2.099s] INFO:colcon.colcon_core.shell:Creating environment hook '/home/azh/1_Projects/ROS_P/ros2_ws/install/tutorial_interfaces/share/tutorial_interfaces/hook/ld_library_path_lib.ps1'
[2.099s] INFO:colcon.colcon_core.shell:Creating environment descriptor '/home/azh/1_Projects/ROS_P/ros2_ws/install/tutorial_interfaces/share/tutorial_interfaces/hook/ld_library_path_lib.dsv'
[2.099s] INFO:colcon.colcon_core.shell:Creating environment hook '/home/azh/1_Projects/ROS_P/ros2_ws/install/tutorial_interfaces/share/tutorial_interfaces/hook/ld_library_path_lib.sh'
[2.100s] Level 1:colcon.colcon_core.environment:checking '/home/azh/1_Projects/ROS_P/ros2_ws/install/tutorial_interfaces/bin'
[2.100s] Level 1:colcon.colcon_core.environment:checking '/home/azh/1_Projects/ROS_P/ros2_ws/install/tutorial_interfaces/lib/pkgconfig/tutorial_interfaces.pc'
[2.100s] Level 1:colcon.colcon_core.environment:checking '/home/azh/1_Projects/ROS_P/ros2_ws/install/tutorial_interfaces/lib/python3.10/site-packages'
[2.100s] Level 1:colcon.colcon_core.shell:create_environment_hook('tutorial_interfaces', 'pythonpath')
[2.114s] INFO:colcon.colcon_core.shell:Creating environment hook '/home/azh/1_Projects/ROS_P/ros2_ws/install/tutorial_interfaces/share/tutorial_interfaces/hook/pythonpath.ps1'
[2.115s] INFO:colcon.colcon_core.shell:Creating environment descriptor '/home/azh/1_Projects/ROS_P/ros2_ws/install/tutorial_interfaces/share/tutorial_interfaces/hook/pythonpath.dsv'
[2.115s] INFO:colcon.colcon_core.shell:Creating environment hook '/home/azh/1_Projects/ROS_P/ros2_ws/install/tutorial_interfaces/share/tutorial_interfaces/hook/pythonpath.sh'
[2.115s] Level 1:colcon.colcon_core.environment:checking '/home/azh/1_Projects/ROS_P/ros2_ws/install/tutorial_interfaces/bin'
[2.130s] INFO:colcon.colcon_core.shell:Creating package script '/home/azh/1_Projects/ROS_P/ros2_ws/install/tutorial_interfaces/share/tutorial_interfaces/package.ps1'
[2.131s] INFO:colcon.colcon_core.shell:Creating package descriptor '/home/azh/1_Projects/ROS_P/ros2_ws/install/tutorial_interfaces/share/tutorial_interfaces/package.dsv'
[2.131s] INFO:colcon.colcon_core.shell:Creating package script '/home/azh/1_Projects/ROS_P/ros2_ws/install/tutorial_interfaces/share/tutorial_interfaces/package.sh'
[2.132s] INFO:colcon.colcon_core.shell:Creating package script '/home/azh/1_Projects/ROS_P/ros2_ws/install/tutorial_interfaces/share/tutorial_interfaces/package.bash'
[2.132s] INFO:colcon.colcon_core.shell:Creating package script '/home/azh/1_Projects/ROS_P/ros2_ws/install/tutorial_interfaces/share/tutorial_interfaces/package.zsh'
[2.132s] Level 1:colcon.colcon_core.environment:create_file_with_runtime_dependencies(/home/azh/1_Projects/ROS_P/ros2_ws/install/tutorial_interfaces/share/colcon-core/packages/tutorial_interfaces)
[2.148s] Level 1:colcon.colcon_core.environment:create_environment_scripts_only(more_interfaces)
[2.163s] Level 1:colcon.colcon_core.environment:checking '/home/azh/1_Projects/ROS_P/ros2_ws/install/more_interfaces' for CMake module files
[2.163s] Level 1:colcon.colcon_core.environment:checking '/home/azh/1_Projects/ROS_P/ros2_ws/install/more_interfaces' for CMake config files
[2.164s] Level 1:colcon.colcon_core.shell:create_environment_hook('more_interfaces', 'cmake_prefix_path')
[2.178s] INFO:colcon.colcon_core.shell:Creating environment hook '/home/azh/1_Projects/ROS_P/ros2_ws/install/more_interfaces/share/more_interfaces/hook/cmake_prefix_path.ps1'
[2.178s] INFO:colcon.colcon_core.shell:Creating environment descriptor '/home/azh/1_Projects/ROS_P/ros2_ws/install/more_interfaces/share/more_interfaces/hook/cmake_prefix_path.dsv'
[2.178s] INFO:colcon.colcon_core.shell:Creating environment hook '/home/azh/1_Projects/ROS_P/ros2_ws/install/more_interfaces/share/more_interfaces/hook/cmake_prefix_path.sh'
[2.179s] Level 1:colcon.colcon_core.environment:checking '/home/azh/1_Projects/ROS_P/ros2_ws/install/more_interfaces/lib'
[2.179s] Level 1:colcon.colcon_core.shell:create_environment_hook('more_interfaces', 'ld_library_path_lib')
[2.194s] INFO:colcon.colcon_core.shell:Creating environment hook '/home/azh/1_Projects/ROS_P/ros2_ws/install/more_interfaces/share/more_interfaces/hook/ld_library_path_lib.ps1'
[2.194s] INFO:colcon.colcon_core.shell:Creating environment descriptor '/home/azh/1_Projects/ROS_P/ros2_ws/install/more_interfaces/share/more_interfaces/hook/ld_library_path_lib.dsv'
[2.194s] INFO:colcon.colcon_core.shell:Creating environment hook '/home/azh/1_Projects/ROS_P/ros2_ws/install/more_interfaces/share/more_interfaces/hook/ld_library_path_lib.sh'
[2.195s] Level 1:colcon.colcon_core.environment:checking '/home/azh/1_Projects/ROS_P/ros2_ws/install/more_interfaces/bin'
[2.195s] Level 1:colcon.colcon_core.environment:checking '/home/azh/1_Projects/ROS_P/ros2_ws/install/more_interfaces/lib/pkgconfig/more_interfaces.pc'
[2.195s] Level 1:colcon.colcon_core.environment:checking '/home/azh/1_Projects/ROS_P/ros2_ws/install/more_interfaces/lib/python3.10/site-packages'
[2.195s] Level 1:colcon.colcon_core.shell:create_environment_hook('more_interfaces', 'pythonpath')
[2.209s] INFO:colcon.colcon_core.shell:Creating environment hook '/home/azh/1_Projects/ROS_P/ros2_ws/install/more_interfaces/share/more_interfaces/hook/pythonpath.ps1'
[2.210s] INFO:colcon.colcon_core.shell:Creating environment descriptor '/home/azh/1_Projects/ROS_P/ros2_ws/install/more_interfaces/share/more_interfaces/hook/pythonpath.dsv'
[2.210s] INFO:colcon.colcon_core.shell:Creating environment hook '/home/azh/1_Projects/ROS_P/ros2_ws/install/more_interfaces/share/more_interfaces/hook/pythonpath.sh'
[2.211s] Level 1:colcon.colcon_core.environment:checking '/home/azh/1_Projects/ROS_P/ros2_ws/install/more_interfaces/bin'
[2.225s] INFO:colcon.colcon_core.shell:Creating package script '/home/azh/1_Projects/ROS_P/ros2_ws/install/more_interfaces/share/more_interfaces/package.ps1'
[2.226s] INFO:colcon.colcon_core.shell:Creating package descriptor '/home/azh/1_Projects/ROS_P/ros2_ws/install/more_interfaces/share/more_interfaces/package.dsv'
[2.226s] INFO:colcon.colcon_core.shell:Creating package script '/home/azh/1_Projects/ROS_P/ros2_ws/install/more_interfaces/share/more_interfaces/package.sh'
[2.227s] INFO:colcon.colcon_core.shell:Creating package script '/home/azh/1_Projects/ROS_P/ros2_ws/install/more_interfaces/share/more_interfaces/package.bash'
[2.227s] INFO:colcon.colcon_core.shell:Creating package script '/home/azh/1_Projects/ROS_P/ros2_ws/install/more_interfaces/share/more_interfaces/package.zsh'
[2.227s] Level 1:colcon.colcon_core.environment:create_file_with_runtime_dependencies(/home/azh/1_Projects/ROS_P/ros2_ws/install/more_interfaces/share/colcon-core/packages/more_interfaces)
[2.243s] Level 1:colcon.colcon_core.environment:create_environment_scripts_only(tutorial_interfaces)
[2.258s] Level 1:colcon.colcon_core.environment:checking '/home/azh/1_Projects/ROS_P/ros2_ws/install/tutorial_interfaces' for CMake module files
[2.259s] Level 1:colcon.colcon_core.environment:checking '/home/azh/1_Projects/ROS_P/ros2_ws/install/tutorial_interfaces' for CMake config files
[2.259s] Level 1:colcon.colcon_core.shell:create_environment_hook('tutorial_interfaces', 'cmake_prefix_path')
[2.276s] INFO:colcon.colcon_core.shell:Creating environment hook '/home/azh/1_Projects/ROS_P/ros2_ws/install/tutorial_interfaces/share/tutorial_interfaces/hook/cmake_prefix_path.ps1'
[2.276s] INFO:colcon.colcon_core.shell:Creating environment descriptor '/home/azh/1_Projects/ROS_P/ros2_ws/install/tutorial_interfaces/share/tutorial_interfaces/hook/cmake_prefix_path.dsv'
[2.276s] INFO:colcon.colcon_core.shell:Creating environment hook '/home/azh/1_Projects/ROS_P/ros2_ws/install/tutorial_interfaces/share/tutorial_interfaces/hook/cmake_prefix_path.sh'
[2.277s] Level 1:colcon.colcon_core.environment:checking '/home/azh/1_Projects/ROS_P/ros2_ws/install/tutorial_interfaces/lib'
[2.277s] Level 1:colcon.colcon_core.shell:create_environment_hook('tutorial_interfaces', 'ld_library_path_lib')
[2.291s] INFO:colcon.colcon_core.shell:Creating environment hook '/home/azh/1_Projects/ROS_P/ros2_ws/install/tutorial_interfaces/share/tutorial_interfaces/hook/ld_library_path_lib.ps1'
[2.292s] INFO:colcon.colcon_core.shell:Creating environment descriptor '/home/azh/1_Projects/ROS_P/ros2_ws/install/tutorial_interfaces/share/tutorial_interfaces/hook/ld_library_path_lib.dsv'
[2.292s] INFO:colcon.colcon_core.shell:Creating environment hook '/home/azh/1_Projects/ROS_P/ros2_ws/install/tutorial_interfaces/share/tutorial_interfaces/hook/ld_library_path_lib.sh'
[2.292s] Level 1:colcon.colcon_core.environment:checking '/home/azh/1_Projects/ROS_P/ros2_ws/install/tutorial_interfaces/bin'
[2.292s] Level 1:colcon.colcon_core.environment:checking '/home/azh/1_Projects/ROS_P/ros2_ws/install/tutorial_interfaces/lib/pkgconfig/tutorial_interfaces.pc'
[2.292s] Level 1:colcon.colcon_core.environment:checking '/home/azh/1_Projects/ROS_P/ros2_ws/install/tutorial_interfaces/lib/python3.10/site-packages'
[2.293s] Level 1:colcon.colcon_core.shell:create_environment_hook('tutorial_interfaces', 'pythonpath')
[2.307s] INFO:colcon.colcon_core.shell:Creating environment hook '/home/azh/1_Projects/ROS_P/ros2_ws/install/tutorial_interfaces/share/tutorial_interfaces/hook/pythonpath.ps1'
[2.307s] INFO:colcon.colcon_core.shell:Creating environment descriptor '/home/azh/1_Projects/ROS_P/ros2_ws/install/tutorial_interfaces/share/tutorial_interfaces/hook/pythonpath.dsv'
[2.307s] INFO:colcon.colcon_core.shell:Creating environment hook '/home/azh/1_Projects/ROS_P/ros2_ws/install/tutorial_interfaces/share/tutorial_interfaces/hook/pythonpath.sh'
[2.308s] Level 1:colcon.colcon_core.environment:checking '/home/azh/1_Projects/ROS_P/ros2_ws/install/tutorial_interfaces/bin'
[2.321s] INFO:colcon.colcon_core.shell:Creating package script '/home/azh/1_Projects/ROS_P/ros2_ws/install/tutorial_interfaces/share/tutorial_interfaces/package.ps1'
[2.322s] INFO:colcon.colcon_core.shell:Creating package descriptor '/home/azh/1_Projects/ROS_P/ros2_ws/install/tutorial_interfaces/share/tutorial_interfaces/package.dsv'
[2.322s] INFO:colcon.colcon_core.shell:Creating package script '/home/azh/1_Projects/ROS_P/ros2_ws/install/tutorial_interfaces/share/tutorial_interfaces/package.sh'
[2.323s] INFO:colcon.colcon_core.shell:Creating package script '/home/azh/1_Projects/ROS_P/ros2_ws/install/tutorial_interfaces/share/tutorial_interfaces/package.bash'
[2.323s] INFO:colcon.colcon_core.shell:Creating package script '/home/azh/1_Projects/ROS_P/ros2_ws/install/tutorial_interfaces/share/tutorial_interfaces/package.zsh'
[2.323s] Level 1:colcon.colcon_core.environment:create_file_with_runtime_dependencies(/home/azh/1_Projects/ROS_P/ros2_ws/install/tutorial_interfaces/share/colcon-core/packages/tutorial_interfaces)
[2.324s] INFO:colcon.colcon_ros.task.ament_cmake.build:Building ROS package in '/home/azh/1_Projects/ROS_P/ros2_ws/src/cpp_pubsub' with build type 'ament_cmake'
[2.324s] INFO:colcon.colcon_cmake.task.cmake.build:Building CMake package in '/home/azh/1_Projects/ROS_P/ros2_ws/src/cpp_pubsub'
[2.338s] INFO:colcon.colcon_core.shell:Skip shell extension 'powershell' for command environment: Not usable outside of PowerShell
[2.338s] DEBUG:colcon.colcon_core.shell:Skip shell extension 'dsv' for command environment
[2.390s] DEBUG:colcon.colcon_core.event_handler.log_command:Invoking command in '/home/azh/1_Projects/ROS_P/ros2_ws/build/cpp_pubsub': CMAKE_PREFIX_PATH=/home/azh/1_Projects/ROS_P/ros2_ws/install/tutorial_interfaces:/home/azh/1_Projects/ROS_P/ros2_ws/install/cpp_pubsub:/home/azh/1_Projects/ROS_P/ros2_ws/install/more_interfaces:/home/azh/1_Projects/ROS_P/ros2_ws/install/cpp_srvcli:/opt/ros/iron /usr/bin/cmake --build /home/azh/1_Projects/ROS_P/ros2_ws/build/cpp_pubsub -- -j12 -l12
[2.446s] DEBUG:colcon.colcon_core.event_handler.log_command:Invoked command in '/home/azh/1_Projects/ROS_P/ros2_ws/build/cpp_pubsub' returned '0': CMAKE_PREFIX_PATH=/home/azh/1_Projects/ROS_P/ros2_ws/install/tutorial_interfaces:/home/azh/1_Projects/ROS_P/ros2_ws/install/cpp_pubsub:/home/azh/1_Projects/ROS_P/ros2_ws/install/more_interfaces:/home/azh/1_Projects/ROS_P/ros2_ws/install/cpp_srvcli:/opt/ros/iron /usr/bin/cmake --build /home/azh/1_Projects/ROS_P/ros2_ws/build/cpp_pubsub -- -j12 -l12
[2.469s] DEBUG:colcon.colcon_core.event_handler.log_command:Invoking command in '/home/azh/1_Projects/ROS_P/ros2_ws/build/cpp_pubsub': CMAKE_PREFIX_PATH=/home/azh/1_Projects/ROS_P/ros2_ws/install/tutorial_interfaces:/home/azh/1_Projects/ROS_P/ros2_ws/install/cpp_pubsub:/home/azh/1_Projects/ROS_P/ros2_ws/install/more_interfaces:/home/azh/1_Projects/ROS_P/ros2_ws/install/cpp_srvcli:/opt/ros/iron /usr/bin/cmake --install /home/azh/1_Projects/ROS_P/ros2_ws/build/cpp_pubsub
[2.477s] Level 1:colcon.colcon_core.environment:create_environment_scripts_only(cpp_pubsub)
[2.478s] DEBUG:colcon.colcon_core.event_handler.log_command:Invoked command in '/home/azh/1_Projects/ROS_P/ros2_ws/build/cpp_pubsub' returned '0': CMAKE_PREFIX_PATH=/home/azh/1_Projects/ROS_P/ros2_ws/install/tutorial_interfaces:/home/azh/1_Projects/ROS_P/ros2_ws/install/cpp_pubsub:/home/azh/1_Projects/ROS_P/ros2_ws/install/more_interfaces:/home/azh/1_Projects/ROS_P/ros2_ws/install/cpp_srvcli:/opt/ros/iron /usr/bin/cmake --install /home/azh/1_Projects/ROS_P/ros2_ws/build/cpp_pubsub
[2.492s] Level 1:colcon.colcon_core.environment:checking '/home/azh/1_Projects/ROS_P/ros2_ws/install/cpp_pubsub' for CMake module files
[2.493s] Level 1:colcon.colcon_core.environment:checking '/home/azh/1_Projects/ROS_P/ros2_ws/install/cpp_pubsub' for CMake config files
[2.493s] Level 1:colcon.colcon_core.shell:create_environment_hook('cpp_pubsub', 'cmake_prefix_path')
[2.508s] INFO:colcon.colcon_core.shell:Creating environment hook '/home/azh/1_Projects/ROS_P/ros2_ws/install/cpp_pubsub/share/cpp_pubsub/hook/cmake_prefix_path.ps1'
[2.508s] INFO:colcon.colcon_core.shell:Creating environment descriptor '/home/azh/1_Projects/ROS_P/ros2_ws/install/cpp_pubsub/share/cpp_pubsub/hook/cmake_prefix_path.dsv'
[2.508s] INFO:colcon.colcon_core.shell:Creating environment hook '/home/azh/1_Projects/ROS_P/ros2_ws/install/cpp_pubsub/share/cpp_pubsub/hook/cmake_prefix_path.sh'
[2.509s] Level 1:colcon.colcon_core.environment:checking '/home/azh/1_Projects/ROS_P/ros2_ws/install/cpp_pubsub/lib'
[2.509s] Level 1:colcon.colcon_core.environment:checking '/home/azh/1_Projects/ROS_P/ros2_ws/install/cpp_pubsub/bin'
[2.509s] Level 1:colcon.colcon_core.environment:checking '/home/azh/1_Projects/ROS_P/ros2_ws/install/cpp_pubsub/lib/pkgconfig/cpp_pubsub.pc'
[2.509s] Level 1:colcon.colcon_core.environment:checking '/home/azh/1_Projects/ROS_P/ros2_ws/install/cpp_pubsub/lib/python3.10/site-packages'
[2.509s] Level 1:colcon.colcon_core.environment:checking '/home/azh/1_Projects/ROS_P/ros2_ws/install/cpp_pubsub/bin'
[2.524s] INFO:colcon.colcon_core.shell:Creating package script '/home/azh/1_Projects/ROS_P/ros2_ws/install/cpp_pubsub/share/cpp_pubsub/package.ps1'
[2.524s] INFO:colcon.colcon_core.shell:Creating package descriptor '/home/azh/1_Projects/ROS_P/ros2_ws/install/cpp_pubsub/share/cpp_pubsub/package.dsv'
[2.524s] INFO:colcon.colcon_core.shell:Creating package script '/home/azh/1_Projects/ROS_P/ros2_ws/install/cpp_pubsub/share/cpp_pubsub/package.sh'
[2.525s] INFO:colcon.colcon_core.shell:Creating package script '/home/azh/1_Projects/ROS_P/ros2_ws/install/cpp_pubsub/share/cpp_pubsub/package.bash'
[2.525s] INFO:colcon.colcon_core.shell:Creating package script '/home/azh/1_Projects/ROS_P/ros2_ws/install/cpp_pubsub/share/cpp_pubsub/package.zsh'
[2.525s] Level 1:colcon.colcon_core.environment:create_file_with_runtime_dependencies(/home/azh/1_Projects/ROS_P/ros2_ws/install/cpp_pubsub/share/colcon-core/packages/cpp_pubsub)
[2.570s] Level 1:colcon.colcon_core.environment:create_environment_scripts_only(cpp_pubsub)
[2.584s] Level 1:colcon.colcon_core.environment:checking '/home/azh/1_Projects/ROS_P/ros2_ws/install/cpp_pubsub' for CMake module files
[2.585s] Level 1:colcon.colcon_core.environment:checking '/home/azh/1_Projects/ROS_P/ros2_ws/install/cpp_pubsub' for CMake config files
[2.585s] Level 1:colcon.colcon_core.shell:create_environment_hook('cpp_pubsub', 'cmake_prefix_path')
[2.599s] INFO:colcon.colcon_core.shell:Creating environment hook '/home/azh/1_Projects/ROS_P/ros2_ws/install/cpp_pubsub/share/cpp_pubsub/hook/cmake_prefix_path.ps1'
[2.600s] INFO:colcon.colcon_core.shell:Creating environment descriptor '/home/azh/1_Projects/ROS_P/ros2_ws/install/cpp_pubsub/share/cpp_pubsub/hook/cmake_prefix_path.dsv'
[2.600s] INFO:colcon.colcon_core.shell:Creating environment hook '/home/azh/1_Projects/ROS_P/ros2_ws/install/cpp_pubsub/share/cpp_pubsub/hook/cmake_prefix_path.sh'
[2.600s] Level 1:colcon.colcon_core.environment:checking '/home/azh/1_Projects/ROS_P/ros2_ws/install/cpp_pubsub/lib'
[2.600s] Level 1:colcon.colcon_core.environment:checking '/home/azh/1_Projects/ROS_P/ros2_ws/install/cpp_pubsub/bin'
[2.600s] Level 1:colcon.colcon_core.environment:checking '/home/azh/1_Projects/ROS_P/ros2_ws/install/cpp_pubsub/lib/pkgconfig/cpp_pubsub.pc'
[2.601s] Level 1:colcon.colcon_core.environment:checking '/home/azh/1_Projects/ROS_P/ros2_ws/install/cpp_pubsub/lib/python3.10/site-packages'
[2.601s] Level 1:colcon.colcon_core.environment:checking '/home/azh/1_Projects/ROS_P/ros2_ws/install/cpp_pubsub/bin'
[2.616s] INFO:colcon.colcon_core.shell:Creating package script '/home/azh/1_Projects/ROS_P/ros2_ws/install/cpp_pubsub/share/cpp_pubsub/package.ps1'
[2.616s] INFO:colcon.colcon_core.shell:Creating package descriptor '/home/azh/1_Projects/ROS_P/ros2_ws/install/cpp_pubsub/share/cpp_pubsub/package.dsv'
[2.617s] INFO:colcon.colcon_core.shell:Creating package script '/home/azh/1_Projects/ROS_P/ros2_ws/install/cpp_pubsub/share/cpp_pubsub/package.sh'
[2.617s] INFO:colcon.colcon_core.shell:Creating package script '/home/azh/1_Projects/ROS_P/ros2_ws/install/cpp_pubsub/share/cpp_pubsub/package.bash'
[2.617s] INFO:colcon.colcon_core.shell:Creating package script '/home/azh/1_Projects/ROS_P/ros2_ws/install/cpp_pubsub/share/cpp_pubsub/package.zsh'
[2.618s] Level 1:colcon.colcon_core.environment:create_file_with_runtime_dependencies(/home/azh/1_Projects/ROS_P/ros2_ws/install/cpp_pubsub/share/colcon-core/packages/cpp_pubsub)
[2.618s] DEBUG:colcon.colcon_parallel_executor.executor.parallel:closing loop
[2.618s] DEBUG:colcon.colcon_parallel_executor.executor.parallel:loop closed
[2.618s] DEBUG:colcon.colcon_parallel_executor.executor.parallel:run_until_complete finished with '0'
[2.618s] DEBUG:colcon.colcon_core.event_reactor:joining thread
[2.638s] INFO:colcon.colcon_core.plugin_system:Skipping extension 'colcon_notification.desktop_notification.terminal_notifier': Not used on non-Darwin systems
[2.638s] INFO:colcon.colcon_core.plugin_system:Skipping extension 'colcon_notification.desktop_notification.win32': Not used on non-Windows systems
[2.638s] INFO:colcon.colcon_notification.desktop_notification:Sending desktop notification using 'notify2'
[2.645s] DEBUG:colcon.colcon_core.event_reactor:joined thread
[2.660s] INFO:colcon.colcon_core.shell:Creating prefix script '/home/azh/1_Projects/ROS_P/ros2_ws/install/local_setup.ps1'
[2.661s] INFO:colcon.colcon_core.shell:Creating prefix util module '/home/azh/1_Projects/ROS_P/ros2_ws/install/_local_setup_util_ps1.py'
[2.662s] INFO:colcon.colcon_core.shell:Creating prefix chain script '/home/azh/1_Projects/ROS_P/ros2_ws/install/setup.ps1'
[2.677s] INFO:colcon.colcon_core.shell:Creating prefix script '/home/azh/1_Projects/ROS_P/ros2_ws/install/local_setup.sh'
[2.677s] INFO:colcon.colcon_core.shell:Creating prefix util module '/home/azh/1_Projects/ROS_P/ros2_ws/install/_local_setup_util_sh.py'
[2.678s] INFO:colcon.colcon_core.shell:Creating prefix chain script '/home/azh/1_Projects/ROS_P/ros2_ws/install/setup.sh'
[2.693s] INFO:colcon.colcon_core.shell:Creating prefix script '/home/azh/1_Projects/ROS_P/ros2_ws/install/local_setup.bash'
[2.693s] INFO:colcon.colcon_core.shell:Creating prefix chain script '/home/azh/1_Projects/ROS_P/ros2_ws/install/setup.bash'
[2.708s] INFO:colcon.colcon_core.shell:Creating prefix script '/home/azh/1_Projects/ROS_P/ros2_ws/install/local_setup.zsh'
[2.708s] INFO:colcon.colcon_core.shell:Creating prefix chain script '/home/azh/1_Projects/ROS_P/ros2_ws/install/setup.zsh'
