[0.176s] Invoking command in '/home/rti/1_Projects/ros2_ws/build/cpp_pubsub': CMAKE_PREFIX_PATH=${CMAKE_PREFIX_PATH}:/opt/ros/iron /usr/bin/cmake --build /home/rti/1_Projects/ros2_ws/build/cpp_pubsub -- -j2 -l2
[0.296s] [35m[1mConsolidate compiler generated dependencies of target talker[0m
[0.312s] [35m[1mConsolidate compiler generated dependencies of target listener[0m
[0.385s] [ 25%] [32mBuilding CXX object CMakeFiles/listener.dir/src/subscriber_member_function.cpp.o[0m
[0.397s] [ 75%] Built target talker
[12.825s] [100%] [32m[1mLinking CXX executable listener[0m
[13.227s] [100%] Built target listener
[13.241s] Invoked command in '/home/rti/1_Projects/ros2_ws/build/cpp_pubsub' returned '0': CMAKE_PREFIX_PATH=${CMAKE_PREFIX_PATH}:/opt/ros/iron /usr/bin/cmake --build /home/rti/1_Projects/ros2_ws/build/cpp_pubsub -- -j2 -l2
[13.280s] Invoking command in '/home/rti/1_Projects/ros2_ws/build/cpp_pubsub': CMAKE_PREFIX_PATH=${CMAKE_PREFIX_PATH}:/opt/ros/iron /usr/bin/cmake --install /home/rti/1_Projects/ros2_ws/build/cpp_pubsub
[13.297s] -- Install configuration: ""
[13.299s] -- Up-to-date: /home/rti/1_Projects/ros2_ws/install/cpp_pubsub/lib/cpp_pubsub/talker
[13.300s] -- Up-to-date: /home/rti/1_Projects/ros2_ws/install/cpp_pubsub/lib/cpp_pubsub/talker
[13.310s] -- Installing: /home/rti/1_Projects/ros2_ws/install/cpp_pubsub/lib/cpp_pubsub/listener
[13.313s] -- Set runtime path of "/home/rti/1_Projects/ros2_ws/install/cpp_pubsub/lib/cpp_pubsub/listener" to ""
[13.313s] -- Up-to-date: /home/rti/1_Projects/ros2_ws/install/cpp_pubsub/share/ament_index/resource_index/package_run_dependencies/cpp_pubsub
[13.313s] -- Up-to-date: /home/rti/1_Projects/ros2_ws/install/cpp_pubsub/share/ament_index/resource_index/parent_prefix_path/cpp_pubsub
[13.314s] -- Up-to-date: /home/rti/1_Projects/ros2_ws/install/cpp_pubsub/share/cpp_pubsub/environment/ament_prefix_path.sh
[13.314s] -- Up-to-date: /home/rti/1_Projects/ros2_ws/install/cpp_pubsub/share/cpp_pubsub/environment/ament_prefix_path.dsv
[13.314s] -- Up-to-date: /home/rti/1_Projects/ros2_ws/install/cpp_pubsub/share/cpp_pubsub/environment/path.sh
[13.314s] -- Up-to-date: /home/rti/1_Projects/ros2_ws/install/cpp_pubsub/share/cpp_pubsub/environment/path.dsv
[13.314s] -- Up-to-date: /home/rti/1_Projects/ros2_ws/install/cpp_pubsub/share/cpp_pubsub/local_setup.bash
[13.314s] -- Up-to-date: /home/rti/1_Projects/ros2_ws/install/cpp_pubsub/share/cpp_pubsub/local_setup.sh
[13.314s] -- Up-to-date: /home/rti/1_Projects/ros2_ws/install/cpp_pubsub/share/cpp_pubsub/local_setup.zsh
[13.314s] -- Up-to-date: /home/rti/1_Projects/ros2_ws/install/cpp_pubsub/share/cpp_pubsub/local_setup.dsv
[13.314s] -- Installing: /home/rti/1_Projects/ros2_ws/install/cpp_pubsub/share/cpp_pubsub/package.dsv
[13.318s] -- Up-to-date: /home/rti/1_Projects/ros2_ws/install/cpp_pubsub/share/ament_index/resource_index/packages/cpp_pubsub
[13.318s] -- Up-to-date: /home/rti/1_Projects/ros2_ws/install/cpp_pubsub/share/cpp_pubsub/cmake/cpp_pubsubConfig.cmake
[13.318s] -- Up-to-date: /home/rti/1_Projects/ros2_ws/install/cpp_pubsub/share/cpp_pubsub/cmake/cpp_pubsubConfig-version.cmake
[13.319s] -- Up-to-date: /home/rti/1_Projects/ros2_ws/install/cpp_pubsub/share/cpp_pubsub/package.xml
[13.325s] Invoked command in '/home/rti/1_Projects/ros2_ws/build/cpp_pubsub' returned '0': CMAKE_PREFIX_PATH=${CMAKE_PREFIX_PATH}:/opt/ros/iron /usr/bin/cmake --install /home/rti/1_Projects/ros2_ws/build/cpp_pubsub
