-- Found ament_cmake: 2.0.3 (/opt/ros/iron/share/ament_cmake/cmake)
-- Found rosidl_default_generators: 1.5.0 (/opt/ros/iron/share/rosidl_default_generators/cmake)
-- Using all available rosidl_typesupport_c: rosidl_typesupport_fastrtps_c;rosidl_typesupport_introspection_c
-- Using all available rosidl_typesupport_cpp: rosidl_typesupport_fastrtps_cpp;rosidl_typesupport_introspection_cpp
-- Found rosidl_adapter: 4.0.1 (/opt/ros/iron/share/rosidl_adapter/cmake)
-- Found rclcpp: 21.0.4 (/opt/ros/iron/share/rclcpp/cmake)
-- Found rmw_implementation_cmake: 7.1.0 (/opt/ros/iron/share/rmw_implementation_cmake/cmake)
-- Found rmw_fastrtps_cpp: 7.1.2 (/opt/ros/iron/share/rmw_fastrtps_cpp/cmake)
-- Using RMW implementation 'rmw_fastrtps_cpp' as default
-- Found ament_cmake_ros: 0.11.2 (/opt/ros/iron/share/ament_cmake_ros/cmake)
-- Using all available rosidl_typesupport_c: rosidl_typesupport_fastrtps_c;rosidl_typesupport_introspection_c
-- Using all available rosidl_typesupport_cpp: rosidl_typesupport_fastrtps_cpp;rosidl_typesupport_introspection_cpp
-- Found PythonInterp: /usr/bin/python3 (found suitable version "3.10.12", minimum required is "3.6") 
-- Found python_cmake_module: 0.10.2 (/opt/ros/iron/share/python_cmake_module/cmake)
-- Found PythonLibs: /usr/lib/x86_64-linux-gnu/libpython3.10.so (found suitable version "3.10.12", minimum required is "3.5") 
-- Using PYTHON_EXECUTABLE: /usr/bin/python3
-- Using PYTHON_INCLUDE_DIRS: /usr/include/python3.10
-- Using PYTHON_LIBRARIES: /usr/lib/x86_64-linux-gnu/libpython3.10.so
-- Found PythonExtra: .so  
-- Configuring done
-- Generating done
-- Build files have been written to: /home/rti/1_Projects/ros2_ws/build/more_interfaces
[  2%] [34m[1mGenerating type hashes for ROS interfaces[0m
[  2%] Built target ament_cmake_python_copy_more_interfaces
[  2%] Built target more_interfaces__rosidl_generator_type_description
[  5%] [34m[1mGenerating C++ code for ROS interfaces[0m
running egg_info
creating more_interfaces.egg-info
writing more_interfaces.egg-info/PKG-INFO
writing dependency_links to more_interfaces.egg-info/dependency_links.txt
writing top-level names to more_interfaces.egg-info/top_level.txt
writing manifest file 'more_interfaces.egg-info/SOURCES.txt'
reading manifest file 'more_interfaces.egg-info/SOURCES.txt'
writing manifest file 'more_interfaces.egg-info/SOURCES.txt'
[  5%] Built target ament_cmake_python_build_more_interfaces_egg
[  8%] [34m[1mGenerating C code for ROS interfaces[0m
[  8%] Built target more_interfaces__cpp
[ 11%] [32mBuilding C object CMakeFiles/more_interfaces__rosidl_generator_c.dir/rosidl_generator_c/more_interfaces/msg/detail/address_book__description.c.o[0m
[ 13%] [32mBuilding C object CMakeFiles/more_interfaces__rosidl_generator_c.dir/rosidl_generator_c/more_interfaces/msg/detail/address_book__functions.c.o[0m
[ 16%] [32mBuilding C object CMakeFiles/more_interfaces__rosidl_generator_c.dir/rosidl_generator_c/more_interfaces/msg/detail/address_book__type_support.c.o[0m
[ 19%] [32m[1mLinking C shared library libmore_interfaces__rosidl_generator_c.so[0m
[ 19%] Built target more_interfaces__rosidl_generator_c
[ 25%] [34m[1mGenerating C++ type support dispatch for ROS interfaces[0m
[ 25%] [34m[1mGenerating C type support for eProsima Fast-RTPS[0m
[ 27%] [32mBuilding CXX object CMakeFiles/more_interfaces__rosidl_typesupport_cpp.dir/rosidl_typesupport_cpp/more_interfaces/msg/address_book__type_support.cpp.o[0m
[ 30%] [32mBuilding CXX object CMakeFiles/more_interfaces__rosidl_typesupport_fastrtps_c.dir/rosidl_typesupport_fastrtps_c/more_interfaces/msg/detail/address_book__type_support_c.cpp.o[0m
[ 33%] [32m[1mLinking CXX shared library libmore_interfaces__rosidl_typesupport_cpp.so[0m
[ 36%] [32m[1mLinking CXX shared library libmore_interfaces__rosidl_typesupport_fastrtps_c.so[0m
[ 36%] Built target more_interfaces__rosidl_typesupport_cpp
[ 38%] [34m[1mGenerating C introspection for ROS interfaces[0m
[ 38%] Built target more_interfaces__rosidl_typesupport_fastrtps_c
[ 41%] [34m[1mGenerating C type support dispatch for ROS interfaces[0m
[ 44%] [32mBuilding C object CMakeFiles/more_interfaces__rosidl_typesupport_introspection_c.dir/rosidl_typesupport_introspection_c/more_interfaces/msg/detail/address_book__type_support.c.o[0m
[ 47%] [32mBuilding CXX object CMakeFiles/more_interfaces__rosidl_typesupport_c.dir/rosidl_typesupport_c/more_interfaces/msg/address_book__type_support.cpp.o[0m
[ 50%] [32m[1mLinking C shared library libmore_interfaces__rosidl_typesupport_introspection_c.so[0m
[ 52%] [32m[1mLinking CXX shared library libmore_interfaces__rosidl_typesupport_c.so[0m
[ 52%] Built target more_interfaces__rosidl_typesupport_introspection_c
[ 55%] [34m[1mGenerating C++ type support for eProsima Fast-RTPS[0m
[ 55%] Built target more_interfaces__rosidl_typesupport_c
[ 58%] [34m[1mGenerating C++ introspection for ROS interfaces[0m
[ 61%] [32mBuilding CXX object CMakeFiles/more_interfaces__rosidl_typesupport_fastrtps_cpp.dir/rosidl_typesupport_fastrtps_cpp/more_interfaces/msg/detail/dds_fastrtps/address_book__type_support.cpp.o[0m
[ 63%] [32mBuilding CXX object CMakeFiles/more_interfaces__rosidl_typesupport_introspection_cpp.dir/rosidl_typesupport_introspection_cpp/more_interfaces/msg/detail/address_book__type_support.cpp.o[0m
[ 66%] [32m[1mLinking CXX shared library libmore_interfaces__rosidl_typesupport_introspection_cpp.so[0m
[ 66%] Built target more_interfaces__rosidl_typesupport_introspection_cpp
[ 69%] [32mBuilding CXX object CMakeFiles/publish_address_book.dir/src/publish_address_book.cpp.o[0m
[ 72%] [32m[1mLinking CXX shared library libmore_interfaces__rosidl_typesupport_fastrtps_cpp.so[0m
[ 72%] Built target more_interfaces__rosidl_typesupport_fastrtps_cpp
[ 72%] Built target more_interfaces
[ 75%] [34m[1mGenerating Python code for ROS interfaces[0m
[ 75%] Built target more_interfaces__py
[ 77%] [32mBuilding C object CMakeFiles/more_interfaces__rosidl_generator_py.dir/rosidl_generator_py/more_interfaces/msg/_address_book_s.c.o[0m
[ 80%] [32m[1mLinking C shared library rosidl_generator_py/more_interfaces/libmore_interfaces__rosidl_generator_py.so[0m
[ 80%] Built target more_interfaces__rosidl_generator_py
[ 83%] [32mBuilding C object CMakeFiles/more_interfaces__rosidl_typesupport_fastrtps_c__pyext.dir/rosidl_generator_py/more_interfaces/_more_interfaces_s.ep.rosidl_typesupport_fastrtps_c.c.o[0m
[ 86%] [32m[1mLinking C shared library rosidl_generator_py/more_interfaces/more_interfaces_s__rosidl_typesupport_fastrtps_c.cpython-310-x86_64-linux-gnu.so[0m
[ 86%] Built target more_interfaces__rosidl_typesupport_fastrtps_c__pyext
[ 88%] [32mBuilding C object CMakeFiles/more_interfaces__rosidl_typesupport_introspection_c__pyext.dir/rosidl_generator_py/more_interfaces/_more_interfaces_s.ep.rosidl_typesupport_introspection_c.c.o[0m
[ 91%] [32m[1mLinking C shared library rosidl_generator_py/more_interfaces/more_interfaces_s__rosidl_typesupport_introspection_c.cpython-310-x86_64-linux-gnu.so[0m
[ 91%] Built target more_interfaces__rosidl_typesupport_introspection_c__pyext
[ 94%] [32mBuilding C object CMakeFiles/more_interfaces__rosidl_typesupport_c__pyext.dir/rosidl_generator_py/more_interfaces/_more_interfaces_s.ep.rosidl_typesupport_c.c.o[0m
[ 97%] [32m[1mLinking C shared library rosidl_generator_py/more_interfaces/more_interfaces_s__rosidl_typesupport_c.cpython-310-x86_64-linux-gnu.so[0m
[ 97%] Built target more_interfaces__rosidl_typesupport_c__pyext
[100%] [32m[1mLinking CXX executable publish_address_book[0m
[100%] Built target publish_address_book
-- Install configuration: ""
-- Installing: /home/rti/1_Projects/ros2_ws/install/more_interfaces/lib/more_interfaces/publish_address_book
-- Set runtime path of "/home/rti/1_Projects/ros2_ws/install/more_interfaces/lib/more_interfaces/publish_address_book" to ""
-- Installing: /home/rti/1_Projects/ros2_ws/install/more_interfaces/share/ament_index/resource_index/rosidl_interfaces/more_interfaces
-- Installing: /home/rti/1_Projects/ros2_ws/install/more_interfaces/share/more_interfaces/msg/AddressBook.json
-- Installing: /home/rti/1_Projects/ros2_ws/install/more_interfaces/include/more_interfaces/more_interfaces
-- Installing: /home/rti/1_Projects/ros2_ws/install/more_interfaces/include/more_interfaces/more_interfaces/msg
-- Installing: /home/rti/1_Projects/ros2_ws/install/more_interfaces/include/more_interfaces/more_interfaces/msg/address_book.h
-- Installing: /home/rti/1_Projects/ros2_ws/install/more_interfaces/include/more_interfaces/more_interfaces/msg/detail
-- Installing: /home/rti/1_Projects/ros2_ws/install/more_interfaces/include/more_interfaces/more_interfaces/msg/detail/address_book__struct.h
-- Installing: /home/rti/1_Projects/ros2_ws/install/more_interfaces/include/more_interfaces/more_interfaces/msg/detail/address_book__type_support.c
-- Installing: /home/rti/1_Projects/ros2_ws/install/more_interfaces/include/more_interfaces/more_interfaces/msg/detail/address_book__functions.h
-- Installing: /home/rti/1_Projects/ros2_ws/install/more_interfaces/include/more_interfaces/more_interfaces/msg/detail/address_book__description.c
-- Installing: /home/rti/1_Projects/ros2_ws/install/more_interfaces/include/more_interfaces/more_interfaces/msg/detail/address_book__type_support.h
-- Installing: /home/rti/1_Projects/ros2_ws/install/more_interfaces/include/more_interfaces/more_interfaces/msg/detail/address_book__functions.c
-- Installing: /home/rti/1_Projects/ros2_ws/install/more_interfaces/include/more_interfaces/more_interfaces/msg/rosidl_generator_c__visibility_control.h
-- Installing: /home/rti/1_Projects/ros2_ws/install/more_interfaces/share/more_interfaces/environment/library_path.sh
-- Installing: /home/rti/1_Projects/ros2_ws/install/more_interfaces/share/more_interfaces/environment/library_path.dsv
-- Installing: /home/rti/1_Projects/ros2_ws/install/more_interfaces/lib/libmore_interfaces__rosidl_generator_c.so
-- Set runtime path of "/home/rti/1_Projects/ros2_ws/install/more_interfaces/lib/libmore_interfaces__rosidl_generator_c.so" to ""
-- Up-to-date: /home/rti/1_Projects/ros2_ws/install/more_interfaces/include/more_interfaces/more_interfaces
-- Up-to-date: /home/rti/1_Projects/ros2_ws/install/more_interfaces/include/more_interfaces/more_interfaces/msg
-- Up-to-date: /home/rti/1_Projects/ros2_ws/install/more_interfaces/include/more_interfaces/more_interfaces/msg/detail
-- Installing: /home/rti/1_Projects/ros2_ws/install/more_interfaces/include/more_interfaces/more_interfaces/msg/detail/address_book__rosidl_typesupport_fastrtps_c.h
-- Installing: /home/rti/1_Projects/ros2_ws/install/more_interfaces/include/more_interfaces/more_interfaces/msg/rosidl_typesupport_fastrtps_c__visibility_control.h
-- Installing: /home/rti/1_Projects/ros2_ws/install/more_interfaces/lib/libmore_interfaces__rosidl_typesupport_fastrtps_c.so
-- Set runtime path of "/home/rti/1_Projects/ros2_ws/install/more_interfaces/lib/libmore_interfaces__rosidl_typesupport_fastrtps_c.so" to ""
-- Up-to-date: /home/rti/1_Projects/ros2_ws/install/more_interfaces/include/more_interfaces/more_interfaces
-- Up-to-date: /home/rti/1_Projects/ros2_ws/install/more_interfaces/include/more_interfaces/more_interfaces/msg
-- Installing: /home/rti/1_Projects/ros2_ws/install/more_interfaces/include/more_interfaces/more_interfaces/msg/rosidl_typesupport_introspection_c__visibility_control.h
-- Up-to-date: /home/rti/1_Projects/ros2_ws/install/more_interfaces/include/more_interfaces/more_interfaces/msg/detail
-- Installing: /home/rti/1_Projects/ros2_ws/install/more_interfaces/include/more_interfaces/more_interfaces/msg/detail/address_book__rosidl_typesupport_introspection_c.h
-- Installing: /home/rti/1_Projects/ros2_ws/install/more_interfaces/include/more_interfaces/more_interfaces/msg/detail/address_book__type_support.c
-- Installing: /home/rti/1_Projects/ros2_ws/install/more_interfaces/lib/libmore_interfaces__rosidl_typesupport_introspection_c.so
-- Set runtime path of "/home/rti/1_Projects/ros2_ws/install/more_interfaces/lib/libmore_interfaces__rosidl_typesupport_introspection_c.so" to ""
-- Installing: /home/rti/1_Projects/ros2_ws/install/more_interfaces/lib/libmore_interfaces__rosidl_typesupport_c.so
-- Set runtime path of "/home/rti/1_Projects/ros2_ws/install/more_interfaces/lib/libmore_interfaces__rosidl_typesupport_c.so" to ""
-- Up-to-date: /home/rti/1_Projects/ros2_ws/install/more_interfaces/include/more_interfaces/more_interfaces
-- Up-to-date: /home/rti/1_Projects/ros2_ws/install/more_interfaces/include/more_interfaces/more_interfaces/msg
-- Installing: /home/rti/1_Projects/ros2_ws/install/more_interfaces/include/more_interfaces/more_interfaces/msg/address_book.hpp
-- Up-to-date: /home/rti/1_Projects/ros2_ws/install/more_interfaces/include/more_interfaces/more_interfaces/msg/detail
-- Installing: /home/rti/1_Projects/ros2_ws/install/more_interfaces/include/more_interfaces/more_interfaces/msg/detail/address_book__traits.hpp
-- Installing: /home/rti/1_Projects/ros2_ws/install/more_interfaces/include/more_interfaces/more_interfaces/msg/detail/address_book__builder.hpp
-- Installing: /home/rti/1_Projects/ros2_ws/install/more_interfaces/include/more_interfaces/more_interfaces/msg/detail/address_book__struct.hpp
-- Up-to-date: /home/rti/1_Projects/ros2_ws/install/more_interfaces/include/more_interfaces/more_interfaces
-- Up-to-date: /home/rti/1_Projects/ros2_ws/install/more_interfaces/include/more_interfaces/more_interfaces/msg
-- Up-to-date: /home/rti/1_Projects/ros2_ws/install/more_interfaces/include/more_interfaces/more_interfaces/msg/detail
-- Installing: /home/rti/1_Projects/ros2_ws/install/more_interfaces/include/more_interfaces/more_interfaces/msg/detail/dds_fastrtps
-- Installing: /home/rti/1_Projects/ros2_ws/install/more_interfaces/include/more_interfaces/more_interfaces/msg/detail/address_book__rosidl_typesupport_fastrtps_cpp.hpp
-- Installing: /home/rti/1_Projects/ros2_ws/install/more_interfaces/include/more_interfaces/more_interfaces/msg/rosidl_typesupport_fastrtps_cpp__visibility_control.h
-- Installing: /home/rti/1_Projects/ros2_ws/install/more_interfaces/lib/libmore_interfaces__rosidl_typesupport_fastrtps_cpp.so
-- Set runtime path of "/home/rti/1_Projects/ros2_ws/install/more_interfaces/lib/libmore_interfaces__rosidl_typesupport_fastrtps_cpp.so" to ""
-- Up-to-date: /home/rti/1_Projects/ros2_ws/install/more_interfaces/include/more_interfaces/more_interfaces
-- Up-to-date: /home/rti/1_Projects/ros2_ws/install/more_interfaces/include/more_interfaces/more_interfaces/msg
-- Up-to-date: /home/rti/1_Projects/ros2_ws/install/more_interfaces/include/more_interfaces/more_interfaces/msg/detail
-- Installing: /home/rti/1_Projects/ros2_ws/install/more_interfaces/include/more_interfaces/more_interfaces/msg/detail/address_book__type_support.cpp
-- Installing: /home/rti/1_Projects/ros2_ws/install/more_interfaces/include/more_interfaces/more_interfaces/msg/detail/address_book__rosidl_typesupport_introspection_cpp.hpp
-- Installing: /home/rti/1_Projects/ros2_ws/install/more_interfaces/lib/libmore_interfaces__rosidl_typesupport_introspection_cpp.so
-- Set runtime path of "/home/rti/1_Projects/ros2_ws/install/more_interfaces/lib/libmore_interfaces__rosidl_typesupport_introspection_cpp.so" to ""
-- Installing: /home/rti/1_Projects/ros2_ws/install/more_interfaces/lib/libmore_interfaces__rosidl_typesupport_cpp.so
-- Set runtime path of "/home/rti/1_Projects/ros2_ws/install/more_interfaces/lib/libmore_interfaces__rosidl_typesupport_cpp.so" to ""
-- Installing: /home/rti/1_Projects/ros2_ws/install/more_interfaces/share/more_interfaces/environment/pythonpath.sh
-- Installing: /home/rti/1_Projects/ros2_ws/install/more_interfaces/share/more_interfaces/environment/pythonpath.dsv
-- Installing: /home/rti/1_Projects/ros2_ws/install/more_interfaces/lib/python3.10/site-packages/more_interfaces-0.0.0-py3.10.egg-info
-- Installing: /home/rti/1_Projects/ros2_ws/install/more_interfaces/lib/python3.10/site-packages/more_interfaces-0.0.0-py3.10.egg-info/dependency_links.txt
-- Installing: /home/rti/1_Projects/ros2_ws/install/more_interfaces/lib/python3.10/site-packages/more_interfaces-0.0.0-py3.10.egg-info/SOURCES.txt
-- Installing: /home/rti/1_Projects/ros2_ws/install/more_interfaces/lib/python3.10/site-packages/more_interfaces-0.0.0-py3.10.egg-info/top_level.txt
-- Installing: /home/rti/1_Projects/ros2_ws/install/more_interfaces/lib/python3.10/site-packages/more_interfaces-0.0.0-py3.10.egg-info/PKG-INFO
-- Installing: /home/rti/1_Projects/ros2_ws/install/more_interfaces/lib/python3.10/site-packages/more_interfaces
-- Installing: /home/rti/1_Projects/ros2_ws/install/more_interfaces/lib/python3.10/site-packages/more_interfaces/_more_interfaces_s.ep.rosidl_typesupport_introspection_c.c
-- Installing: /home/rti/1_Projects/ros2_ws/install/more_interfaces/lib/python3.10/site-packages/more_interfaces/_more_interfaces_s.ep.rosidl_typesupport_c.c
-- Installing: /home/rti/1_Projects/ros2_ws/install/more_interfaces/lib/python3.10/site-packages/more_interfaces/__init__.py
-- Installing: /home/rti/1_Projects/ros2_ws/install/more_interfaces/lib/python3.10/site-packages/more_interfaces/more_interfaces_s__rosidl_typesupport_c.cpython-310-x86_64-linux-gnu.so
-- Installing: /home/rti/1_Projects/ros2_ws/install/more_interfaces/lib/python3.10/site-packages/more_interfaces/more_interfaces_s__rosidl_typesupport_introspection_c.cpython-310-x86_64-linux-gnu.so
-- Installing: /home/rti/1_Projects/ros2_ws/install/more_interfaces/lib/python3.10/site-packages/more_interfaces/msg
-- Installing: /home/rti/1_Projects/ros2_ws/install/more_interfaces/lib/python3.10/site-packages/more_interfaces/msg/__init__.py
-- Installing: /home/rti/1_Projects/ros2_ws/install/more_interfaces/lib/python3.10/site-packages/more_interfaces/msg/_address_book_s.c
-- Installing: /home/rti/1_Projects/ros2_ws/install/more_interfaces/lib/python3.10/site-packages/more_interfaces/msg/_address_book.py
-- Installing: /home/rti/1_Projects/ros2_ws/install/more_interfaces/lib/python3.10/site-packages/more_interfaces/more_interfaces_s__rosidl_typesupport_fastrtps_c.cpython-310-x86_64-linux-gnu.so
-- Installing: /home/rti/1_Projects/ros2_ws/install/more_interfaces/lib/python3.10/site-packages/more_interfaces/libmore_interfaces__rosidl_generator_py.so
-- Installing: /home/rti/1_Projects/ros2_ws/install/more_interfaces/lib/python3.10/site-packages/more_interfaces/_more_interfaces_s.ep.rosidl_typesupport_fastrtps_c.c
Listing '/home/rti/1_Projects/ros2_ws/install/more_interfaces/lib/python3.10/site-packages/more_interfaces'...
Compiling '/home/rti/1_Projects/ros2_ws/install/more_interfaces/lib/python3.10/site-packages/more_interfaces/__init__.py'...
Listing '/home/rti/1_Projects/ros2_ws/install/more_interfaces/lib/python3.10/site-packages/more_interfaces/msg'...
Compiling '/home/rti/1_Projects/ros2_ws/install/more_interfaces/lib/python3.10/site-packages/more_interfaces/msg/__init__.py'...
Compiling '/home/rti/1_Projects/ros2_ws/install/more_interfaces/lib/python3.10/site-packages/more_interfaces/msg/_address_book.py'...
-- Installing: /home/rti/1_Projects/ros2_ws/install/more_interfaces/lib/python3.10/site-packages/more_interfaces/more_interfaces_s__rosidl_typesupport_fastrtps_c.cpython-310-x86_64-linux-gnu.so
-- Set runtime path of "/home/rti/1_Projects/ros2_ws/install/more_interfaces/lib/python3.10/site-packages/more_interfaces/more_interfaces_s__rosidl_typesupport_fastrtps_c.cpython-310-x86_64-linux-gnu.so" to ""
-- Installing: /home/rti/1_Projects/ros2_ws/install/more_interfaces/lib/python3.10/site-packages/more_interfaces/more_interfaces_s__rosidl_typesupport_introspection_c.cpython-310-x86_64-linux-gnu.so
-- Set runtime path of "/home/rti/1_Projects/ros2_ws/install/more_interfaces/lib/python3.10/site-packages/more_interfaces/more_interfaces_s__rosidl_typesupport_introspection_c.cpython-310-x86_64-linux-gnu.so" to ""
-- Installing: /home/rti/1_Projects/ros2_ws/install/more_interfaces/lib/python3.10/site-packages/more_interfaces/more_interfaces_s__rosidl_typesupport_c.cpython-310-x86_64-linux-gnu.so
-- Set runtime path of "/home/rti/1_Projects/ros2_ws/install/more_interfaces/lib/python3.10/site-packages/more_interfaces/more_interfaces_s__rosidl_typesupport_c.cpython-310-x86_64-linux-gnu.so" to ""
-- Installing: /home/rti/1_Projects/ros2_ws/install/more_interfaces/lib/libmore_interfaces__rosidl_generator_py.so
-- Set runtime path of "/home/rti/1_Projects/ros2_ws/install/more_interfaces/lib/libmore_interfaces__rosidl_generator_py.so" to ""
-- Installing: /home/rti/1_Projects/ros2_ws/install/more_interfaces/share/more_interfaces/msg/AddressBook.idl
-- Installing: /home/rti/1_Projects/ros2_ws/install/more_interfaces/share/more_interfaces/msg/AddressBook.msg
-- Installing: /home/rti/1_Projects/ros2_ws/install/more_interfaces/share/ament_index/resource_index/package_run_dependencies/more_interfaces
-- Installing: /home/rti/1_Projects/ros2_ws/install/more_interfaces/share/ament_index/resource_index/parent_prefix_path/more_interfaces
-- Installing: /home/rti/1_Projects/ros2_ws/install/more_interfaces/share/more_interfaces/environment/ament_prefix_path.sh
-- Installing: /home/rti/1_Projects/ros2_ws/install/more_interfaces/share/more_interfaces/environment/ament_prefix_path.dsv
-- Installing: /home/rti/1_Projects/ros2_ws/install/more_interfaces/share/more_interfaces/environment/path.sh
-- Installing: /home/rti/1_Projects/ros2_ws/install/more_interfaces/share/more_interfaces/environment/path.dsv
-- Installing: /home/rti/1_Projects/ros2_ws/install/more_interfaces/share/more_interfaces/local_setup.bash
-- Installing: /home/rti/1_Projects/ros2_ws/install/more_interfaces/share/more_interfaces/local_setup.sh
-- Installing: /home/rti/1_Projects/ros2_ws/install/more_interfaces/share/more_interfaces/local_setup.zsh
-- Installing: /home/rti/1_Projects/ros2_ws/install/more_interfaces/share/more_interfaces/local_setup.dsv
-- Installing: /home/rti/1_Projects/ros2_ws/install/more_interfaces/share/more_interfaces/package.dsv
-- Installing: /home/rti/1_Projects/ros2_ws/install/more_interfaces/share/ament_index/resource_index/packages/more_interfaces
-- Installing: /home/rti/1_Projects/ros2_ws/install/more_interfaces/share/more_interfaces/cmake/export_more_interfaces__rosidl_generator_cExport.cmake
-- Installing: /home/rti/1_Projects/ros2_ws/install/more_interfaces/share/more_interfaces/cmake/export_more_interfaces__rosidl_generator_cExport-noconfig.cmake
-- Installing: /home/rti/1_Projects/ros2_ws/install/more_interfaces/share/more_interfaces/cmake/export_more_interfaces__rosidl_typesupport_fastrtps_cExport.cmake
-- Installing: /home/rti/1_Projects/ros2_ws/install/more_interfaces/share/more_interfaces/cmake/export_more_interfaces__rosidl_typesupport_fastrtps_cExport-noconfig.cmake
-- Installing: /home/rti/1_Projects/ros2_ws/install/more_interfaces/share/more_interfaces/cmake/more_interfaces__rosidl_typesupport_introspection_cExport.cmake
-- Installing: /home/rti/1_Projects/ros2_ws/install/more_interfaces/share/more_interfaces/cmake/more_interfaces__rosidl_typesupport_introspection_cExport-noconfig.cmake
-- Installing: /home/rti/1_Projects/ros2_ws/install/more_interfaces/share/more_interfaces/cmake/more_interfaces__rosidl_typesupport_cExport.cmake
-- Installing: /home/rti/1_Projects/ros2_ws/install/more_interfaces/share/more_interfaces/cmake/more_interfaces__rosidl_typesupport_cExport-noconfig.cmake
-- Installing: /home/rti/1_Projects/ros2_ws/install/more_interfaces/share/more_interfaces/cmake/export_more_interfaces__rosidl_generator_cppExport.cmake
-- Installing: /home/rti/1_Projects/ros2_ws/install/more_interfaces/share/more_interfaces/cmake/export_more_interfaces__rosidl_typesupport_fastrtps_cppExport.cmake
-- Installing: /home/rti/1_Projects/ros2_ws/install/more_interfaces/share/more_interfaces/cmake/export_more_interfaces__rosidl_typesupport_fastrtps_cppExport-noconfig.cmake
-- Installing: /home/rti/1_Projects/ros2_ws/install/more_interfaces/share/more_interfaces/cmake/more_interfaces__rosidl_typesupport_introspection_cppExport.cmake
-- Installing: /home/rti/1_Projects/ros2_ws/install/more_interfaces/share/more_interfaces/cmake/more_interfaces__rosidl_typesupport_introspection_cppExport-noconfig.cmake
-- Installing: /home/rti/1_Projects/ros2_ws/install/more_interfaces/share/more_interfaces/cmake/more_interfaces__rosidl_typesupport_cppExport.cmake
-- Installing: /home/rti/1_Projects/ros2_ws/install/more_interfaces/share/more_interfaces/cmake/more_interfaces__rosidl_typesupport_cppExport-noconfig.cmake
-- Installing: /home/rti/1_Projects/ros2_ws/install/more_interfaces/share/more_interfaces/cmake/export_more_interfaces__rosidl_generator_pyExport.cmake
-- Installing: /home/rti/1_Projects/ros2_ws/install/more_interfaces/share/more_interfaces/cmake/export_more_interfaces__rosidl_generator_pyExport-noconfig.cmake
-- Installing: /home/rti/1_Projects/ros2_ws/install/more_interfaces/share/more_interfaces/cmake/rosidl_cmake-extras.cmake
-- Installing: /home/rti/1_Projects/ros2_ws/install/more_interfaces/share/more_interfaces/cmake/ament_cmake_export_include_directories-extras.cmake
-- Installing: /home/rti/1_Projects/ros2_ws/install/more_interfaces/share/more_interfaces/cmake/ament_cmake_export_libraries-extras.cmake
-- Installing: /home/rti/1_Projects/ros2_ws/install/more_interfaces/share/more_interfaces/cmake/ament_cmake_export_targets-extras.cmake
-- Installing: /home/rti/1_Projects/ros2_ws/install/more_interfaces/share/more_interfaces/cmake/rosidl_cmake_export_typesupport_targets-extras.cmake
-- Installing: /home/rti/1_Projects/ros2_ws/install/more_interfaces/share/more_interfaces/cmake/ament_cmake_export_dependencies-extras.cmake
-- Installing: /home/rti/1_Projects/ros2_ws/install/more_interfaces/share/more_interfaces/cmake/rosidl_cmake_export_typesupport_libraries-extras.cmake
-- Installing: /home/rti/1_Projects/ros2_ws/install/more_interfaces/share/more_interfaces/cmake/more_interfacesConfig.cmake
-- Installing: /home/rti/1_Projects/ros2_ws/install/more_interfaces/share/more_interfaces/cmake/more_interfacesConfig-version.cmake
-- Installing: /home/rti/1_Projects/ros2_ws/install/more_interfaces/share/more_interfaces/package.xml
