[0.085s] Invoking command in '/home/rti/1_Projects/ros2_ws/build/more_interfaces': CMAKE_PREFIX_PATH=${CMAKE_PREFIX_PATH}:/opt/ros/iron /usr/bin/cmake /home/rti/1_Projects/ros2_ws/src/more_interfaces -DCMAKE_INSTALL_PREFIX=/home/rti/1_Projects/ros2_ws/install/more_interfaces
[0.098s] -- Found ament_cmake: 2.0.3 (/opt/ros/iron/share/ament_cmake/cmake)
[0.245s] -- Found rosidl_default_generators: 1.5.0 (/opt/ros/iron/share/rosidl_default_generators/cmake)
[0.248s] -- Using all available rosidl_typesupport_c: rosidl_typesupport_fastrtps_c;rosidl_typesupport_introspection_c
[0.283s] -- Using all available rosidl_typesupport_cpp: rosidl_typesupport_fastrtps_cpp;rosidl_typesupport_introspection_cpp
[0.313s] -- Found rosidl_adapter: 4.0.1 (/opt/ros/iron/share/rosidl_adapter/cmake)
[0.318s] -- Found rclcpp: 21.0.4 (/opt/ros/iron/share/rclcpp/cmake)
[0.493s] -- Found rmw_implementation_cmake: 7.1.0 (/opt/ros/iron/share/rmw_implementation_cmake/cmake)
[0.494s] -- Found rmw_fastrtps_cpp: 7.1.2 (/opt/ros/iron/share/rmw_fastrtps_cpp/cmake)
[0.625s] -- Using RMW implementation 'rmw_fastrtps_cpp' as default
[1.106s] -- Found ament_cmake_ros: 0.11.2 (/opt/ros/iron/share/ament_cmake_ros/cmake)
[1.296s] -- Using all available rosidl_typesupport_c: rosidl_typesupport_fastrtps_c;rosidl_typesupport_introspection_c
[1.556s] -- Using all available rosidl_typesupport_cpp: rosidl_typesupport_fastrtps_cpp;rosidl_typesupport_introspection_cpp
[1.578s] -- Found PythonInterp: /usr/bin/python3 (found suitable version "3.10.12", minimum required is "3.6") 
[1.580s] -- Found python_cmake_module: 0.10.2 (/opt/ros/iron/share/python_cmake_module/cmake)
[1.605s] -- Found PythonLibs: /usr/lib/x86_64-linux-gnu/libpython3.10.so (found suitable version "3.10.12", minimum required is "3.5") 
[1.606s] -- Using PYTHON_EXECUTABLE: /usr/bin/python3
[1.606s] -- Using PYTHON_INCLUDE_DIRS: /usr/include/python3.10
[1.606s] -- Using PYTHON_LIBRARIES: /usr/lib/x86_64-linux-gnu/libpython3.10.so
[1.628s] -- Found PythonExtra: .so  
[1.696s] -- Configuring done
[1.730s] -- Generating done
[1.734s] -- Build files have been written to: /home/rti/1_Projects/ros2_ws/build/more_interfaces
[1.744s] Invoked command in '/home/rti/1_Projects/ros2_ws/build/more_interfaces' returned '0': CMAKE_PREFIX_PATH=${CMAKE_PREFIX_PATH}:/opt/ros/iron /usr/bin/cmake /home/rti/1_Projects/ros2_ws/src/more_interfaces -DCMAKE_INSTALL_PREFIX=/home/rti/1_Projects/ros2_ws/install/more_interfaces
[1.746s] Invoking command in '/home/rti/1_Projects/ros2_ws/build/more_interfaces': CMAKE_PREFIX_PATH=${CMAKE_PREFIX_PATH}:/opt/ros/iron /usr/bin/cmake --build /home/rti/1_Projects/ros2_ws/build/more_interfaces -- -j2 -l2
[1.802s] [  2%] [34m[1mGenerating type hashes for ROS interfaces[0m
[1.812s] [  2%] Built target ament_cmake_python_copy_more_interfaces
[2.017s] [  2%] Built target more_interfaces__rosidl_generator_type_description
[2.039s] [  5%] [34m[1mGenerating C++ code for ROS interfaces[0m
[2.101s] running egg_info
[2.103s] creating more_interfaces.egg-info
[2.104s] writing more_interfaces.egg-info/PKG-INFO
[2.105s] writing dependency_links to more_interfaces.egg-info/dependency_links.txt
[2.105s] writing top-level names to more_interfaces.egg-info/top_level.txt
[2.106s] writing manifest file 'more_interfaces.egg-info/SOURCES.txt'
[2.109s] reading manifest file 'more_interfaces.egg-info/SOURCES.txt'
[2.110s] writing manifest file 'more_interfaces.egg-info/SOURCES.txt'
[2.137s] [  5%] Built target ament_cmake_python_build_more_interfaces_egg
[2.151s] [  8%] [34m[1mGenerating C code for ROS interfaces[0m
[2.296s] [  8%] Built target more_interfaces__cpp
[2.463s] [ 11%] [32mBuilding C object CMakeFiles/more_interfaces__rosidl_generator_c.dir/rosidl_generator_c/more_interfaces/msg/detail/address_book__description.c.o[0m
[2.465s] [ 13%] [32mBuilding C object CMakeFiles/more_interfaces__rosidl_generator_c.dir/rosidl_generator_c/more_interfaces/msg/detail/address_book__functions.c.o[0m
[2.508s] [ 16%] [32mBuilding C object CMakeFiles/more_interfaces__rosidl_generator_c.dir/rosidl_generator_c/more_interfaces/msg/detail/address_book__type_support.c.o[0m
[2.541s] [ 19%] [32m[1mLinking C shared library libmore_interfaces__rosidl_generator_c.so[0m
[2.588s] [ 19%] Built target more_interfaces__rosidl_generator_c
[2.599s] [ 25%] [34m[1mGenerating C++ type support dispatch for ROS interfaces[0m
[2.600s] [ 25%] [34m[1mGenerating C type support for eProsima Fast-RTPS[0m
[2.823s] [ 27%] [32mBuilding CXX object CMakeFiles/more_interfaces__rosidl_typesupport_cpp.dir/rosidl_typesupport_cpp/more_interfaces/msg/address_book__type_support.cpp.o[0m
[2.854s] [ 30%] [32mBuilding CXX object CMakeFiles/more_interfaces__rosidl_typesupport_fastrtps_c.dir/rosidl_typesupport_fastrtps_c/more_interfaces/msg/detail/address_book__type_support_c.cpp.o[0m
[3.201s] [ 33%] [32m[1mLinking CXX shared library libmore_interfaces__rosidl_typesupport_cpp.so[0m
[3.212s] [ 36%] [32m[1mLinking CXX shared library libmore_interfaces__rosidl_typesupport_fastrtps_c.so[0m
[3.264s] [ 36%] Built target more_interfaces__rosidl_typesupport_cpp
[3.282s] [ 38%] [34m[1mGenerating C introspection for ROS interfaces[0m
[3.308s] [ 38%] Built target more_interfaces__rosidl_typesupport_fastrtps_c
[3.319s] [ 41%] [34m[1mGenerating C type support dispatch for ROS interfaces[0m
[3.532s] [ 44%] [32mBuilding C object CMakeFiles/more_interfaces__rosidl_typesupport_introspection_c.dir/rosidl_typesupport_introspection_c/more_interfaces/msg/detail/address_book__type_support.c.o[0m
[3.542s] [ 47%] [32mBuilding CXX object CMakeFiles/more_interfaces__rosidl_typesupport_c.dir/rosidl_typesupport_c/more_interfaces/msg/address_book__type_support.cpp.o[0m
[3.574s] [ 50%] [32m[1mLinking C shared library libmore_interfaces__rosidl_typesupport_introspection_c.so[0m
[3.587s] [ 52%] [32m[1mLinking CXX shared library libmore_interfaces__rosidl_typesupport_c.so[0m
[3.616s] [ 52%] Built target more_interfaces__rosidl_typesupport_introspection_c
[3.630s] [ 55%] [34m[1mGenerating C++ type support for eProsima Fast-RTPS[0m
[3.633s] [ 55%] Built target more_interfaces__rosidl_typesupport_c
[3.645s] [ 58%] [34m[1mGenerating C++ introspection for ROS interfaces[0m
[3.878s] [ 61%] [32mBuilding CXX object CMakeFiles/more_interfaces__rosidl_typesupport_fastrtps_cpp.dir/rosidl_typesupport_fastrtps_cpp/more_interfaces/msg/detail/dds_fastrtps/address_book__type_support.cpp.o[0m
[3.895s] [ 63%] [32mBuilding CXX object CMakeFiles/more_interfaces__rosidl_typesupport_introspection_cpp.dir/rosidl_typesupport_introspection_cpp/more_interfaces/msg/detail/address_book__type_support.cpp.o[0m
[4.314s] [ 66%] [32m[1mLinking CXX shared library libmore_interfaces__rosidl_typesupport_introspection_cpp.so[0m
[4.397s] [ 66%] Built target more_interfaces__rosidl_typesupport_introspection_cpp
[4.421s] [ 69%] [32mBuilding CXX object CMakeFiles/publish_address_book.dir/src/publish_address_book.cpp.o[0m
[4.477s] [ 72%] [32m[1mLinking CXX shared library libmore_interfaces__rosidl_typesupport_fastrtps_cpp.so[0m
[4.558s] [ 72%] Built target more_interfaces__rosidl_typesupport_fastrtps_cpp
[4.582s] [ 72%] Built target more_interfaces
[4.605s] [ 75%] [34m[1mGenerating Python code for ROS interfaces[0m
[4.946s] [ 75%] Built target more_interfaces__py
[4.971s] [ 77%] [32mBuilding C object CMakeFiles/more_interfaces__rosidl_generator_py.dir/rosidl_generator_py/more_interfaces/msg/_address_book_s.c.o[0m
[5.081s] [ 80%] [32m[1mLinking C shared library rosidl_generator_py/more_interfaces/libmore_interfaces__rosidl_generator_py.so[0m
[5.126s] [ 80%] Built target more_interfaces__rosidl_generator_py
[5.149s] [ 83%] [32mBuilding C object CMakeFiles/more_interfaces__rosidl_typesupport_fastrtps_c__pyext.dir/rosidl_generator_py/more_interfaces/_more_interfaces_s.ep.rosidl_typesupport_fastrtps_c.c.o[0m
[5.256s] [ 86%] [32m[1mLinking C shared library rosidl_generator_py/more_interfaces/more_interfaces_s__rosidl_typesupport_fastrtps_c.cpython-310-x86_64-linux-gnu.so[0m
[5.297s] [ 86%] Built target more_interfaces__rosidl_typesupport_fastrtps_c__pyext
[5.321s] [ 88%] [32mBuilding C object CMakeFiles/more_interfaces__rosidl_typesupport_introspection_c__pyext.dir/rosidl_generator_py/more_interfaces/_more_interfaces_s.ep.rosidl_typesupport_introspection_c.c.o[0m
[5.423s] [ 91%] [32m[1mLinking C shared library rosidl_generator_py/more_interfaces/more_interfaces_s__rosidl_typesupport_introspection_c.cpython-310-x86_64-linux-gnu.so[0m
[5.461s] [ 91%] Built target more_interfaces__rosidl_typesupport_introspection_c__pyext
[5.487s] [ 94%] [32mBuilding C object CMakeFiles/more_interfaces__rosidl_typesupport_c__pyext.dir/rosidl_generator_py/more_interfaces/_more_interfaces_s.ep.rosidl_typesupport_c.c.o[0m
[5.585s] [ 97%] [32m[1mLinking C shared library rosidl_generator_py/more_interfaces/more_interfaces_s__rosidl_typesupport_c.cpython-310-x86_64-linux-gnu.so[0m
[5.624s] [ 97%] Built target more_interfaces__rosidl_typesupport_c__pyext
[8.988s] [100%] [32m[1mLinking CXX executable publish_address_book[0m
[9.171s] [100%] Built target publish_address_book
[9.187s] Invoked command in '/home/rti/1_Projects/ros2_ws/build/more_interfaces' returned '0': CMAKE_PREFIX_PATH=${CMAKE_PREFIX_PATH}:/opt/ros/iron /usr/bin/cmake --build /home/rti/1_Projects/ros2_ws/build/more_interfaces -- -j2 -l2
[9.287s] Invoking command in '/home/rti/1_Projects/ros2_ws/build/more_interfaces': CMAKE_PREFIX_PATH=${CMAKE_PREFIX_PATH}:/opt/ros/iron /usr/bin/cmake --install /home/rti/1_Projects/ros2_ws/build/more_interfaces
[9.296s] -- Install configuration: ""
[9.296s] -- Installing: /home/rti/1_Projects/ros2_ws/install/more_interfaces/lib/more_interfaces/publish_address_book
[9.298s] -- Set runtime path of "/home/rti/1_Projects/ros2_ws/install/more_interfaces/lib/more_interfaces/publish_address_book" to ""
[9.301s] -- Installing: /home/rti/1_Projects/ros2_ws/install/more_interfaces/share/ament_index/resource_index/rosidl_interfaces/more_interfaces
[9.301s] -- Installing: /home/rti/1_Projects/ros2_ws/install/more_interfaces/share/more_interfaces/msg/AddressBook.json
[9.301s] -- Installing: /home/rti/1_Projects/ros2_ws/install/more_interfaces/include/more_interfaces/more_interfaces
[9.301s] -- Installing: /home/rti/1_Projects/ros2_ws/install/more_interfaces/include/more_interfaces/more_interfaces/msg
[9.301s] -- Installing: /home/rti/1_Projects/ros2_ws/install/more_interfaces/include/more_interfaces/more_interfaces/msg/address_book.h
[9.301s] -- Installing: /home/rti/1_Projects/ros2_ws/install/more_interfaces/include/more_interfaces/more_interfaces/msg/detail
[9.302s] -- Installing: /home/rti/1_Projects/ros2_ws/install/more_interfaces/include/more_interfaces/more_interfaces/msg/detail/address_book__struct.h
[9.302s] -- Installing: /home/rti/1_Projects/ros2_ws/install/more_interfaces/include/more_interfaces/more_interfaces/msg/detail/address_book__type_support.c
[9.302s] -- Installing: /home/rti/1_Projects/ros2_ws/install/more_interfaces/include/more_interfaces/more_interfaces/msg/detail/address_book__functions.h
[9.303s] -- Installing: /home/rti/1_Projects/ros2_ws/install/more_interfaces/include/more_interfaces/more_interfaces/msg/detail/address_book__description.c
[9.303s] -- Installing: /home/rti/1_Projects/ros2_ws/install/more_interfaces/include/more_interfaces/more_interfaces/msg/detail/address_book__type_support.h
[9.304s] -- Installing: /home/rti/1_Projects/ros2_ws/install/more_interfaces/include/more_interfaces/more_interfaces/msg/detail/address_book__functions.c
[9.304s] -- Installing: /home/rti/1_Projects/ros2_ws/install/more_interfaces/include/more_interfaces/more_interfaces/msg/rosidl_generator_c__visibility_control.h
[9.305s] -- Installing: /home/rti/1_Projects/ros2_ws/install/more_interfaces/share/more_interfaces/environment/library_path.sh
[9.305s] -- Installing: /home/rti/1_Projects/ros2_ws/install/more_interfaces/share/more_interfaces/environment/library_path.dsv
[9.305s] -- Installing: /home/rti/1_Projects/ros2_ws/install/more_interfaces/lib/libmore_interfaces__rosidl_generator_c.so
[9.306s] -- Set runtime path of "/home/rti/1_Projects/ros2_ws/install/more_interfaces/lib/libmore_interfaces__rosidl_generator_c.so" to ""
[9.306s] -- Up-to-date: /home/rti/1_Projects/ros2_ws/install/more_interfaces/include/more_interfaces/more_interfaces
[9.306s] -- Up-to-date: /home/rti/1_Projects/ros2_ws/install/more_interfaces/include/more_interfaces/more_interfaces/msg
[9.306s] -- Up-to-date: /home/rti/1_Projects/ros2_ws/install/more_interfaces/include/more_interfaces/more_interfaces/msg/detail
[9.307s] -- Installing: /home/rti/1_Projects/ros2_ws/install/more_interfaces/include/more_interfaces/more_interfaces/msg/detail/address_book__rosidl_typesupport_fastrtps_c.h
[9.307s] -- Installing: /home/rti/1_Projects/ros2_ws/install/more_interfaces/include/more_interfaces/more_interfaces/msg/rosidl_typesupport_fastrtps_c__visibility_control.h
[9.307s] -- Installing: /home/rti/1_Projects/ros2_ws/install/more_interfaces/lib/libmore_interfaces__rosidl_typesupport_fastrtps_c.so
[9.308s] -- Set runtime path of "/home/rti/1_Projects/ros2_ws/install/more_interfaces/lib/libmore_interfaces__rosidl_typesupport_fastrtps_c.so" to ""
[9.308s] -- Up-to-date: /home/rti/1_Projects/ros2_ws/install/more_interfaces/include/more_interfaces/more_interfaces
[9.308s] -- Up-to-date: /home/rti/1_Projects/ros2_ws/install/more_interfaces/include/more_interfaces/more_interfaces/msg
[9.309s] -- Installing: /home/rti/1_Projects/ros2_ws/install/more_interfaces/include/more_interfaces/more_interfaces/msg/rosidl_typesupport_introspection_c__visibility_control.h
[9.309s] -- Up-to-date: /home/rti/1_Projects/ros2_ws/install/more_interfaces/include/more_interfaces/more_interfaces/msg/detail
[9.309s] -- Installing: /home/rti/1_Projects/ros2_ws/install/more_interfaces/include/more_interfaces/more_interfaces/msg/detail/address_book__rosidl_typesupport_introspection_c.h
[9.309s] -- Installing: /home/rti/1_Projects/ros2_ws/install/more_interfaces/include/more_interfaces/more_interfaces/msg/detail/address_book__type_support.c
[9.310s] -- Installing: /home/rti/1_Projects/ros2_ws/install/more_interfaces/lib/libmore_interfaces__rosidl_typesupport_introspection_c.so
[9.311s] -- Set runtime path of "/home/rti/1_Projects/ros2_ws/install/more_interfaces/lib/libmore_interfaces__rosidl_typesupport_introspection_c.so" to ""
[9.311s] -- Installing: /home/rti/1_Projects/ros2_ws/install/more_interfaces/lib/libmore_interfaces__rosidl_typesupport_c.so
[9.312s] -- Set runtime path of "/home/rti/1_Projects/ros2_ws/install/more_interfaces/lib/libmore_interfaces__rosidl_typesupport_c.so" to ""
[9.312s] -- Up-to-date: /home/rti/1_Projects/ros2_ws/install/more_interfaces/include/more_interfaces/more_interfaces
[9.312s] -- Up-to-date: /home/rti/1_Projects/ros2_ws/install/more_interfaces/include/more_interfaces/more_interfaces/msg
[9.312s] -- Installing: /home/rti/1_Projects/ros2_ws/install/more_interfaces/include/more_interfaces/more_interfaces/msg/address_book.hpp
[9.313s] -- Up-to-date: /home/rti/1_Projects/ros2_ws/install/more_interfaces/include/more_interfaces/more_interfaces/msg/detail
[9.313s] -- Installing: /home/rti/1_Projects/ros2_ws/install/more_interfaces/include/more_interfaces/more_interfaces/msg/detail/address_book__traits.hpp
[9.315s] -- Installing: /home/rti/1_Projects/ros2_ws/install/more_interfaces/include/more_interfaces/more_interfaces/msg/detail/address_book__builder.hpp
[9.316s] -- Installing: /home/rti/1_Projects/ros2_ws/install/more_interfaces/include/more_interfaces/more_interfaces/msg/detail/address_book__struct.hpp
[9.316s] -- Up-to-date: /home/rti/1_Projects/ros2_ws/install/more_interfaces/include/more_interfaces/more_interfaces
[9.316s] -- Up-to-date: /home/rti/1_Projects/ros2_ws/install/more_interfaces/include/more_interfaces/more_interfaces/msg
[9.316s] -- Up-to-date: /home/rti/1_Projects/ros2_ws/install/more_interfaces/include/more_interfaces/more_interfaces/msg/detail
[9.317s] -- Installing: /home/rti/1_Projects/ros2_ws/install/more_interfaces/include/more_interfaces/more_interfaces/msg/detail/dds_fastrtps
[9.317s] -- Installing: /home/rti/1_Projects/ros2_ws/install/more_interfaces/include/more_interfaces/more_interfaces/msg/detail/address_book__rosidl_typesupport_fastrtps_cpp.hpp
[9.317s] -- Installing: /home/rti/1_Projects/ros2_ws/install/more_interfaces/include/more_interfaces/more_interfaces/msg/rosidl_typesupport_fastrtps_cpp__visibility_control.h
[9.318s] -- Installing: /home/rti/1_Projects/ros2_ws/install/more_interfaces/lib/libmore_interfaces__rosidl_typesupport_fastrtps_cpp.so
[9.318s] -- Set runtime path of "/home/rti/1_Projects/ros2_ws/install/more_interfaces/lib/libmore_interfaces__rosidl_typesupport_fastrtps_cpp.so" to ""
[9.319s] -- Up-to-date: /home/rti/1_Projects/ros2_ws/install/more_interfaces/include/more_interfaces/more_interfaces
[9.319s] -- Up-to-date: /home/rti/1_Projects/ros2_ws/install/more_interfaces/include/more_interfaces/more_interfaces/msg
[9.319s] -- Up-to-date: /home/rti/1_Projects/ros2_ws/install/more_interfaces/include/more_interfaces/more_interfaces/msg/detail
[9.319s] -- Installing: /home/rti/1_Projects/ros2_ws/install/more_interfaces/include/more_interfaces/more_interfaces/msg/detail/address_book__type_support.cpp
[9.319s] -- Installing: /home/rti/1_Projects/ros2_ws/install/more_interfaces/include/more_interfaces/more_interfaces/msg/detail/address_book__rosidl_typesupport_introspection_cpp.hpp
[9.320s] -- Installing: /home/rti/1_Projects/ros2_ws/install/more_interfaces/lib/libmore_interfaces__rosidl_typesupport_introspection_cpp.so
[9.321s] -- Set runtime path of "/home/rti/1_Projects/ros2_ws/install/more_interfaces/lib/libmore_interfaces__rosidl_typesupport_introspection_cpp.so" to ""
[9.321s] -- Installing: /home/rti/1_Projects/ros2_ws/install/more_interfaces/lib/libmore_interfaces__rosidl_typesupport_cpp.so
[9.321s] -- Set runtime path of "/home/rti/1_Projects/ros2_ws/install/more_interfaces/lib/libmore_interfaces__rosidl_typesupport_cpp.so" to ""
[9.322s] -- Installing: /home/rti/1_Projects/ros2_ws/install/more_interfaces/share/more_interfaces/environment/pythonpath.sh
[9.322s] -- Installing: /home/rti/1_Projects/ros2_ws/install/more_interfaces/share/more_interfaces/environment/pythonpath.dsv
[9.322s] -- Installing: /home/rti/1_Projects/ros2_ws/install/more_interfaces/lib/python3.10/site-packages/more_interfaces-0.0.0-py3.10.egg-info
[9.322s] -- Installing: /home/rti/1_Projects/ros2_ws/install/more_interfaces/lib/python3.10/site-packages/more_interfaces-0.0.0-py3.10.egg-info/dependency_links.txt
[9.323s] -- Installing: /home/rti/1_Projects/ros2_ws/install/more_interfaces/lib/python3.10/site-packages/more_interfaces-0.0.0-py3.10.egg-info/SOURCES.txt
[9.323s] -- Installing: /home/rti/1_Projects/ros2_ws/install/more_interfaces/lib/python3.10/site-packages/more_interfaces-0.0.0-py3.10.egg-info/top_level.txt
[9.323s] -- Installing: /home/rti/1_Projects/ros2_ws/install/more_interfaces/lib/python3.10/site-packages/more_interfaces-0.0.0-py3.10.egg-info/PKG-INFO
[9.324s] -- Installing: /home/rti/1_Projects/ros2_ws/install/more_interfaces/lib/python3.10/site-packages/more_interfaces
[9.324s] -- Installing: /home/rti/1_Projects/ros2_ws/install/more_interfaces/lib/python3.10/site-packages/more_interfaces/_more_interfaces_s.ep.rosidl_typesupport_introspection_c.c
[9.324s] -- Installing: /home/rti/1_Projects/ros2_ws/install/more_interfaces/lib/python3.10/site-packages/more_interfaces/_more_interfaces_s.ep.rosidl_typesupport_c.c
[9.325s] -- Installing: /home/rti/1_Projects/ros2_ws/install/more_interfaces/lib/python3.10/site-packages/more_interfaces/__init__.py
[9.325s] -- Installing: /home/rti/1_Projects/ros2_ws/install/more_interfaces/lib/python3.10/site-packages/more_interfaces/more_interfaces_s__rosidl_typesupport_c.cpython-310-x86_64-linux-gnu.so
[9.325s] -- Installing: /home/rti/1_Projects/ros2_ws/install/more_interfaces/lib/python3.10/site-packages/more_interfaces/more_interfaces_s__rosidl_typesupport_introspection_c.cpython-310-x86_64-linux-gnu.so
[9.325s] -- Installing: /home/rti/1_Projects/ros2_ws/install/more_interfaces/lib/python3.10/site-packages/more_interfaces/msg
[9.326s] -- Installing: /home/rti/1_Projects/ros2_ws/install/more_interfaces/lib/python3.10/site-packages/more_interfaces/msg/__init__.py
[9.326s] -- Installing: /home/rti/1_Projects/ros2_ws/install/more_interfaces/lib/python3.10/site-packages/more_interfaces/msg/_address_book_s.c
[9.326s] -- Installing: /home/rti/1_Projects/ros2_ws/install/more_interfaces/lib/python3.10/site-packages/more_interfaces/msg/_address_book.py
[9.327s] -- Installing: /home/rti/1_Projects/ros2_ws/install/more_interfaces/lib/python3.10/site-packages/more_interfaces/more_interfaces_s__rosidl_typesupport_fastrtps_c.cpython-310-x86_64-linux-gnu.so
[9.327s] -- Installing: /home/rti/1_Projects/ros2_ws/install/more_interfaces/lib/python3.10/site-packages/more_interfaces/libmore_interfaces__rosidl_generator_py.so
[9.327s] -- Installing: /home/rti/1_Projects/ros2_ws/install/more_interfaces/lib/python3.10/site-packages/more_interfaces/_more_interfaces_s.ep.rosidl_typesupport_fastrtps_c.c
[9.360s] Listing '/home/rti/1_Projects/ros2_ws/install/more_interfaces/lib/python3.10/site-packages/more_interfaces'...
[9.360s] Compiling '/home/rti/1_Projects/ros2_ws/install/more_interfaces/lib/python3.10/site-packages/more_interfaces/__init__.py'...
[9.361s] Listing '/home/rti/1_Projects/ros2_ws/install/more_interfaces/lib/python3.10/site-packages/more_interfaces/msg'...
[9.361s] Compiling '/home/rti/1_Projects/ros2_ws/install/more_interfaces/lib/python3.10/site-packages/more_interfaces/msg/__init__.py'...
[9.361s] Compiling '/home/rti/1_Projects/ros2_ws/install/more_interfaces/lib/python3.10/site-packages/more_interfaces/msg/_address_book.py'...
[9.366s] -- Installing: /home/rti/1_Projects/ros2_ws/install/more_interfaces/lib/python3.10/site-packages/more_interfaces/more_interfaces_s__rosidl_typesupport_fastrtps_c.cpython-310-x86_64-linux-gnu.so
[9.366s] -- Set runtime path of "/home/rti/1_Projects/ros2_ws/install/more_interfaces/lib/python3.10/site-packages/more_interfaces/more_interfaces_s__rosidl_typesupport_fastrtps_c.cpython-310-x86_64-linux-gnu.so" to ""
[9.367s] -- Installing: /home/rti/1_Projects/ros2_ws/install/more_interfaces/lib/python3.10/site-packages/more_interfaces/more_interfaces_s__rosidl_typesupport_introspection_c.cpython-310-x86_64-linux-gnu.so
[9.368s] -- Set runtime path of "/home/rti/1_Projects/ros2_ws/install/more_interfaces/lib/python3.10/site-packages/more_interfaces/more_interfaces_s__rosidl_typesupport_introspection_c.cpython-310-x86_64-linux-gnu.so" to ""
[9.368s] -- Installing: /home/rti/1_Projects/ros2_ws/install/more_interfaces/lib/python3.10/site-packages/more_interfaces/more_interfaces_s__rosidl_typesupport_c.cpython-310-x86_64-linux-gnu.so
[9.369s] -- Set runtime path of "/home/rti/1_Projects/ros2_ws/install/more_interfaces/lib/python3.10/site-packages/more_interfaces/more_interfaces_s__rosidl_typesupport_c.cpython-310-x86_64-linux-gnu.so" to ""
[9.369s] -- Installing: /home/rti/1_Projects/ros2_ws/install/more_interfaces/lib/libmore_interfaces__rosidl_generator_py.so
[9.370s] -- Set runtime path of "/home/rti/1_Projects/ros2_ws/install/more_interfaces/lib/libmore_interfaces__rosidl_generator_py.so" to ""
[9.370s] -- Installing: /home/rti/1_Projects/ros2_ws/install/more_interfaces/share/more_interfaces/msg/AddressBook.idl
[9.370s] -- Installing: /home/rti/1_Projects/ros2_ws/install/more_interfaces/share/more_interfaces/msg/AddressBook.msg
[9.371s] -- Installing: /home/rti/1_Projects/ros2_ws/install/more_interfaces/share/ament_index/resource_index/package_run_dependencies/more_interfaces
[9.371s] -- Installing: /home/rti/1_Projects/ros2_ws/install/more_interfaces/share/ament_index/resource_index/parent_prefix_path/more_interfaces
[9.372s] -- Installing: /home/rti/1_Projects/ros2_ws/install/more_interfaces/share/more_interfaces/environment/ament_prefix_path.sh
[9.372s] -- Installing: /home/rti/1_Projects/ros2_ws/install/more_interfaces/share/more_interfaces/environment/ament_prefix_path.dsv
[9.372s] -- Installing: /home/rti/1_Projects/ros2_ws/install/more_interfaces/share/more_interfaces/environment/path.sh
[9.372s] -- Installing: /home/rti/1_Projects/ros2_ws/install/more_interfaces/share/more_interfaces/environment/path.dsv
[9.373s] -- Installing: /home/rti/1_Projects/ros2_ws/install/more_interfaces/share/more_interfaces/local_setup.bash
[9.373s] -- Installing: /home/rti/1_Projects/ros2_ws/install/more_interfaces/share/more_interfaces/local_setup.sh
[9.373s] -- Installing: /home/rti/1_Projects/ros2_ws/install/more_interfaces/share/more_interfaces/local_setup.zsh
[9.373s] -- Installing: /home/rti/1_Projects/ros2_ws/install/more_interfaces/share/more_interfaces/local_setup.dsv
[9.373s] -- Installing: /home/rti/1_Projects/ros2_ws/install/more_interfaces/share/more_interfaces/package.dsv
[9.376s] -- Installing: /home/rti/1_Projects/ros2_ws/install/more_interfaces/share/ament_index/resource_index/packages/more_interfaces
[9.377s] -- Installing: /home/rti/1_Projects/ros2_ws/install/more_interfaces/share/more_interfaces/cmake/export_more_interfaces__rosidl_generator_cExport.cmake
[9.377s] -- Installing: /home/rti/1_Projects/ros2_ws/install/more_interfaces/share/more_interfaces/cmake/export_more_interfaces__rosidl_generator_cExport-noconfig.cmake
[9.378s] -- Installing: /home/rti/1_Projects/ros2_ws/install/more_interfaces/share/more_interfaces/cmake/export_more_interfaces__rosidl_typesupport_fastrtps_cExport.cmake
[9.378s] -- Installing: /home/rti/1_Projects/ros2_ws/install/more_interfaces/share/more_interfaces/cmake/export_more_interfaces__rosidl_typesupport_fastrtps_cExport-noconfig.cmake
[9.379s] -- Installing: /home/rti/1_Projects/ros2_ws/install/more_interfaces/share/more_interfaces/cmake/more_interfaces__rosidl_typesupport_introspection_cExport.cmake
[9.379s] -- Installing: /home/rti/1_Projects/ros2_ws/install/more_interfaces/share/more_interfaces/cmake/more_interfaces__rosidl_typesupport_introspection_cExport-noconfig.cmake
[9.384s] -- Installing: /home/rti/1_Projects/ros2_ws/install/more_interfaces/share/more_interfaces/cmake/more_interfaces__rosidl_typesupport_cExport.cmake
[9.384s] -- Installing: /home/rti/1_Projects/ros2_ws/install/more_interfaces/share/more_interfaces/cmake/more_interfaces__rosidl_typesupport_cExport-noconfig.cmake
[9.385s] -- Installing: /home/rti/1_Projects/ros2_ws/install/more_interfaces/share/more_interfaces/cmake/export_more_interfaces__rosidl_generator_cppExport.cmake
[9.385s] -- Installing: /home/rti/1_Projects/ros2_ws/install/more_interfaces/share/more_interfaces/cmake/export_more_interfaces__rosidl_typesupport_fastrtps_cppExport.cmake
[9.385s] -- Installing: /home/rti/1_Projects/ros2_ws/install/more_interfaces/share/more_interfaces/cmake/export_more_interfaces__rosidl_typesupport_fastrtps_cppExport-noconfig.cmake
[9.385s] -- Installing: /home/rti/1_Projects/ros2_ws/install/more_interfaces/share/more_interfaces/cmake/more_interfaces__rosidl_typesupport_introspection_cppExport.cmake
[9.385s] -- Installing: /home/rti/1_Projects/ros2_ws/install/more_interfaces/share/more_interfaces/cmake/more_interfaces__rosidl_typesupport_introspection_cppExport-noconfig.cmake
[9.385s] -- Installing: /home/rti/1_Projects/ros2_ws/install/more_interfaces/share/more_interfaces/cmake/more_interfaces__rosidl_typesupport_cppExport.cmake
[9.385s] -- Installing: /home/rti/1_Projects/ros2_ws/install/more_interfaces/share/more_interfaces/cmake/more_interfaces__rosidl_typesupport_cppExport-noconfig.cmake
[9.385s] -- Installing: /home/rti/1_Projects/ros2_ws/install/more_interfaces/share/more_interfaces/cmake/export_more_interfaces__rosidl_generator_pyExport.cmake
[9.385s] -- Installing: /home/rti/1_Projects/ros2_ws/install/more_interfaces/share/more_interfaces/cmake/export_more_interfaces__rosidl_generator_pyExport-noconfig.cmake
[9.385s] -- Installing: /home/rti/1_Projects/ros2_ws/install/more_interfaces/share/more_interfaces/cmake/rosidl_cmake-extras.cmake
[9.385s] -- Installing: /home/rti/1_Projects/ros2_ws/install/more_interfaces/share/more_interfaces/cmake/ament_cmake_export_include_directories-extras.cmake
[9.385s] -- Installing: /home/rti/1_Projects/ros2_ws/install/more_interfaces/share/more_interfaces/cmake/ament_cmake_export_libraries-extras.cmake
[9.385s] -- Installing: /home/rti/1_Projects/ros2_ws/install/more_interfaces/share/more_interfaces/cmake/ament_cmake_export_targets-extras.cmake
[9.385s] -- Installing: /home/rti/1_Projects/ros2_ws/install/more_interfaces/share/more_interfaces/cmake/rosidl_cmake_export_typesupport_targets-extras.cmake
[9.385s] -- Installing: /home/rti/1_Projects/ros2_ws/install/more_interfaces/share/more_interfaces/cmake/ament_cmake_export_dependencies-extras.cmake
[9.386s] -- Installing: /home/rti/1_Projects/ros2_ws/install/more_interfaces/share/more_interfaces/cmake/rosidl_cmake_export_typesupport_libraries-extras.cmake
[9.386s] -- Installing: /home/rti/1_Projects/ros2_ws/install/more_interfaces/share/more_interfaces/cmake/more_interfacesConfig.cmake
[9.386s] -- Installing: /home/rti/1_Projects/ros2_ws/install/more_interfaces/share/more_interfaces/cmake/more_interfacesConfig-version.cmake
[9.386s] -- Installing: /home/rti/1_Projects/ros2_ws/install/more_interfaces/share/more_interfaces/package.xml
[9.386s] Invoked command in '/home/rti/1_Projects/ros2_ws/build/more_interfaces' returned '0': CMAKE_PREFIX_PATH=${CMAKE_PREFIX_PATH}:/opt/ros/iron /usr/bin/cmake --install /home/rti/1_Projects/ros2_ws/build/more_interfaces
