[1.380s] DEBUG:colcon:Command line arguments: ['/usr/bin/colcon', 'build']
[1.381s] DEBUG:colcon:Parsed command line arguments: Namespace(log_base=None, log_level=None, verb_name='build', build_base='build', install_base='install', merge_install=False, symlink_install=False, test_result_base=None, continue_on_error=False, executor='parallel', parallel_workers=2, event_handlers=None, ignore_user_meta=False, metas=['./colcon.meta'], base_paths=['.'], packages_ignore=None, packages_ignore_regex=None, paths=None, packages_up_to=None, packages_up_to_regex=None, packages_above=None, packages_above_and_dependencies=None, packages_above_depth=None, packages_select_by_dep=None, packages_skip_by_dep=None, packages_skip_up_to=None, packages_select_build_failed=False, packages_skip_build_finished=False, packages_select_test_failures=False, packages_skip_test_passed=False, packages_select=None, packages_skip=None, packages_select_regex=None, packages_skip_regex=None, packages_start=None, packages_end=None, allow_overriding=[], cmake_args=None, cmake_target=None, cmake_target_skip_unavailable=False, cmake_clean_cache=False, cmake_clean_first=False, cmake_force_configure=False, ament_cmake_args=None, catkin_cmake_args=None, catkin_skip_building_tests=False, verb_parser=<colcon_defaults.argument_parser.defaults.DefaultArgumentsDecorator object at 0x7fea19bf5f00>, verb_extension=<colcon_core.verb.build.BuildVerb object at 0x7fea19bf4eb0>, main=<bound method BuildVerb.main of <colcon_core.verb.build.BuildVerb object at 0x7fea19bf4eb0>>)
[1.468s] Level 1:colcon.colcon_core.package_discovery:discover_packages(colcon_meta) check parameters
[1.468s] Level 1:colcon.colcon_core.package_discovery:discover_packages(recursive) check parameters
[1.468s] Level 1:colcon.colcon_core.package_discovery:discover_packages(ignore) check parameters
[1.468s] Level 1:colcon.colcon_core.package_discovery:discover_packages(path) check parameters
[1.468s] Level 1:colcon.colcon_core.package_discovery:discover_packages(colcon_meta) discover
[1.468s] Level 1:colcon.colcon_core.package_discovery:discover_packages(recursive) discover
[1.468s] INFO:colcon.colcon_core.package_discovery:Crawling recursively for packages in '/home/rti/1_Projects/ros2_ws'
[1.468s] Level 1:colcon.colcon_core.package_identification:_identify(.) by extensions ['ignore', 'ignore_ament_install']
[1.469s] Level 1:colcon.colcon_core.package_identification:_identify(.) by extension 'ignore'
[1.469s] Level 1:colcon.colcon_core.package_identification:_identify(.) by extension 'ignore_ament_install'
[1.469s] Level 1:colcon.colcon_core.package_identification:_identify(.) by extensions ['colcon_pkg']
[1.469s] Level 1:colcon.colcon_core.package_identification:_identify(.) by extension 'colcon_pkg'
[1.469s] Level 1:colcon.colcon_core.package_identification:_identify(.) by extensions ['colcon_meta']
[1.469s] Level 1:colcon.colcon_core.package_identification:_identify(.) by extension 'colcon_meta'
[1.469s] Level 1:colcon.colcon_core.package_identification:_identify(.) by extensions ['ros']
[1.469s] Level 1:colcon.colcon_core.package_identification:_identify(.) by extension 'ros'
[1.482s] Level 1:colcon.colcon_core.package_identification:_identify(.) by extensions ['cmake', 'python']
[1.482s] Level 1:colcon.colcon_core.package_identification:_identify(.) by extension 'cmake'
[1.482s] Level 1:colcon.colcon_core.package_identification:_identify(.) by extension 'python'
[1.482s] Level 1:colcon.colcon_core.package_identification:_identify(.) by extensions ['python_setup_py']
[1.482s] Level 1:colcon.colcon_core.package_identification:_identify(.) by extension 'python_setup_py'
[1.482s] Level 1:colcon.colcon_core.package_identification:_identify(build) by extensions ['ignore', 'ignore_ament_install']
[1.482s] Level 1:colcon.colcon_core.package_identification:_identify(build) by extension 'ignore'
[1.482s] Level 1:colcon.colcon_core.package_identification:_identify(build) ignored
[1.482s] Level 1:colcon.colcon_core.package_identification:_identify(install) by extensions ['ignore', 'ignore_ament_install']
[1.482s] Level 1:colcon.colcon_core.package_identification:_identify(install) by extension 'ignore'
[1.482s] Level 1:colcon.colcon_core.package_identification:_identify(install) ignored
[1.483s] Level 1:colcon.colcon_core.package_identification:_identify(log) by extensions ['ignore', 'ignore_ament_install']
[1.483s] Level 1:colcon.colcon_core.package_identification:_identify(log) by extension 'ignore'
[1.483s] Level 1:colcon.colcon_core.package_identification:_identify(log) ignored
[1.483s] Level 1:colcon.colcon_core.package_identification:_identify(src) by extensions ['ignore', 'ignore_ament_install']
[1.483s] Level 1:colcon.colcon_core.package_identification:_identify(src) by extension 'ignore'
[1.483s] Level 1:colcon.colcon_core.package_identification:_identify(src) by extension 'ignore_ament_install'
[1.483s] Level 1:colcon.colcon_core.package_identification:_identify(src) by extensions ['colcon_pkg']
[1.483s] Level 1:colcon.colcon_core.package_identification:_identify(src) by extension 'colcon_pkg'
[1.483s] Level 1:colcon.colcon_core.package_identification:_identify(src) by extensions ['colcon_meta']
[1.483s] Level 1:colcon.colcon_core.package_identification:_identify(src) by extension 'colcon_meta'
[1.483s] Level 1:colcon.colcon_core.package_identification:_identify(src) by extensions ['ros']
[1.483s] Level 1:colcon.colcon_core.package_identification:_identify(src) by extension 'ros'
[1.483s] Level 1:colcon.colcon_core.package_identification:_identify(src) by extensions ['cmake', 'python']
[1.483s] Level 1:colcon.colcon_core.package_identification:_identify(src) by extension 'cmake'
[1.483s] Level 1:colcon.colcon_core.package_identification:_identify(src) by extension 'python'
[1.483s] Level 1:colcon.colcon_core.package_identification:_identify(src) by extensions ['python_setup_py']
[1.483s] Level 1:colcon.colcon_core.package_identification:_identify(src) by extension 'python_setup_py'
[1.483s] Level 1:colcon.colcon_core.package_identification:_identify(src/cpp_pubsub) by extensions ['ignore', 'ignore_ament_install']
[1.484s] Level 1:colcon.colcon_core.package_identification:_identify(src/cpp_pubsub) by extension 'ignore'
[1.484s] Level 1:colcon.colcon_core.package_identification:_identify(src/cpp_pubsub) by extension 'ignore_ament_install'
[1.484s] Level 1:colcon.colcon_core.package_identification:_identify(src/cpp_pubsub) by extensions ['colcon_pkg']
[1.484s] Level 1:colcon.colcon_core.package_identification:_identify(src/cpp_pubsub) by extension 'colcon_pkg'
[1.484s] Level 1:colcon.colcon_core.package_identification:_identify(src/cpp_pubsub) by extensions ['colcon_meta']
[1.484s] Level 1:colcon.colcon_core.package_identification:_identify(src/cpp_pubsub) by extension 'colcon_meta'
[1.484s] Level 1:colcon.colcon_core.package_identification:_identify(src/cpp_pubsub) by extensions ['ros']
[1.484s] Level 1:colcon.colcon_core.package_identification:_identify(src/cpp_pubsub) by extension 'ros'
[1.488s] DEBUG:colcon.colcon_core.package_identification:Package 'src/cpp_pubsub' with type 'ros.ament_cmake' and name 'cpp_pubsub'
[1.488s] Level 1:colcon.colcon_core.package_discovery:discover_packages(recursive) using defaults
[1.489s] Level 1:colcon.colcon_core.package_discovery:discover_packages(ignore) discover
[1.489s] Level 1:colcon.colcon_core.package_discovery:discover_packages(ignore) using defaults
[1.489s] Level 1:colcon.colcon_core.package_discovery:discover_packages(path) discover
[1.489s] Level 1:colcon.colcon_core.package_discovery:discover_packages(path) using defaults
[1.613s] Level 1:colcon.colcon_core.package_discovery:discover_packages(prefix_path) check parameters
[1.613s] Level 1:colcon.colcon_core.package_discovery:discover_packages(prefix_path) discover
[1.650s] DEBUG:colcon.colcon_installed_package_information.package_discovery:Found 318 installed packages in /opt/ros/iron
[1.652s] Level 1:colcon.colcon_core.package_discovery:discover_packages(prefix_path) using defaults
[1.749s] Level 5:colcon.colcon_core.verb:set package 'cpp_pubsub' build argument 'cmake_args' from command line to 'None'
[1.749s] Level 5:colcon.colcon_core.verb:set package 'cpp_pubsub' build argument 'cmake_target' from command line to 'None'
[1.749s] Level 5:colcon.colcon_core.verb:set package 'cpp_pubsub' build argument 'cmake_target_skip_unavailable' from command line to 'False'
[1.749s] Level 5:colcon.colcon_core.verb:set package 'cpp_pubsub' build argument 'cmake_clean_cache' from command line to 'False'
[1.749s] Level 5:colcon.colcon_core.verb:set package 'cpp_pubsub' build argument 'cmake_clean_first' from command line to 'False'
[1.749s] Level 5:colcon.colcon_core.verb:set package 'cpp_pubsub' build argument 'cmake_force_configure' from command line to 'False'
[1.749s] Level 5:colcon.colcon_core.verb:set package 'cpp_pubsub' build argument 'ament_cmake_args' from command line to 'None'
[1.749s] Level 5:colcon.colcon_core.verb:set package 'cpp_pubsub' build argument 'catkin_cmake_args' from command line to 'None'
[1.749s] Level 5:colcon.colcon_core.verb:set package 'cpp_pubsub' build argument 'catkin_skip_building_tests' from command line to 'False'
[1.749s] DEBUG:colcon.colcon_core.verb:Building package 'cpp_pubsub' with the following arguments: {'ament_cmake_args': None, 'build_base': '/home/rti/1_Projects/ros2_ws/build/cpp_pubsub', 'catkin_cmake_args': None, 'catkin_skip_building_tests': False, 'cmake_args': None, 'cmake_clean_cache': False, 'cmake_clean_first': False, 'cmake_force_configure': False, 'cmake_target': None, 'cmake_target_skip_unavailable': False, 'install_base': '/home/rti/1_Projects/ros2_ws/install/cpp_pubsub', 'merge_install': False, 'path': '/home/rti/1_Projects/ros2_ws/src/cpp_pubsub', 'symlink_install': False, 'test_result_base': None}
[1.766s] INFO:colcon.colcon_core.executor:Executing jobs using 'parallel' executor
[1.783s] DEBUG:colcon.colcon_parallel_executor.executor.parallel:run_until_complete
[1.783s] INFO:colcon.colcon_ros.task.ament_cmake.build:Building ROS package in '/home/rti/1_Projects/ros2_ws/src/cpp_pubsub' with build type 'ament_cmake'
[1.784s] INFO:colcon.colcon_cmake.task.cmake.build:Building CMake package in '/home/rti/1_Projects/ros2_ws/src/cpp_pubsub'
[1.809s] INFO:colcon.colcon_core.plugin_system:Skipping extension 'colcon_core.shell.bat': Not used on non-Windows systems
[1.810s] INFO:colcon.colcon_core.shell:Skip shell extension 'powershell' for command environment: Not usable outside of PowerShell
[1.810s] DEBUG:colcon.colcon_core.shell:Skip shell extension 'dsv' for command environment
[1.855s] DEBUG:colcon.colcon_core.event_handler.log_command:Invoking command in '/home/rti/1_Projects/ros2_ws/build/cpp_pubsub': CMAKE_PREFIX_PATH=/opt/ros/iron /usr/bin/cmake /home/rti/1_Projects/ros2_ws/src/cpp_pubsub -DCMAKE_INSTALL_PREFIX=/home/rti/1_Projects/ros2_ws/install/cpp_pubsub
[2.852s] DEBUG:colcon.colcon_core.event_handler.log_command:Invoked command in '/home/rti/1_Projects/ros2_ws/build/cpp_pubsub' returned '0': CMAKE_PREFIX_PATH=/opt/ros/iron /usr/bin/cmake /home/rti/1_Projects/ros2_ws/src/cpp_pubsub -DCMAKE_INSTALL_PREFIX=/home/rti/1_Projects/ros2_ws/install/cpp_pubsub
[2.852s] DEBUG:colcon.colcon_core.event_handler.log_command:Invoking command in '/home/rti/1_Projects/ros2_ws/build/cpp_pubsub': CMAKE_PREFIX_PATH=/opt/ros/iron /usr/bin/cmake --build /home/rti/1_Projects/ros2_ws/build/cpp_pubsub -- -j2 -l2
[2.895s] DEBUG:colcon.colcon_core.event_handler.log_command:Invoked command in '/home/rti/1_Projects/ros2_ws/build/cpp_pubsub' returned '0': CMAKE_PREFIX_PATH=/opt/ros/iron /usr/bin/cmake --build /home/rti/1_Projects/ros2_ws/build/cpp_pubsub -- -j2 -l2
[2.934s] DEBUG:colcon.colcon_core.event_handler.log_command:Invoking command in '/home/rti/1_Projects/ros2_ws/build/cpp_pubsub': CMAKE_PREFIX_PATH=/opt/ros/iron /usr/bin/cmake --install /home/rti/1_Projects/ros2_ws/build/cpp_pubsub
[2.958s] Level 1:colcon.colcon_core.environment:create_environment_scripts_only(cpp_pubsub)
[2.963s] DEBUG:colcon.colcon_core.event_handler.log_command:Invoked command in '/home/rti/1_Projects/ros2_ws/build/cpp_pubsub' returned '0': CMAKE_PREFIX_PATH=/opt/ros/iron /usr/bin/cmake --install /home/rti/1_Projects/ros2_ws/build/cpp_pubsub
[2.988s] Level 1:colcon.colcon_core.environment:checking '/home/rti/1_Projects/ros2_ws/install/cpp_pubsub' for CMake module files
[2.988s] Level 1:colcon.colcon_core.environment:checking '/home/rti/1_Projects/ros2_ws/install/cpp_pubsub' for CMake config files
[2.989s] Level 1:colcon.colcon_core.shell:create_environment_hook('cpp_pubsub', 'cmake_prefix_path')
[3.006s] INFO:colcon.colcon_core.shell:Creating environment hook '/home/rti/1_Projects/ros2_ws/install/cpp_pubsub/share/cpp_pubsub/hook/cmake_prefix_path.ps1'
[3.008s] INFO:colcon.colcon_core.shell:Creating environment descriptor '/home/rti/1_Projects/ros2_ws/install/cpp_pubsub/share/cpp_pubsub/hook/cmake_prefix_path.dsv'
[3.009s] INFO:colcon.colcon_core.shell:Creating environment hook '/home/rti/1_Projects/ros2_ws/install/cpp_pubsub/share/cpp_pubsub/hook/cmake_prefix_path.sh'
[3.010s] Level 1:colcon.colcon_core.environment:checking '/home/rti/1_Projects/ros2_ws/install/cpp_pubsub/bin'
[3.011s] Level 1:colcon.colcon_core.environment:checking '/home/rti/1_Projects/ros2_ws/install/cpp_pubsub/lib/pkgconfig/cpp_pubsub.pc'
[3.011s] Level 1:colcon.colcon_core.environment:checking '/home/rti/1_Projects/ros2_ws/install/cpp_pubsub/lib/python3.10/site-packages'
[3.011s] Level 1:colcon.colcon_core.environment:checking '/home/rti/1_Projects/ros2_ws/install/cpp_pubsub/bin'
[3.027s] INFO:colcon.colcon_core.shell:Creating package script '/home/rti/1_Projects/ros2_ws/install/cpp_pubsub/share/cpp_pubsub/package.ps1'
[3.029s] INFO:colcon.colcon_core.shell:Creating package descriptor '/home/rti/1_Projects/ros2_ws/install/cpp_pubsub/share/cpp_pubsub/package.dsv'
[3.030s] INFO:colcon.colcon_core.shell:Creating package script '/home/rti/1_Projects/ros2_ws/install/cpp_pubsub/share/cpp_pubsub/package.sh'
[3.031s] INFO:colcon.colcon_core.shell:Creating package script '/home/rti/1_Projects/ros2_ws/install/cpp_pubsub/share/cpp_pubsub/package.bash'
[3.033s] INFO:colcon.colcon_core.shell:Creating package script '/home/rti/1_Projects/ros2_ws/install/cpp_pubsub/share/cpp_pubsub/package.zsh'
[3.034s] Level 1:colcon.colcon_core.environment:create_file_with_runtime_dependencies(/home/rti/1_Projects/ros2_ws/install/cpp_pubsub/share/colcon-core/packages/cpp_pubsub)
[3.076s] Level 1:colcon.colcon_core.environment:create_environment_scripts_only(cpp_pubsub)
[3.095s] Level 1:colcon.colcon_core.environment:checking '/home/rti/1_Projects/ros2_ws/install/cpp_pubsub' for CMake module files
[3.095s] Level 1:colcon.colcon_core.environment:checking '/home/rti/1_Projects/ros2_ws/install/cpp_pubsub' for CMake config files
[3.096s] Level 1:colcon.colcon_core.shell:create_environment_hook('cpp_pubsub', 'cmake_prefix_path')
[3.112s] INFO:colcon.colcon_core.shell:Creating environment hook '/home/rti/1_Projects/ros2_ws/install/cpp_pubsub/share/cpp_pubsub/hook/cmake_prefix_path.ps1'
[3.112s] INFO:colcon.colcon_core.shell:Creating environment descriptor '/home/rti/1_Projects/ros2_ws/install/cpp_pubsub/share/cpp_pubsub/hook/cmake_prefix_path.dsv'
[3.113s] INFO:colcon.colcon_core.shell:Creating environment hook '/home/rti/1_Projects/ros2_ws/install/cpp_pubsub/share/cpp_pubsub/hook/cmake_prefix_path.sh'
[3.113s] Level 1:colcon.colcon_core.environment:checking '/home/rti/1_Projects/ros2_ws/install/cpp_pubsub/bin'
[3.113s] Level 1:colcon.colcon_core.environment:checking '/home/rti/1_Projects/ros2_ws/install/cpp_pubsub/lib/pkgconfig/cpp_pubsub.pc'
[3.114s] Level 1:colcon.colcon_core.environment:checking '/home/rti/1_Projects/ros2_ws/install/cpp_pubsub/lib/python3.10/site-packages'
[3.114s] Level 1:colcon.colcon_core.environment:checking '/home/rti/1_Projects/ros2_ws/install/cpp_pubsub/bin'
[3.130s] INFO:colcon.colcon_core.shell:Creating package script '/home/rti/1_Projects/ros2_ws/install/cpp_pubsub/share/cpp_pubsub/package.ps1'
[3.131s] INFO:colcon.colcon_core.shell:Creating package descriptor '/home/rti/1_Projects/ros2_ws/install/cpp_pubsub/share/cpp_pubsub/package.dsv'
[3.132s] INFO:colcon.colcon_core.shell:Creating package script '/home/rti/1_Projects/ros2_ws/install/cpp_pubsub/share/cpp_pubsub/package.sh'
[3.132s] INFO:colcon.colcon_core.shell:Creating package script '/home/rti/1_Projects/ros2_ws/install/cpp_pubsub/share/cpp_pubsub/package.bash'
[3.133s] INFO:colcon.colcon_core.shell:Creating package script '/home/rti/1_Projects/ros2_ws/install/cpp_pubsub/share/cpp_pubsub/package.zsh'
[3.133s] Level 1:colcon.colcon_core.environment:create_file_with_runtime_dependencies(/home/rti/1_Projects/ros2_ws/install/cpp_pubsub/share/colcon-core/packages/cpp_pubsub)
[3.134s] DEBUG:colcon.colcon_parallel_executor.executor.parallel:closing loop
[3.134s] DEBUG:colcon.colcon_parallel_executor.executor.parallel:loop closed
[3.134s] DEBUG:colcon.colcon_parallel_executor.executor.parallel:run_until_complete finished with '0'
[3.134s] DEBUG:colcon.colcon_core.event_reactor:joining thread
[3.159s] INFO:colcon.colcon_core.plugin_system:Skipping extension 'colcon_notification.desktop_notification.terminal_notifier': Not used on non-Darwin systems
[3.159s] INFO:colcon.colcon_core.plugin_system:Skipping extension 'colcon_notification.desktop_notification.win32': Not used on non-Windows systems
[3.159s] INFO:colcon.colcon_notification.desktop_notification:Sending desktop notification using 'notify2'
[3.186s] DEBUG:colcon.colcon_core.event_reactor:joined thread
[3.204s] INFO:colcon.colcon_core.shell:Creating prefix script '/home/rti/1_Projects/ros2_ws/install/local_setup.ps1'
[3.205s] INFO:colcon.colcon_core.shell:Creating prefix util module '/home/rti/1_Projects/ros2_ws/install/_local_setup_util_ps1.py'
[3.207s] INFO:colcon.colcon_core.shell:Creating prefix chain script '/home/rti/1_Projects/ros2_ws/install/setup.ps1'
[3.226s] INFO:colcon.colcon_core.shell:Creating prefix script '/home/rti/1_Projects/ros2_ws/install/local_setup.sh'
[3.228s] INFO:colcon.colcon_core.shell:Creating prefix util module '/home/rti/1_Projects/ros2_ws/install/_local_setup_util_sh.py'
[3.228s] INFO:colcon.colcon_core.shell:Creating prefix chain script '/home/rti/1_Projects/ros2_ws/install/setup.sh'
[3.246s] INFO:colcon.colcon_core.shell:Creating prefix script '/home/rti/1_Projects/ros2_ws/install/local_setup.bash'
[3.248s] INFO:colcon.colcon_core.shell:Creating prefix chain script '/home/rti/1_Projects/ros2_ws/install/setup.bash'
[3.266s] INFO:colcon.colcon_core.shell:Creating prefix script '/home/rti/1_Projects/ros2_ws/install/local_setup.zsh'
[3.267s] INFO:colcon.colcon_core.shell:Creating prefix chain script '/home/rti/1_Projects/ros2_ws/install/setup.zsh'
