[0.084s] Invoking command in '/home/rti/1_Projects/ros2_ws/build/more_interfaces': CMAKE_PREFIX_PATH=${CMAKE_PREFIX_PATH}:/opt/ros/iron /usr/bin/cmake --build /home/rti/1_Projects/ros2_ws/build/more_interfaces -- -j2 -l2
[0.115s] -- Found ament_cmake: 2.0.3 (/opt/ros/iron/share/ament_cmake/cmake)
[0.297s] -- Found rosidl_default_generators: 1.5.0 (/opt/ros/iron/share/rosidl_default_generators/cmake)
[0.299s] -- Using all available rosidl_typesupport_c: rosidl_typesupport_fastrtps_c;rosidl_typesupport_introspection_c
[0.341s] -- Using all available rosidl_typesupport_cpp: rosidl_typesupport_fastrtps_cpp;rosidl_typesupport_introspection_cpp
[0.374s] -- Found rosidl_adapter: 4.0.1 (/opt/ros/iron/share/rosidl_adapter/cmake)
[0.381s] -- Found rclcpp: 21.0.4 (/opt/ros/iron/share/rclcpp/cmake)
[0.571s] -- Found rmw_implementation_cmake: 7.1.0 (/opt/ros/iron/share/rmw_implementation_cmake/cmake)
[0.573s] -- Found rmw_fastrtps_cpp: 7.1.2 (/opt/ros/iron/share/rmw_fastrtps_cpp/cmake)
[0.716s] -- Using RMW implementation 'rmw_fastrtps_cpp' as default
[1.255s] -- Found ament_cmake_ros: 0.11.2 (/opt/ros/iron/share/ament_cmake_ros/cmake)
[1.465s] -- Using all available rosidl_typesupport_c: rosidl_typesupport_fastrtps_c;rosidl_typesupport_introspection_c
[1.767s] -- Using all available rosidl_typesupport_cpp: rosidl_typesupport_fastrtps_cpp;rosidl_typesupport_introspection_cpp
[1.798s] -- Found python_cmake_module: 0.10.2 (/opt/ros/iron/share/python_cmake_module/cmake)
[1.826s] -- Using PYTHON_EXECUTABLE: /usr/bin/python3
[1.826s] -- Using PYTHON_INCLUDE_DIRS: /usr/include/python3.10
[1.827s] -- Using PYTHON_LIBRARIES: /usr/lib/x86_64-linux-gnu/libpython3.10.so
[1.847s] -- Configuring done
[1.899s] -- Generating done
[1.906s] -- Build files have been written to: /home/rti/1_Projects/ros2_ws/build/more_interfaces
[1.960s] [  2%] Built target more_interfaces__rosidl_generator_type_description
[1.969s] [  2%] Built target ament_cmake_python_copy_more_interfaces
[1.984s] [35m[1mConsolidate compiler generated dependencies of target more_interfaces__rosidl_generator_c[0m
[1.996s] [  8%] Built target more_interfaces__cpp
[1.997s] [ 19%] Built target more_interfaces__rosidl_generator_c
[2.012s] [35m[1mConsolidate compiler generated dependencies of target more_interfaces__rosidl_typesupport_cpp[0m
[2.025s] [ 27%] Built target more_interfaces__rosidl_typesupport_cpp
[2.038s] [35m[1mConsolidate compiler generated dependencies of target more_interfaces__rosidl_typesupport_fastrtps_c[0m
[2.064s] [ 36%] Built target more_interfaces__rosidl_typesupport_fastrtps_c
[2.077s] [35m[1mConsolidate compiler generated dependencies of target more_interfaces__rosidl_typesupport_introspection_c[0m
[2.097s] [ 44%] Built target more_interfaces__rosidl_typesupport_introspection_c
[2.110s] [35m[1mConsolidate compiler generated dependencies of target more_interfaces__rosidl_typesupport_c[0m
[2.130s] [ 52%] Built target more_interfaces__rosidl_typesupport_c
[2.143s] [35m[1mConsolidate compiler generated dependencies of target more_interfaces__rosidl_typesupport_fastrtps_cpp[0m
[2.165s] [ 61%] Built target more_interfaces__rosidl_typesupport_fastrtps_cpp
[2.180s] [35m[1mConsolidate compiler generated dependencies of target more_interfaces__rosidl_typesupport_introspection_cpp[0m
[2.201s] [ 69%] Built target more_interfaces__rosidl_typesupport_introspection_cpp
[2.215s] [35m[1mConsolidate compiler generated dependencies of target publish_address_book[0m
[2.249s] [ 75%] Built target publish_address_book
[2.251s] running egg_info
[2.252s] writing more_interfaces.egg-info/PKG-INFO
[2.252s] writing dependency_links to more_interfaces.egg-info/dependency_links.txt
[2.253s] writing top-level names to more_interfaces.egg-info/top_level.txt
[2.254s] reading manifest file 'more_interfaces.egg-info/SOURCES.txt'
[2.255s] writing manifest file 'more_interfaces.egg-info/SOURCES.txt'
[2.276s] [ 75%] Built target more_interfaces
[2.281s] [ 75%] Built target ament_cmake_python_build_more_interfaces_egg
[2.301s] [ 77%] Built target more_interfaces__py
[2.316s] [35m[1mConsolidate compiler generated dependencies of target more_interfaces__rosidl_generator_py[0m
[2.328s] [ 83%] Built target more_interfaces__rosidl_generator_py
[2.343s] [35m[1mConsolidate compiler generated dependencies of target more_interfaces__rosidl_typesupport_fastrtps_c__pyext[0m
[2.344s] [35m[1mConsolidate compiler generated dependencies of target more_interfaces__rosidl_typesupport_introspection_c__pyext[0m
[2.356s] [ 88%] Built target more_interfaces__rosidl_typesupport_fastrtps_c__pyext
[2.365s] [ 94%] Built target more_interfaces__rosidl_typesupport_introspection_c__pyext
[2.369s] [35m[1mConsolidate compiler generated dependencies of target more_interfaces__rosidl_typesupport_c__pyext[0m
[2.382s] [100%] Built target more_interfaces__rosidl_typesupport_c__pyext
[2.398s] Invoked command in '/home/rti/1_Projects/ros2_ws/build/more_interfaces' returned '0': CMAKE_PREFIX_PATH=${CMAKE_PREFIX_PATH}:/opt/ros/iron /usr/bin/cmake --build /home/rti/1_Projects/ros2_ws/build/more_interfaces -- -j2 -l2
[2.491s] Invoking command in '/home/rti/1_Projects/ros2_ws/build/more_interfaces': CMAKE_PREFIX_PATH=${CMAKE_PREFIX_PATH}:/opt/ros/iron /usr/bin/cmake --install /home/rti/1_Projects/ros2_ws/build/more_interfaces
[2.500s] -- Install configuration: ""
[2.507s] -- Up-to-date: /home/rti/1_Projects/ros2_ws/install/more_interfaces/lib/more_interfaces/publish_address_book
[2.507s] -- Up-to-date: /home/rti/1_Projects/ros2_ws/install/more_interfaces/share/ament_index/resource_index/rosidl_interfaces/more_interfaces
[2.507s] -- Up-to-date: /home/rti/1_Projects/ros2_ws/install/more_interfaces/share/more_interfaces/msg/AddressBook.json
[2.507s] -- Up-to-date: /home/rti/1_Projects/ros2_ws/install/more_interfaces/include/more_interfaces/more_interfaces
[2.507s] -- Up-to-date: /home/rti/1_Projects/ros2_ws/install/more_interfaces/include/more_interfaces/more_interfaces/msg
[2.507s] -- Up-to-date: /home/rti/1_Projects/ros2_ws/install/more_interfaces/include/more_interfaces/more_interfaces/msg/address_book.h
[2.507s] -- Up-to-date: /home/rti/1_Projects/ros2_ws/install/more_interfaces/include/more_interfaces/more_interfaces/msg/detail
[2.507s] -- Up-to-date: /home/rti/1_Projects/ros2_ws/install/more_interfaces/include/more_interfaces/more_interfaces/msg/detail/address_book__struct.h
[2.508s] -- Up-to-date: /home/rti/1_Projects/ros2_ws/install/more_interfaces/include/more_interfaces/more_interfaces/msg/detail/address_book__type_support.c
[2.508s] -- Up-to-date: /home/rti/1_Projects/ros2_ws/install/more_interfaces/include/more_interfaces/more_interfaces/msg/detail/address_book__functions.h
[2.508s] -- Up-to-date: /home/rti/1_Projects/ros2_ws/install/more_interfaces/include/more_interfaces/more_interfaces/msg/detail/address_book__description.c
[2.508s] -- Up-to-date: /home/rti/1_Projects/ros2_ws/install/more_interfaces/include/more_interfaces/more_interfaces/msg/detail/address_book__type_support.h
[2.508s] -- Up-to-date: /home/rti/1_Projects/ros2_ws/install/more_interfaces/include/more_interfaces/more_interfaces/msg/detail/address_book__functions.c
[2.508s] -- Up-to-date: /home/rti/1_Projects/ros2_ws/install/more_interfaces/include/more_interfaces/more_interfaces/msg/rosidl_generator_c__visibility_control.h
[2.508s] -- Up-to-date: /home/rti/1_Projects/ros2_ws/install/more_interfaces/share/more_interfaces/environment/library_path.sh
[2.508s] -- Up-to-date: /home/rti/1_Projects/ros2_ws/install/more_interfaces/share/more_interfaces/environment/library_path.dsv
[2.508s] -- Up-to-date: /home/rti/1_Projects/ros2_ws/install/more_interfaces/lib/libmore_interfaces__rosidl_generator_c.so
[2.508s] -- Up-to-date: /home/rti/1_Projects/ros2_ws/install/more_interfaces/include/more_interfaces/more_interfaces
[2.508s] -- Up-to-date: /home/rti/1_Projects/ros2_ws/install/more_interfaces/include/more_interfaces/more_interfaces/msg
[2.508s] -- Up-to-date: /home/rti/1_Projects/ros2_ws/install/more_interfaces/include/more_interfaces/more_interfaces/msg/detail
[2.508s] -- Up-to-date: /home/rti/1_Projects/ros2_ws/install/more_interfaces/include/more_interfaces/more_interfaces/msg/detail/address_book__rosidl_typesupport_fastrtps_c.h
[2.508s] -- Up-to-date: /home/rti/1_Projects/ros2_ws/install/more_interfaces/include/more_interfaces/more_interfaces/msg/rosidl_typesupport_fastrtps_c__visibility_control.h
[2.508s] -- Up-to-date: /home/rti/1_Projects/ros2_ws/install/more_interfaces/lib/libmore_interfaces__rosidl_typesupport_fastrtps_c.so
[2.508s] -- Up-to-date: /home/rti/1_Projects/ros2_ws/install/more_interfaces/include/more_interfaces/more_interfaces
[2.508s] -- Up-to-date: /home/rti/1_Projects/ros2_ws/install/more_interfaces/include/more_interfaces/more_interfaces/msg
[2.509s] -- Up-to-date: /home/rti/1_Projects/ros2_ws/install/more_interfaces/include/more_interfaces/more_interfaces/msg/rosidl_typesupport_introspection_c__visibility_control.h
[2.509s] -- Up-to-date: /home/rti/1_Projects/ros2_ws/install/more_interfaces/include/more_interfaces/more_interfaces/msg/detail
[2.509s] -- Up-to-date: /home/rti/1_Projects/ros2_ws/install/more_interfaces/include/more_interfaces/more_interfaces/msg/detail/address_book__rosidl_typesupport_introspection_c.h
[2.509s] -- Up-to-date: /home/rti/1_Projects/ros2_ws/install/more_interfaces/include/more_interfaces/more_interfaces/msg/detail/address_book__type_support.c
[2.509s] -- Up-to-date: /home/rti/1_Projects/ros2_ws/install/more_interfaces/lib/libmore_interfaces__rosidl_typesupport_introspection_c.so
[2.509s] -- Up-to-date: /home/rti/1_Projects/ros2_ws/install/more_interfaces/lib/libmore_interfaces__rosidl_typesupport_c.so
[2.509s] -- Up-to-date: /home/rti/1_Projects/ros2_ws/install/more_interfaces/include/more_interfaces/more_interfaces
[2.509s] -- Up-to-date: /home/rti/1_Projects/ros2_ws/install/more_interfaces/include/more_interfaces/more_interfaces/msg
[2.509s] -- Up-to-date: /home/rti/1_Projects/ros2_ws/install/more_interfaces/include/more_interfaces/more_interfaces/msg/address_book.hpp
[2.509s] -- Up-to-date: /home/rti/1_Projects/ros2_ws/install/more_interfaces/include/more_interfaces/more_interfaces/msg/detail
[2.509s] -- Up-to-date: /home/rti/1_Projects/ros2_ws/install/more_interfaces/include/more_interfaces/more_interfaces/msg/detail/address_book__traits.hpp
[2.509s] -- Up-to-date: /home/rti/1_Projects/ros2_ws/install/more_interfaces/include/more_interfaces/more_interfaces/msg/detail/address_book__builder.hpp
[2.509s] -- Up-to-date: /home/rti/1_Projects/ros2_ws/install/more_interfaces/include/more_interfaces/more_interfaces/msg/detail/address_book__struct.hpp
[2.509s] -- Up-to-date: /home/rti/1_Projects/ros2_ws/install/more_interfaces/include/more_interfaces/more_interfaces
[2.509s] -- Up-to-date: /home/rti/1_Projects/ros2_ws/install/more_interfaces/include/more_interfaces/more_interfaces/msg
[2.509s] -- Up-to-date: /home/rti/1_Projects/ros2_ws/install/more_interfaces/include/more_interfaces/more_interfaces/msg/detail
[2.509s] -- Up-to-date: /home/rti/1_Projects/ros2_ws/install/more_interfaces/include/more_interfaces/more_interfaces/msg/detail/dds_fastrtps
[2.510s] -- Up-to-date: /home/rti/1_Projects/ros2_ws/install/more_interfaces/include/more_interfaces/more_interfaces/msg/detail/address_book__rosidl_typesupport_fastrtps_cpp.hpp
[2.510s] -- Up-to-date: /home/rti/1_Projects/ros2_ws/install/more_interfaces/include/more_interfaces/more_interfaces/msg/rosidl_typesupport_fastrtps_cpp__visibility_control.h
[2.510s] -- Up-to-date: /home/rti/1_Projects/ros2_ws/install/more_interfaces/lib/libmore_interfaces__rosidl_typesupport_fastrtps_cpp.so
[2.510s] -- Up-to-date: /home/rti/1_Projects/ros2_ws/install/more_interfaces/include/more_interfaces/more_interfaces
[2.510s] -- Up-to-date: /home/rti/1_Projects/ros2_ws/install/more_interfaces/include/more_interfaces/more_interfaces/msg
[2.510s] -- Up-to-date: /home/rti/1_Projects/ros2_ws/install/more_interfaces/include/more_interfaces/more_interfaces/msg/detail
[2.510s] -- Up-to-date: /home/rti/1_Projects/ros2_ws/install/more_interfaces/include/more_interfaces/more_interfaces/msg/detail/address_book__type_support.cpp
[2.510s] -- Up-to-date: /home/rti/1_Projects/ros2_ws/install/more_interfaces/include/more_interfaces/more_interfaces/msg/detail/address_book__rosidl_typesupport_introspection_cpp.hpp
[2.510s] -- Up-to-date: /home/rti/1_Projects/ros2_ws/install/more_interfaces/lib/libmore_interfaces__rosidl_typesupport_introspection_cpp.so
[2.510s] -- Up-to-date: /home/rti/1_Projects/ros2_ws/install/more_interfaces/lib/libmore_interfaces__rosidl_typesupport_cpp.so
[2.510s] -- Up-to-date: /home/rti/1_Projects/ros2_ws/install/more_interfaces/share/more_interfaces/environment/pythonpath.sh
[2.510s] -- Up-to-date: /home/rti/1_Projects/ros2_ws/install/more_interfaces/share/more_interfaces/environment/pythonpath.dsv
[2.510s] -- Up-to-date: /home/rti/1_Projects/ros2_ws/install/more_interfaces/lib/python3.10/site-packages/more_interfaces-0.0.0-py3.10.egg-info
[2.510s] -- Installing: /home/rti/1_Projects/ros2_ws/install/more_interfaces/lib/python3.10/site-packages/more_interfaces-0.0.0-py3.10.egg-info/dependency_links.txt
[2.510s] -- Installing: /home/rti/1_Projects/ros2_ws/install/more_interfaces/lib/python3.10/site-packages/more_interfaces-0.0.0-py3.10.egg-info/SOURCES.txt
[2.510s] -- Installing: /home/rti/1_Projects/ros2_ws/install/more_interfaces/lib/python3.10/site-packages/more_interfaces-0.0.0-py3.10.egg-info/top_level.txt
[2.510s] -- Installing: /home/rti/1_Projects/ros2_ws/install/more_interfaces/lib/python3.10/site-packages/more_interfaces-0.0.0-py3.10.egg-info/PKG-INFO
[2.511s] -- Up-to-date: /home/rti/1_Projects/ros2_ws/install/more_interfaces/lib/python3.10/site-packages/more_interfaces
[2.511s] -- Up-to-date: /home/rti/1_Projects/ros2_ws/install/more_interfaces/lib/python3.10/site-packages/more_interfaces/_more_interfaces_s.ep.rosidl_typesupport_introspection_c.c
[2.511s] -- Up-to-date: /home/rti/1_Projects/ros2_ws/install/more_interfaces/lib/python3.10/site-packages/more_interfaces/_more_interfaces_s.ep.rosidl_typesupport_c.c
[2.511s] -- Installing: /home/rti/1_Projects/ros2_ws/install/more_interfaces/lib/python3.10/site-packages/more_interfaces/__init__.py
[2.511s] -- Up-to-date: /home/rti/1_Projects/ros2_ws/install/more_interfaces/lib/python3.10/site-packages/more_interfaces/more_interfaces_s__rosidl_typesupport_c.cpython-310-x86_64-linux-gnu.so
[2.511s] -- Up-to-date: /home/rti/1_Projects/ros2_ws/install/more_interfaces/lib/python3.10/site-packages/more_interfaces/more_interfaces_s__rosidl_typesupport_introspection_c.cpython-310-x86_64-linux-gnu.so
[2.511s] -- Up-to-date: /home/rti/1_Projects/ros2_ws/install/more_interfaces/lib/python3.10/site-packages/more_interfaces/msg
[2.523s] -- Up-to-date: /home/rti/1_Projects/ros2_ws/install/more_interfaces/lib/python3.10/site-packages/more_interfaces/msg/__init__.py
[2.523s] -- Up-to-date: /home/rti/1_Projects/ros2_ws/install/more_interfaces/lib/python3.10/site-packages/more_interfaces/msg/_address_book_s.c
[2.523s] -- Up-to-date: /home/rti/1_Projects/ros2_ws/install/more_interfaces/lib/python3.10/site-packages/more_interfaces/msg/_address_book.py
[2.523s] -- Up-to-date: /home/rti/1_Projects/ros2_ws/install/more_interfaces/lib/python3.10/site-packages/more_interfaces/more_interfaces_s__rosidl_typesupport_fastrtps_c.cpython-310-x86_64-linux-gnu.so
[2.523s] -- Up-to-date: /home/rti/1_Projects/ros2_ws/install/more_interfaces/lib/python3.10/site-packages/more_interfaces/libmore_interfaces__rosidl_generator_py.so
[2.524s] -- Up-to-date: /home/rti/1_Projects/ros2_ws/install/more_interfaces/lib/python3.10/site-packages/more_interfaces/_more_interfaces_s.ep.rosidl_typesupport_fastrtps_c.c
[2.537s] Listing '/home/rti/1_Projects/ros2_ws/install/more_interfaces/lib/python3.10/site-packages/more_interfaces'...
[2.537s] Compiling '/home/rti/1_Projects/ros2_ws/install/more_interfaces/lib/python3.10/site-packages/more_interfaces/__init__.py'...
[2.537s] Listing '/home/rti/1_Projects/ros2_ws/install/more_interfaces/lib/python3.10/site-packages/more_interfaces/msg'...
[2.541s] -- Up-to-date: /home/rti/1_Projects/ros2_ws/install/more_interfaces/lib/python3.10/site-packages/more_interfaces/more_interfaces_s__rosidl_typesupport_fastrtps_c.cpython-310-x86_64-linux-gnu.so
[2.541s] -- Up-to-date: /home/rti/1_Projects/ros2_ws/install/more_interfaces/lib/python3.10/site-packages/more_interfaces/more_interfaces_s__rosidl_typesupport_introspection_c.cpython-310-x86_64-linux-gnu.so
[2.542s] -- Up-to-date: /home/rti/1_Projects/ros2_ws/install/more_interfaces/lib/python3.10/site-packages/more_interfaces/more_interfaces_s__rosidl_typesupport_c.cpython-310-x86_64-linux-gnu.so
[2.542s] -- Up-to-date: /home/rti/1_Projects/ros2_ws/install/more_interfaces/lib/libmore_interfaces__rosidl_generator_py.so
[2.543s] -- Up-to-date: /home/rti/1_Projects/ros2_ws/install/more_interfaces/share/more_interfaces/msg/AddressBook.idl
[2.543s] -- Up-to-date: /home/rti/1_Projects/ros2_ws/install/more_interfaces/share/more_interfaces/msg/AddressBook.msg
[2.543s] -- Up-to-date: /home/rti/1_Projects/ros2_ws/install/more_interfaces/share/ament_index/resource_index/package_run_dependencies/more_interfaces
[2.543s] -- Up-to-date: /home/rti/1_Projects/ros2_ws/install/more_interfaces/share/ament_index/resource_index/parent_prefix_path/more_interfaces
[2.543s] -- Up-to-date: /home/rti/1_Projects/ros2_ws/install/more_interfaces/share/more_interfaces/environment/ament_prefix_path.sh
[2.543s] -- Up-to-date: /home/rti/1_Projects/ros2_ws/install/more_interfaces/share/more_interfaces/environment/ament_prefix_path.dsv
[2.543s] -- Up-to-date: /home/rti/1_Projects/ros2_ws/install/more_interfaces/share/more_interfaces/environment/path.sh
[2.544s] -- Up-to-date: /home/rti/1_Projects/ros2_ws/install/more_interfaces/share/more_interfaces/environment/path.dsv
[2.544s] -- Up-to-date: /home/rti/1_Projects/ros2_ws/install/more_interfaces/share/more_interfaces/local_setup.bash
[2.544s] -- Up-to-date: /home/rti/1_Projects/ros2_ws/install/more_interfaces/share/more_interfaces/local_setup.sh
[2.544s] -- Up-to-date: /home/rti/1_Projects/ros2_ws/install/more_interfaces/share/more_interfaces/local_setup.zsh
[2.544s] -- Up-to-date: /home/rti/1_Projects/ros2_ws/install/more_interfaces/share/more_interfaces/local_setup.dsv
[2.544s] -- Installing: /home/rti/1_Projects/ros2_ws/install/more_interfaces/share/more_interfaces/package.dsv
[2.544s] -- Up-to-date: /home/rti/1_Projects/ros2_ws/install/more_interfaces/share/ament_index/resource_index/packages/more_interfaces
[2.544s] -- Up-to-date: /home/rti/1_Projects/ros2_ws/install/more_interfaces/share/more_interfaces/cmake/export_more_interfaces__rosidl_generator_cExport.cmake
[2.545s] -- Up-to-date: /home/rti/1_Projects/ros2_ws/install/more_interfaces/share/more_interfaces/cmake/export_more_interfaces__rosidl_generator_cExport-noconfig.cmake
[2.545s] -- Up-to-date: /home/rti/1_Projects/ros2_ws/install/more_interfaces/share/more_interfaces/cmake/export_more_interfaces__rosidl_typesupport_fastrtps_cExport.cmake
[2.545s] -- Up-to-date: /home/rti/1_Projects/ros2_ws/install/more_interfaces/share/more_interfaces/cmake/export_more_interfaces__rosidl_typesupport_fastrtps_cExport-noconfig.cmake
[2.545s] -- Up-to-date: /home/rti/1_Projects/ros2_ws/install/more_interfaces/share/more_interfaces/cmake/more_interfaces__rosidl_typesupport_introspection_cExport.cmake
[2.545s] -- Up-to-date: /home/rti/1_Projects/ros2_ws/install/more_interfaces/share/more_interfaces/cmake/more_interfaces__rosidl_typesupport_introspection_cExport-noconfig.cmake
[2.546s] -- Up-to-date: /home/rti/1_Projects/ros2_ws/install/more_interfaces/share/more_interfaces/cmake/more_interfaces__rosidl_typesupport_cExport.cmake
[2.546s] -- Up-to-date: /home/rti/1_Projects/ros2_ws/install/more_interfaces/share/more_interfaces/cmake/more_interfaces__rosidl_typesupport_cExport-noconfig.cmake
[2.546s] -- Up-to-date: /home/rti/1_Projects/ros2_ws/install/more_interfaces/share/more_interfaces/cmake/export_more_interfaces__rosidl_generator_cppExport.cmake
[2.546s] -- Up-to-date: /home/rti/1_Projects/ros2_ws/install/more_interfaces/share/more_interfaces/cmake/export_more_interfaces__rosidl_typesupport_fastrtps_cppExport.cmake
[2.546s] -- Up-to-date: /home/rti/1_Projects/ros2_ws/install/more_interfaces/share/more_interfaces/cmake/export_more_interfaces__rosidl_typesupport_fastrtps_cppExport-noconfig.cmake
[2.546s] -- Up-to-date: /home/rti/1_Projects/ros2_ws/install/more_interfaces/share/more_interfaces/cmake/more_interfaces__rosidl_typesupport_introspection_cppExport.cmake
[2.546s] -- Up-to-date: /home/rti/1_Projects/ros2_ws/install/more_interfaces/share/more_interfaces/cmake/more_interfaces__rosidl_typesupport_introspection_cppExport-noconfig.cmake
[2.546s] -- Up-to-date: /home/rti/1_Projects/ros2_ws/install/more_interfaces/share/more_interfaces/cmake/more_interfaces__rosidl_typesupport_cppExport.cmake
[2.547s] -- Up-to-date: /home/rti/1_Projects/ros2_ws/install/more_interfaces/share/more_interfaces/cmake/more_interfaces__rosidl_typesupport_cppExport-noconfig.cmake
[2.547s] -- Up-to-date: /home/rti/1_Projects/ros2_ws/install/more_interfaces/share/more_interfaces/cmake/export_more_interfaces__rosidl_generator_pyExport.cmake
[2.547s] -- Up-to-date: /home/rti/1_Projects/ros2_ws/install/more_interfaces/share/more_interfaces/cmake/export_more_interfaces__rosidl_generator_pyExport-noconfig.cmake
[2.547s] -- Up-to-date: /home/rti/1_Projects/ros2_ws/install/more_interfaces/share/more_interfaces/cmake/rosidl_cmake-extras.cmake
[2.547s] -- Up-to-date: /home/rti/1_Projects/ros2_ws/install/more_interfaces/share/more_interfaces/cmake/ament_cmake_export_include_directories-extras.cmake
[2.547s] -- Up-to-date: /home/rti/1_Projects/ros2_ws/install/more_interfaces/share/more_interfaces/cmake/ament_cmake_export_libraries-extras.cmake
[2.547s] -- Up-to-date: /home/rti/1_Projects/ros2_ws/install/more_interfaces/share/more_interfaces/cmake/ament_cmake_export_targets-extras.cmake
[2.547s] -- Up-to-date: /home/rti/1_Projects/ros2_ws/install/more_interfaces/share/more_interfaces/cmake/rosidl_cmake_export_typesupport_targets-extras.cmake
[2.547s] -- Up-to-date: /home/rti/1_Projects/ros2_ws/install/more_interfaces/share/more_interfaces/cmake/ament_cmake_export_dependencies-extras.cmake
[2.547s] -- Up-to-date: /home/rti/1_Projects/ros2_ws/install/more_interfaces/share/more_interfaces/cmake/rosidl_cmake_export_typesupport_libraries-extras.cmake
[2.547s] -- Up-to-date: /home/rti/1_Projects/ros2_ws/install/more_interfaces/share/more_interfaces/cmake/more_interfacesConfig.cmake
[2.547s] -- Up-to-date: /home/rti/1_Projects/ros2_ws/install/more_interfaces/share/more_interfaces/cmake/more_interfacesConfig-version.cmake
[2.547s] -- Up-to-date: /home/rti/1_Projects/ros2_ws/install/more_interfaces/share/more_interfaces/package.xml
[2.559s] Invoked command in '/home/rti/1_Projects/ros2_ws/build/more_interfaces' returned '0': CMAKE_PREFIX_PATH=${CMAKE_PREFIX_PATH}:/opt/ros/iron /usr/bin/cmake --install /home/rti/1_Projects/ros2_ws/build/more_interfaces
