-- Found ament_cmake: 2.0.3 (/opt/ros/iron/share/ament_cmake/cmake)
-- Found rclcpp: 21.0.4 (/opt/ros/iron/share/rclcpp/cmake)
-- Found rosidl_generator_c: 4.0.1 (/opt/ros/iron/share/rosidl_generator_c/cmake)
-- Found rosidl_generator_cpp: 4.0.1 (/opt/ros/iron/share/rosidl_generator_cpp/cmake)
-- Using all available rosidl_typesupport_c: rosidl_typesupport_fastrtps_c;rosidl_typesupport_introspection_c
-- Using all available rosidl_typesupport_cpp: rosidl_typesupport_fastrtps_cpp;rosidl_typesupport_introspection_cpp
-- Found rmw_implementation_cmake: 7.1.0 (/opt/ros/iron/share/rmw_implementation_cmake/cmake)
-- Found rmw_fastrtps_cpp: 7.1.2 (/opt/ros/iron/share/rmw_fastrtps_cpp/cmake)
-- Using RMW implementation 'rmw_fastrtps_cpp' as default
-- Found tutorial_interfaces: 0.0.0 (/home/rti/1_Projects/ros2_ws/install/tutorial_interfaces/share/tutorial_interfaces/cmake)
-- Configuring done
-- Generating done
-- Build files have been written to: /home/rti/1_Projects/ros2_ws/build/cpp_pubsub
[35m[1mConsolidate compiler generated dependencies of target listener[0m
[35m[1mConsolidate compiler generated dependencies of target talker[0m
[ 25%] [32mBuilding CXX object CMakeFiles/listener.dir/src/subscriber_member_function.cpp.o[0m
[ 50%] [32mBuilding CXX object CMakeFiles/talker.dir/src/publisher_member_function.cpp.o[0m
[01m[K/home/rti/1_Projects/ros2_ws/src/cpp_pubsub/src/publisher_member_function.cpp:24:10:[m[K [01;31m[Kfatal error: [m[Ktutorial_interfaces/msg/Num.msg: No such file or directory
   24 | #include [01;31m[K"tutorial_interfaces/msg/Num.msg"[m[K // from Tutorial about Interfaces
      |          [01;31m[K^~~~~~~~~~~~~~~~~~~~~~~~~~~~~~~~~[m[K
compilation terminated.
gmake[2]: *** [CMakeFiles/talker.dir/build.make:76: CMakeFiles/talker.dir/src/publisher_member_function.cpp.o] Error 1
gmake[1]: *** [CMakeFiles/Makefile2:139: CMakeFiles/talker.dir/all] Error 2
gmake[1]: *** Waiting for unfinished jobs....
[01m[K/home/rti/1_Projects/ros2_ws/src/cpp_pubsub/src/subscriber_member_function.cpp:20:10:[m[K [01;31m[Kfatal error: [m[Ktutorial_interfaces/msg/Num.msg: No such file or directory
   20 | #include [01;31m[K"tutorial_interfaces/msg/Num.msg"[m[K // from Tutorial about Interfaces
      |          [01;31m[K^~~~~~~~~~~~~~~~~~~~~~~~~~~~~~~~~[m[K
compilation terminated.
gmake[2]: *** [CMakeFiles/listener.dir/build.make:76: CMakeFiles/listener.dir/src/subscriber_member_function.cpp.o] Error 1
gmake[1]: *** [CMakeFiles/Makefile2:165: CMakeFiles/listener.dir/all] Error 2
gmake: *** [Makefile:146: all] Error 2
