[0.091s] Invoking command in '/home/rti/1_Projects/ros2_ws/build/cpp_pubsub': CMAKE_PREFIX_PATH=${CMAKE_PREFIX_PATH}:/opt/ros/iron /usr/bin/cmake --build /home/rti/1_Projects/ros2_ws/build/cpp_pubsub -- -j2 -l2
[0.124s] -- Found ament_cmake: 2.0.3 (/opt/ros/iron/share/ament_cmake/cmake)
[0.282s] -- Found rclcpp: 21.0.4 (/opt/ros/iron/share/rclcpp/cmake)
[0.315s] -- Found rosidl_generator_c: 4.0.1 (/opt/ros/iron/share/rosidl_generator_c/cmake)
[0.324s] -- Found rosidl_generator_cpp: 4.0.1 (/opt/ros/iron/share/rosidl_generator_cpp/cmake)
[0.339s] -- Using all available rosidl_typesupport_c: rosidl_typesupport_fastrtps_c;rosidl_typesupport_introspection_c
[0.356s] -- Using all available rosidl_typesupport_cpp: rosidl_typesupport_fastrtps_cpp;rosidl_typesupport_introspection_cpp
[0.521s] -- Found rmw_implementation_cmake: 7.1.0 (/opt/ros/iron/share/rmw_implementation_cmake/cmake)
[0.523s] -- Found rmw_fastrtps_cpp: 7.1.2 (/opt/ros/iron/share/rmw_fastrtps_cpp/cmake)
[0.654s] -- Using RMW implementation 'rmw_fastrtps_cpp' as default
[0.827s] -- Found tutorial_interfaces: 0.0.0 (/home/rti/1_Projects/ros2_ws/install/tutorial_interfaces/share/tutorial_interfaces/cmake)
[1.103s] -- Configuring done
[1.133s] -- Generating done
[1.138s] -- Build files have been written to: /home/rti/1_Projects/ros2_ws/build/cpp_pubsub
[1.170s] [35m[1mConsolidate compiler generated dependencies of target listener[0m
[1.175s] [35m[1mConsolidate compiler generated dependencies of target talker[0m
[1.208s] [ 25%] [32mBuilding CXX object CMakeFiles/listener.dir/src/subscriber_member_function.cpp.o[0m
[1.209s] [ 50%] [32mBuilding CXX object CMakeFiles/talker.dir/src/publisher_member_function.cpp.o[0m
[1.545s] [01m[K/home/rti/1_Projects/ros2_ws/src/cpp_pubsub/src/publisher_member_function.cpp:24:10:[m[K [01;31m[Kfatal error: [m[Ktutorial_interfaces/msg/Num.msg: No such file or directory
[1.545s]    24 | #include [01;31m[K"tutorial_interfaces/msg/Num.msg"[m[K // from Tutorial about Interfaces
[1.546s]       |          [01;31m[K^~~~~~~~~~~~~~~~~~~~~~~~~~~~~~~~~[m[K
[1.546s] compilation terminated.
[1.550s] gmake[2]: *** [CMakeFiles/talker.dir/build.make:76: CMakeFiles/talker.dir/src/publisher_member_function.cpp.o] Error 1
[1.551s] gmake[1]: *** [CMakeFiles/Makefile2:139: CMakeFiles/talker.dir/all] Error 2
[1.551s] gmake[1]: *** Waiting for unfinished jobs....
[1.564s] [01m[K/home/rti/1_Projects/ros2_ws/src/cpp_pubsub/src/subscriber_member_function.cpp:20:10:[m[K [01;31m[Kfatal error: [m[Ktutorial_interfaces/msg/Num.msg: No such file or directory
[1.565s]    20 | #include [01;31m[K"tutorial_interfaces/msg/Num.msg"[m[K // from Tutorial about Interfaces
[1.565s]       |          [01;31m[K^~~~~~~~~~~~~~~~~~~~~~~~~~~~~~~~~[m[K
[1.566s] compilation terminated.
[1.568s] gmake[2]: *** [CMakeFiles/listener.dir/build.make:76: CMakeFiles/listener.dir/src/subscriber_member_function.cpp.o] Error 1
[1.570s] gmake[1]: *** [CMakeFiles/Makefile2:165: CMakeFiles/listener.dir/all] Error 2
[1.572s] gmake: *** [Makefile:146: all] Error 2
[1.573s] Invoked command in '/home/rti/1_Projects/ros2_ws/build/cpp_pubsub' returned '2': CMAKE_PREFIX_PATH=${CMAKE_PREFIX_PATH}:/opt/ros/iron /usr/bin/cmake --build /home/rti/1_Projects/ros2_ws/build/cpp_pubsub -- -j2 -l2
