[0.084s] Invoking command in '/home/rti/1_Projects/ros2_ws/build/cpp_pubsub': CMAKE_PREFIX_PATH=/home/rti/1_Projects/ros2_ws/install/tutorial_interfaces:/home/rti/1_Projects/ros2_ws/install/cpp_pubsub:/home/rti/1_Projects/ros2_ws/install/cpp_srvcli:/opt/ros/iron /usr/bin/cmake --build /home/rti/1_Projects/ros2_ws/build/cpp_pubsub -- -j2 -l2
[0.110s] -- Found ament_cmake: 2.0.3 (/opt/ros/iron/share/ament_cmake/cmake)
[0.261s] -- Found rclcpp: 21.0.4 (/opt/ros/iron/share/rclcpp/cmake)
[0.295s] -- Found rosidl_generator_c: 4.0.1 (/opt/ros/iron/share/rosidl_generator_c/cmake)
[0.305s] -- Found rosidl_generator_cpp: 4.0.1 (/opt/ros/iron/share/rosidl_generator_cpp/cmake)
[0.320s] -- Using all available rosidl_typesupport_c: rosidl_typesupport_fastrtps_c;rosidl_typesupport_introspection_c
[0.339s] -- Using all available rosidl_typesupport_cpp: rosidl_typesupport_fastrtps_cpp;rosidl_typesupport_introspection_cpp
[0.522s] -- Found rmw_implementation_cmake: 7.1.0 (/opt/ros/iron/share/rmw_implementation_cmake/cmake)
[0.524s] -- Found rmw_fastrtps_cpp: 7.1.2 (/opt/ros/iron/share/rmw_fastrtps_cpp/cmake)
[0.652s] -- Using RMW implementation 'rmw_fastrtps_cpp' as default
[0.825s] -- Found tutorial_interfaces: 0.0.0 (/home/rti/1_Projects/ros2_ws/install/tutorial_interfaces/share/tutorial_interfaces/cmake)
[1.098s] -- Configuring done
[1.117s] -- Generating done
[1.117s] -- Build files have been written to: /home/rti/1_Projects/ros2_ws/build/cpp_pubsub
[1.145s] [35m[1mConsolidate compiler generated dependencies of target talker[0m
[1.148s] [35m[1mConsolidate compiler generated dependencies of target listener[0m
[1.170s] [ 25%] [32mBuilding CXX object CMakeFiles/listener.dir/src/subscriber_member_function.cpp.o[0m
[1.181s] [ 50%] [32mBuilding CXX object CMakeFiles/talker.dir/src/publisher_member_function.cpp.o[0m
[1.471s] [01m[K/home/rti/1_Projects/ros2_ws/src/cpp_pubsub/src/subscriber_member_function.cpp:20:10:[m[K [01;31m[Kfatal error: [m[Ktutorial_interfaces/msg/Num.msg: No such file or directory
[1.472s]    20 | #include [01;31m[K"tutorial_interfaces/msg/Num.msg"[m[K // from Tutorial about Interfaces
[1.472s]       |          [01;31m[K^~~~~~~~~~~~~~~~~~~~~~~~~~~~~~~~~[m[K
[1.473s] compilation terminated.
[1.474s] gmake[2]: *** [CMakeFiles/listener.dir/build.make:76: CMakeFiles/listener.dir/src/subscriber_member_function.cpp.o] Error 1
[1.475s] gmake[1]: *** [CMakeFiles/Makefile2:165: CMakeFiles/listener.dir/all] Error 2
[1.475s] gmake[1]: *** Waiting for unfinished jobs....
[1.486s] [01m[K/home/rti/1_Projects/ros2_ws/src/cpp_pubsub/src/publisher_member_function.cpp:24:10:[m[K [01;31m[Kfatal error: [m[Ktutorial_interfaces/msg/Num.msg: No such file or directory
[1.486s]    24 | #include [01;31m[K"tutorial_interfaces/msg/Num.msg"[m[K // from Tutorial about Interfaces
[1.487s]       |          [01;31m[K^~~~~~~~~~~~~~~~~~~~~~~~~~~~~~~~~[m[K
[1.487s] compilation terminated.
[1.492s] gmake[2]: *** [CMakeFiles/talker.dir/build.make:76: CMakeFiles/talker.dir/src/publisher_member_function.cpp.o] Error 1
[1.492s] gmake[1]: *** [CMakeFiles/Makefile2:139: CMakeFiles/talker.dir/all] Error 2
[1.493s] gmake: *** [Makefile:146: all] Error 2
[1.495s] Invoked command in '/home/rti/1_Projects/ros2_ws/build/cpp_pubsub' returned '2': CMAKE_PREFIX_PATH=/home/rti/1_Projects/ros2_ws/install/tutorial_interfaces:/home/rti/1_Projects/ros2_ws/install/cpp_pubsub:/home/rti/1_Projects/ros2_ws/install/cpp_srvcli:/opt/ros/iron /usr/bin/cmake --build /home/rti/1_Projects/ros2_ws/build/cpp_pubsub -- -j2 -l2
