[0.081s] Invoking command in '/home/rti/1_Projects/ros2_ws/build/cpp_pubsub': CMAKE_PREFIX_PATH=/home/rti/1_Projects/ros2_ws/install/tutorial_interfaces:/home/rti/1_Projects/ros2_ws/install/cpp_pubsub:/home/rti/1_Projects/ros2_ws/install/cpp_srvcli:/opt/ros/iron /usr/bin/cmake --build /home/rti/1_Projects/ros2_ws/build/cpp_pubsub -- -j2 -l2
[0.130s] [35m[1mConsolidate compiler generated dependencies of target talker[0m
[0.134s] [35m[1mConsolidate compiler generated dependencies of target listener[0m
[0.160s] [ 50%] Built target listener
[0.174s] [100%] Built target talker
[0.191s] Invoked command in '/home/rti/1_Projects/ros2_ws/build/cpp_pubsub' returned '0': CMAKE_PREFIX_PATH=/home/rti/1_Projects/ros2_ws/install/tutorial_interfaces:/home/rti/1_Projects/ros2_ws/install/cpp_pubsub:/home/rti/1_Projects/ros2_ws/install/cpp_srvcli:/opt/ros/iron /usr/bin/cmake --build /home/rti/1_Projects/ros2_ws/build/cpp_pubsub -- -j2 -l2
[0.243s] Invoking command in '/home/rti/1_Projects/ros2_ws/build/cpp_pubsub': CMAKE_PREFIX_PATH=/home/rti/1_Projects/ros2_ws/install/tutorial_interfaces:/home/rti/1_Projects/ros2_ws/install/cpp_pubsub:/home/rti/1_Projects/ros2_ws/install/cpp_srvcli:/opt/ros/iron /usr/bin/cmake --install /home/rti/1_Projects/ros2_ws/build/cpp_pubsub
[0.251s] -- Install configuration: ""
[0.251s] -- Up-to-date: /home/rti/1_Projects/ros2_ws/install/cpp_pubsub/lib/cpp_pubsub/talker
[0.252s] -- Up-to-date: /home/rti/1_Projects/ros2_ws/install/cpp_pubsub/lib/cpp_pubsub/talker
[0.252s] -- Up-to-date: /home/rti/1_Projects/ros2_ws/install/cpp_pubsub/lib/cpp_pubsub/listener
[0.253s] -- Up-to-date: /home/rti/1_Projects/ros2_ws/install/cpp_pubsub/share/ament_index/resource_index/package_run_dependencies/cpp_pubsub
[0.253s] -- Up-to-date: /home/rti/1_Projects/ros2_ws/install/cpp_pubsub/share/ament_index/resource_index/parent_prefix_path/cpp_pubsub
[0.253s] -- Up-to-date: /home/rti/1_Projects/ros2_ws/install/cpp_pubsub/share/cpp_pubsub/environment/ament_prefix_path.sh
[0.254s] -- Up-to-date: /home/rti/1_Projects/ros2_ws/install/cpp_pubsub/share/cpp_pubsub/environment/ament_prefix_path.dsv
[0.254s] -- Up-to-date: /home/rti/1_Projects/ros2_ws/install/cpp_pubsub/share/cpp_pubsub/environment/path.sh
[0.254s] -- Up-to-date: /home/rti/1_Projects/ros2_ws/install/cpp_pubsub/share/cpp_pubsub/environment/path.dsv
[0.254s] -- Up-to-date: /home/rti/1_Projects/ros2_ws/install/cpp_pubsub/share/cpp_pubsub/local_setup.bash
[0.254s] -- Up-to-date: /home/rti/1_Projects/ros2_ws/install/cpp_pubsub/share/cpp_pubsub/local_setup.sh
[0.254s] -- Up-to-date: /home/rti/1_Projects/ros2_ws/install/cpp_pubsub/share/cpp_pubsub/local_setup.zsh
[0.255s] -- Up-to-date: /home/rti/1_Projects/ros2_ws/install/cpp_pubsub/share/cpp_pubsub/local_setup.dsv
[0.255s] -- Installing: /home/rti/1_Projects/ros2_ws/install/cpp_pubsub/share/cpp_pubsub/package.dsv
[0.257s] -- Up-to-date: /home/rti/1_Projects/ros2_ws/install/cpp_pubsub/share/ament_index/resource_index/packages/cpp_pubsub
[0.258s] -- Up-to-date: /home/rti/1_Projects/ros2_ws/install/cpp_pubsub/share/cpp_pubsub/cmake/cpp_pubsubConfig.cmake
[0.258s] -- Up-to-date: /home/rti/1_Projects/ros2_ws/install/cpp_pubsub/share/cpp_pubsub/cmake/cpp_pubsubConfig-version.cmake
[0.258s] -- Up-to-date: /home/rti/1_Projects/ros2_ws/install/cpp_pubsub/share/cpp_pubsub/package.xml
[0.265s] Invoked command in '/home/rti/1_Projects/ros2_ws/build/cpp_pubsub' returned '0': CMAKE_PREFIX_PATH=/home/rti/1_Projects/ros2_ws/install/tutorial_interfaces:/home/rti/1_Projects/ros2_ws/install/cpp_pubsub:/home/rti/1_Projects/ros2_ws/install/cpp_srvcli:/opt/ros/iron /usr/bin/cmake --install /home/rti/1_Projects/ros2_ws/build/cpp_pubsub
