[1.076s] DEBUG:colcon:Command line arguments: ['/usr/bin/colcon', 'build']
[1.076s] DEBUG:colcon:Parsed command line arguments: Namespace(log_base=None, log_level=None, verb_name='build', build_base='build', install_base='install', merge_install=False, symlink_install=False, test_result_base=None, continue_on_error=False, executor='parallel', parallel_workers=2, event_handlers=None, ignore_user_meta=False, metas=['./colcon.meta'], base_paths=['.'], packages_ignore=None, packages_ignore_regex=None, paths=None, packages_up_to=None, packages_up_to_regex=None, packages_above=None, packages_above_and_dependencies=None, packages_above_depth=None, packages_select_by_dep=None, packages_skip_by_dep=None, packages_skip_up_to=None, packages_select_build_failed=False, packages_skip_build_finished=False, packages_select_test_failures=False, packages_skip_test_passed=False, packages_select=None, packages_skip=None, packages_select_regex=None, packages_skip_regex=None, packages_start=None, packages_end=None, allow_overriding=[], cmake_args=None, cmake_target=None, cmake_target_skip_unavailable=False, cmake_clean_cache=False, cmake_clean_first=False, cmake_force_configure=False, ament_cmake_args=None, catkin_cmake_args=None, catkin_skip_building_tests=False, verb_parser=<colcon_defaults.argument_parser.defaults.DefaultArgumentsDecorator object at 0x7f9845a85ed0>, verb_extension=<colcon_core.verb.build.BuildVerb object at 0x7f9845d29e10>, main=<bound method BuildVerb.main of <colcon_core.verb.build.BuildVerb object at 0x7f9845d29e10>>)
[1.125s] Level 1:colcon.colcon_core.package_discovery:discover_packages(colcon_meta) check parameters
[1.125s] Level 1:colcon.colcon_core.package_discovery:discover_packages(recursive) check parameters
[1.125s] Level 1:colcon.colcon_core.package_discovery:discover_packages(ignore) check parameters
[1.125s] Level 1:colcon.colcon_core.package_discovery:discover_packages(path) check parameters
[1.126s] Level 1:colcon.colcon_core.package_discovery:discover_packages(colcon_meta) discover
[1.126s] Level 1:colcon.colcon_core.package_discovery:discover_packages(recursive) discover
[1.126s] INFO:colcon.colcon_core.package_discovery:Crawling recursively for packages in '/home/rti/1_Projects/ros2_ws'
[1.126s] Level 1:colcon.colcon_core.package_identification:_identify(.) by extensions ['ignore', 'ignore_ament_install']
[1.126s] Level 1:colcon.colcon_core.package_identification:_identify(.) by extension 'ignore'
[1.126s] Level 1:colcon.colcon_core.package_identification:_identify(.) by extension 'ignore_ament_install'
[1.126s] Level 1:colcon.colcon_core.package_identification:_identify(.) by extensions ['colcon_pkg']
[1.126s] Level 1:colcon.colcon_core.package_identification:_identify(.) by extension 'colcon_pkg'
[1.126s] Level 1:colcon.colcon_core.package_identification:_identify(.) by extensions ['colcon_meta']
[1.126s] Level 1:colcon.colcon_core.package_identification:_identify(.) by extension 'colcon_meta'
[1.126s] Level 1:colcon.colcon_core.package_identification:_identify(.) by extensions ['ros']
[1.126s] Level 1:colcon.colcon_core.package_identification:_identify(.) by extension 'ros'
[1.137s] Level 1:colcon.colcon_core.package_identification:_identify(.) by extensions ['cmake', 'python']
[1.137s] Level 1:colcon.colcon_core.package_identification:_identify(.) by extension 'cmake'
[1.137s] Level 1:colcon.colcon_core.package_identification:_identify(.) by extension 'python'
[1.137s] Level 1:colcon.colcon_core.package_identification:_identify(.) by extensions ['python_setup_py']
[1.137s] Level 1:colcon.colcon_core.package_identification:_identify(.) by extension 'python_setup_py'
[1.137s] Level 1:colcon.colcon_core.package_identification:_identify(build) by extensions ['ignore', 'ignore_ament_install']
[1.137s] Level 1:colcon.colcon_core.package_identification:_identify(build) by extension 'ignore'
[1.137s] Level 1:colcon.colcon_core.package_identification:_identify(build) ignored
[1.137s] Level 1:colcon.colcon_core.package_identification:_identify(install) by extensions ['ignore', 'ignore_ament_install']
[1.137s] Level 1:colcon.colcon_core.package_identification:_identify(install) by extension 'ignore'
[1.137s] Level 1:colcon.colcon_core.package_identification:_identify(install) ignored
[1.138s] Level 1:colcon.colcon_core.package_identification:_identify(log) by extensions ['ignore', 'ignore_ament_install']
[1.138s] Level 1:colcon.colcon_core.package_identification:_identify(log) by extension 'ignore'
[1.138s] Level 1:colcon.colcon_core.package_identification:_identify(log) ignored
[1.138s] Level 1:colcon.colcon_core.package_identification:_identify(src) by extensions ['ignore', 'ignore_ament_install']
[1.138s] Level 1:colcon.colcon_core.package_identification:_identify(src) by extension 'ignore'
[1.138s] Level 1:colcon.colcon_core.package_identification:_identify(src) by extension 'ignore_ament_install'
[1.138s] Level 1:colcon.colcon_core.package_identification:_identify(src) by extensions ['colcon_pkg']
[1.138s] Level 1:colcon.colcon_core.package_identification:_identify(src) by extension 'colcon_pkg'
[1.138s] Level 1:colcon.colcon_core.package_identification:_identify(src) by extensions ['colcon_meta']
[1.138s] Level 1:colcon.colcon_core.package_identification:_identify(src) by extension 'colcon_meta'
[1.138s] Level 1:colcon.colcon_core.package_identification:_identify(src) by extensions ['ros']
[1.138s] Level 1:colcon.colcon_core.package_identification:_identify(src) by extension 'ros'
[1.138s] Level 1:colcon.colcon_core.package_identification:_identify(src) by extensions ['cmake', 'python']
[1.138s] Level 1:colcon.colcon_core.package_identification:_identify(src) by extension 'cmake'
[1.139s] Level 1:colcon.colcon_core.package_identification:_identify(src) by extension 'python'
[1.139s] Level 1:colcon.colcon_core.package_identification:_identify(src) by extensions ['python_setup_py']
[1.139s] Level 1:colcon.colcon_core.package_identification:_identify(src) by extension 'python_setup_py'
[1.139s] Level 1:colcon.colcon_core.package_identification:_identify(src/build) by extensions ['ignore', 'ignore_ament_install']
[1.139s] Level 1:colcon.colcon_core.package_identification:_identify(src/build) by extension 'ignore'
[1.139s] Level 1:colcon.colcon_core.package_identification:_identify(src/build) ignored
[1.139s] Level 1:colcon.colcon_core.package_identification:_identify(src/cpp_pubsub) by extensions ['ignore', 'ignore_ament_install']
[1.139s] Level 1:colcon.colcon_core.package_identification:_identify(src/cpp_pubsub) by extension 'ignore'
[1.139s] Level 1:colcon.colcon_core.package_identification:_identify(src/cpp_pubsub) by extension 'ignore_ament_install'
[1.139s] Level 1:colcon.colcon_core.package_identification:_identify(src/cpp_pubsub) by extensions ['colcon_pkg']
[1.139s] Level 1:colcon.colcon_core.package_identification:_identify(src/cpp_pubsub) by extension 'colcon_pkg'
[1.139s] Level 1:colcon.colcon_core.package_identification:_identify(src/cpp_pubsub) by extensions ['colcon_meta']
[1.139s] Level 1:colcon.colcon_core.package_identification:_identify(src/cpp_pubsub) by extension 'colcon_meta'
[1.139s] Level 1:colcon.colcon_core.package_identification:_identify(src/cpp_pubsub) by extensions ['ros']
[1.139s] Level 1:colcon.colcon_core.package_identification:_identify(src/cpp_pubsub) by extension 'ros'
[1.142s] DEBUG:colcon.colcon_core.package_identification:Package 'src/cpp_pubsub' with type 'ros.ament_cmake' and name 'cpp_pubsub'
[1.142s] Level 1:colcon.colcon_core.package_identification:_identify(src/cpp_srvcli) by extensions ['ignore', 'ignore_ament_install']
[1.142s] Level 1:colcon.colcon_core.package_identification:_identify(src/cpp_srvcli) by extension 'ignore'
[1.142s] Level 1:colcon.colcon_core.package_identification:_identify(src/cpp_srvcli) by extension 'ignore_ament_install'
[1.142s] Level 1:colcon.colcon_core.package_identification:_identify(src/cpp_srvcli) by extensions ['colcon_pkg']
[1.142s] Level 1:colcon.colcon_core.package_identification:_identify(src/cpp_srvcli) by extension 'colcon_pkg'
[1.142s] Level 1:colcon.colcon_core.package_identification:_identify(src/cpp_srvcli) by extensions ['colcon_meta']
[1.142s] Level 1:colcon.colcon_core.package_identification:_identify(src/cpp_srvcli) by extension 'colcon_meta'
[1.142s] Level 1:colcon.colcon_core.package_identification:_identify(src/cpp_srvcli) by extensions ['ros']
[1.142s] Level 1:colcon.colcon_core.package_identification:_identify(src/cpp_srvcli) by extension 'ros'
[1.143s] DEBUG:colcon.colcon_core.package_identification:Package 'src/cpp_srvcli' with type 'ros.ament_cmake' and name 'cpp_srvcli'
[1.143s] Level 1:colcon.colcon_core.package_identification:_identify(src/install) by extensions ['ignore', 'ignore_ament_install']
[1.143s] Level 1:colcon.colcon_core.package_identification:_identify(src/install) by extension 'ignore'
[1.143s] Level 1:colcon.colcon_core.package_identification:_identify(src/install) ignored
[1.144s] Level 1:colcon.colcon_core.package_identification:_identify(src/log) by extensions ['ignore', 'ignore_ament_install']
[1.144s] Level 1:colcon.colcon_core.package_identification:_identify(src/log) by extension 'ignore'
[1.144s] Level 1:colcon.colcon_core.package_identification:_identify(src/log) ignored
[1.144s] Level 1:colcon.colcon_core.package_identification:_identify(src/more_interfaces) by extensions ['ignore', 'ignore_ament_install']
[1.144s] Level 1:colcon.colcon_core.package_identification:_identify(src/more_interfaces) by extension 'ignore'
[1.144s] Level 1:colcon.colcon_core.package_identification:_identify(src/more_interfaces) by extension 'ignore_ament_install'
[1.144s] Level 1:colcon.colcon_core.package_identification:_identify(src/more_interfaces) by extensions ['colcon_pkg']
[1.144s] Level 1:colcon.colcon_core.package_identification:_identify(src/more_interfaces) by extension 'colcon_pkg'
[1.144s] Level 1:colcon.colcon_core.package_identification:_identify(src/more_interfaces) by extensions ['colcon_meta']
[1.144s] Level 1:colcon.colcon_core.package_identification:_identify(src/more_interfaces) by extension 'colcon_meta'
[1.144s] Level 1:colcon.colcon_core.package_identification:_identify(src/more_interfaces) by extensions ['ros']
[1.144s] Level 1:colcon.colcon_core.package_identification:_identify(src/more_interfaces) by extension 'ros'
[1.145s] DEBUG:colcon.colcon_core.package_identification:Package 'src/more_interfaces' with type 'ros.ament_cmake' and name 'more_interfaces'
[1.145s] Level 1:colcon.colcon_core.package_identification:_identify(src/tutorial_interfaces) by extensions ['ignore', 'ignore_ament_install']
[1.145s] Level 1:colcon.colcon_core.package_identification:_identify(src/tutorial_interfaces) by extension 'ignore'
[1.145s] Level 1:colcon.colcon_core.package_identification:_identify(src/tutorial_interfaces) by extension 'ignore_ament_install'
[1.145s] Level 1:colcon.colcon_core.package_identification:_identify(src/tutorial_interfaces) by extensions ['colcon_pkg']
[1.145s] Level 1:colcon.colcon_core.package_identification:_identify(src/tutorial_interfaces) by extension 'colcon_pkg'
[1.145s] Level 1:colcon.colcon_core.package_identification:_identify(src/tutorial_interfaces) by extensions ['colcon_meta']
[1.145s] Level 1:colcon.colcon_core.package_identification:_identify(src/tutorial_interfaces) by extension 'colcon_meta'
[1.145s] Level 1:colcon.colcon_core.package_identification:_identify(src/tutorial_interfaces) by extensions ['ros']
[1.145s] Level 1:colcon.colcon_core.package_identification:_identify(src/tutorial_interfaces) by extension 'ros'
[1.146s] DEBUG:colcon.colcon_core.package_identification:Package 'src/tutorial_interfaces' with type 'ros.ament_cmake' and name 'tutorial_interfaces'
[1.146s] Level 1:colcon.colcon_core.package_discovery:discover_packages(recursive) using defaults
[1.146s] Level 1:colcon.colcon_core.package_discovery:discover_packages(ignore) discover
[1.146s] Level 1:colcon.colcon_core.package_discovery:discover_packages(ignore) using defaults
[1.146s] Level 1:colcon.colcon_core.package_discovery:discover_packages(path) discover
[1.146s] Level 1:colcon.colcon_core.package_discovery:discover_packages(path) using defaults
[1.244s] Level 1:colcon.colcon_core.package_discovery:discover_packages(prefix_path) check parameters
[1.244s] Level 1:colcon.colcon_core.package_discovery:discover_packages(prefix_path) discover
[1.278s] DEBUG:colcon.colcon_installed_package_information.package_discovery:Found 4 installed packages in /home/rti/1_Projects/ros2_ws/install
[1.295s] DEBUG:colcon.colcon_installed_package_information.package_discovery:Found 318 installed packages in /opt/ros/iron
[1.296s] Level 1:colcon.colcon_core.package_discovery:discover_packages(prefix_path) using defaults
[1.390s] Level 5:colcon.colcon_core.verb:set package 'cpp_srvcli' build argument 'cmake_args' from command line to 'None'
[1.390s] Level 5:colcon.colcon_core.verb:set package 'cpp_srvcli' build argument 'cmake_target' from command line to 'None'
[1.390s] Level 5:colcon.colcon_core.verb:set package 'cpp_srvcli' build argument 'cmake_target_skip_unavailable' from command line to 'False'
[1.390s] Level 5:colcon.colcon_core.verb:set package 'cpp_srvcli' build argument 'cmake_clean_cache' from command line to 'False'
[1.390s] Level 5:colcon.colcon_core.verb:set package 'cpp_srvcli' build argument 'cmake_clean_first' from command line to 'False'
[1.390s] Level 5:colcon.colcon_core.verb:set package 'cpp_srvcli' build argument 'cmake_force_configure' from command line to 'False'
[1.390s] Level 5:colcon.colcon_core.verb:set package 'cpp_srvcli' build argument 'ament_cmake_args' from command line to 'None'
[1.390s] Level 5:colcon.colcon_core.verb:set package 'cpp_srvcli' build argument 'catkin_cmake_args' from command line to 'None'
[1.390s] Level 5:colcon.colcon_core.verb:set package 'cpp_srvcli' build argument 'catkin_skip_building_tests' from command line to 'False'
[1.390s] DEBUG:colcon.colcon_core.verb:Building package 'cpp_srvcli' with the following arguments: {'ament_cmake_args': None, 'build_base': '/home/rti/1_Projects/ros2_ws/build/cpp_srvcli', 'catkin_cmake_args': None, 'catkin_skip_building_tests': False, 'cmake_args': None, 'cmake_clean_cache': False, 'cmake_clean_first': False, 'cmake_force_configure': False, 'cmake_target': None, 'cmake_target_skip_unavailable': False, 'install_base': '/home/rti/1_Projects/ros2_ws/install/cpp_srvcli', 'merge_install': False, 'path': '/home/rti/1_Projects/ros2_ws/src/cpp_srvcli', 'symlink_install': False, 'test_result_base': None}
[1.407s] Level 5:colcon.colcon_core.verb:set package 'more_interfaces' build argument 'cmake_args' from command line to 'None'
[1.407s] Level 5:colcon.colcon_core.verb:set package 'more_interfaces' build argument 'cmake_target' from command line to 'None'
[1.407s] Level 5:colcon.colcon_core.verb:set package 'more_interfaces' build argument 'cmake_target_skip_unavailable' from command line to 'False'
[1.407s] Level 5:colcon.colcon_core.verb:set package 'more_interfaces' build argument 'cmake_clean_cache' from command line to 'False'
[1.407s] Level 5:colcon.colcon_core.verb:set package 'more_interfaces' build argument 'cmake_clean_first' from command line to 'False'
[1.407s] Level 5:colcon.colcon_core.verb:set package 'more_interfaces' build argument 'cmake_force_configure' from command line to 'False'
[1.407s] Level 5:colcon.colcon_core.verb:set package 'more_interfaces' build argument 'ament_cmake_args' from command line to 'None'
[1.407s] Level 5:colcon.colcon_core.verb:set package 'more_interfaces' build argument 'catkin_cmake_args' from command line to 'None'
[1.407s] Level 5:colcon.colcon_core.verb:set package 'more_interfaces' build argument 'catkin_skip_building_tests' from command line to 'False'
[1.407s] DEBUG:colcon.colcon_core.verb:Building package 'more_interfaces' with the following arguments: {'ament_cmake_args': None, 'build_base': '/home/rti/1_Projects/ros2_ws/build/more_interfaces', 'catkin_cmake_args': None, 'catkin_skip_building_tests': False, 'cmake_args': None, 'cmake_clean_cache': False, 'cmake_clean_first': False, 'cmake_force_configure': False, 'cmake_target': None, 'cmake_target_skip_unavailable': False, 'install_base': '/home/rti/1_Projects/ros2_ws/install/more_interfaces', 'merge_install': False, 'path': '/home/rti/1_Projects/ros2_ws/src/more_interfaces', 'symlink_install': False, 'test_result_base': None}
[1.424s] Level 5:colcon.colcon_core.verb:set package 'tutorial_interfaces' build argument 'cmake_args' from command line to 'None'
[1.424s] Level 5:colcon.colcon_core.verb:set package 'tutorial_interfaces' build argument 'cmake_target' from command line to 'None'
[1.424s] Level 5:colcon.colcon_core.verb:set package 'tutorial_interfaces' build argument 'cmake_target_skip_unavailable' from command line to 'False'
[1.424s] Level 5:colcon.colcon_core.verb:set package 'tutorial_interfaces' build argument 'cmake_clean_cache' from command line to 'False'
[1.424s] Level 5:colcon.colcon_core.verb:set package 'tutorial_interfaces' build argument 'cmake_clean_first' from command line to 'False'
[1.424s] Level 5:colcon.colcon_core.verb:set package 'tutorial_interfaces' build argument 'cmake_force_configure' from command line to 'False'
[1.424s] Level 5:colcon.colcon_core.verb:set package 'tutorial_interfaces' build argument 'ament_cmake_args' from command line to 'None'
[1.424s] Level 5:colcon.colcon_core.verb:set package 'tutorial_interfaces' build argument 'catkin_cmake_args' from command line to 'None'
[1.424s] Level 5:colcon.colcon_core.verb:set package 'tutorial_interfaces' build argument 'catkin_skip_building_tests' from command line to 'False'
[1.424s] DEBUG:colcon.colcon_core.verb:Building package 'tutorial_interfaces' with the following arguments: {'ament_cmake_args': None, 'build_base': '/home/rti/1_Projects/ros2_ws/build/tutorial_interfaces', 'catkin_cmake_args': None, 'catkin_skip_building_tests': False, 'cmake_args': None, 'cmake_clean_cache': False, 'cmake_clean_first': False, 'cmake_force_configure': False, 'cmake_target': None, 'cmake_target_skip_unavailable': False, 'install_base': '/home/rti/1_Projects/ros2_ws/install/tutorial_interfaces', 'merge_install': False, 'path': '/home/rti/1_Projects/ros2_ws/src/tutorial_interfaces', 'symlink_install': False, 'test_result_base': None}
[1.440s] Level 5:colcon.colcon_core.verb:set package 'cpp_pubsub' build argument 'cmake_args' from command line to 'None'
[1.440s] Level 5:colcon.colcon_core.verb:set package 'cpp_pubsub' build argument 'cmake_target' from command line to 'None'
[1.440s] Level 5:colcon.colcon_core.verb:set package 'cpp_pubsub' build argument 'cmake_target_skip_unavailable' from command line to 'False'
[1.440s] Level 5:colcon.colcon_core.verb:set package 'cpp_pubsub' build argument 'cmake_clean_cache' from command line to 'False'
[1.440s] Level 5:colcon.colcon_core.verb:set package 'cpp_pubsub' build argument 'cmake_clean_first' from command line to 'False'
[1.440s] Level 5:colcon.colcon_core.verb:set package 'cpp_pubsub' build argument 'cmake_force_configure' from command line to 'False'
[1.440s] Level 5:colcon.colcon_core.verb:set package 'cpp_pubsub' build argument 'ament_cmake_args' from command line to 'None'
[1.441s] Level 5:colcon.colcon_core.verb:set package 'cpp_pubsub' build argument 'catkin_cmake_args' from command line to 'None'
[1.441s] Level 5:colcon.colcon_core.verb:set package 'cpp_pubsub' build argument 'catkin_skip_building_tests' from command line to 'False'
[1.441s] DEBUG:colcon.colcon_core.verb:Building package 'cpp_pubsub' with the following arguments: {'ament_cmake_args': None, 'build_base': '/home/rti/1_Projects/ros2_ws/build/cpp_pubsub', 'catkin_cmake_args': None, 'catkin_skip_building_tests': False, 'cmake_args': None, 'cmake_clean_cache': False, 'cmake_clean_first': False, 'cmake_force_configure': False, 'cmake_target': None, 'cmake_target_skip_unavailable': False, 'install_base': '/home/rti/1_Projects/ros2_ws/install/cpp_pubsub', 'merge_install': False, 'path': '/home/rti/1_Projects/ros2_ws/src/cpp_pubsub', 'symlink_install': False, 'test_result_base': None}
[1.456s] INFO:colcon.colcon_core.executor:Executing jobs using 'parallel' executor
[1.473s] DEBUG:colcon.colcon_parallel_executor.executor.parallel:run_until_complete
[1.473s] INFO:colcon.colcon_ros.task.ament_cmake.build:Building ROS package in '/home/rti/1_Projects/ros2_ws/src/tutorial_interfaces' with build type 'ament_cmake'
[1.473s] INFO:colcon.colcon_cmake.task.cmake.build:Building CMake package in '/home/rti/1_Projects/ros2_ws/src/tutorial_interfaces'
[1.493s] INFO:colcon.colcon_core.plugin_system:Skipping extension 'colcon_core.shell.bat': Not used on non-Windows systems
[1.493s] INFO:colcon.colcon_core.shell:Skip shell extension 'powershell' for command environment: Not usable outside of PowerShell
[1.493s] DEBUG:colcon.colcon_core.shell:Skip shell extension 'dsv' for command environment
[1.548s] INFO:colcon.colcon_ros.task.ament_cmake.build:Building ROS package in '/home/rti/1_Projects/ros2_ws/src/cpp_srvcli' with build type 'ament_cmake'
[1.549s] INFO:colcon.colcon_cmake.task.cmake.build:Building CMake package in '/home/rti/1_Projects/ros2_ws/src/cpp_srvcli'
[1.567s] INFO:colcon.colcon_core.shell:Skip shell extension 'powershell' for command environment: Not usable outside of PowerShell
[1.567s] DEBUG:colcon.colcon_core.shell:Skip shell extension 'dsv' for command environment
[1.627s] DEBUG:colcon.colcon_core.event_handler.log_command:Invoking command in '/home/rti/1_Projects/ros2_ws/build/tutorial_interfaces': CMAKE_PREFIX_PATH=${CMAKE_PREFIX_PATH}:/opt/ros/iron /usr/bin/cmake /home/rti/1_Projects/ros2_ws/src/tutorial_interfaces -DCMAKE_INSTALL_PREFIX=/home/rti/1_Projects/ros2_ws/install/tutorial_interfaces
[1.632s] DEBUG:colcon.colcon_core.event_handler.log_command:Invoking command in '/home/rti/1_Projects/ros2_ws/build/cpp_srvcli': CMAKE_PREFIX_PATH=${CMAKE_PREFIX_PATH}:/opt/ros/iron /usr/bin/cmake /home/rti/1_Projects/ros2_ws/src/cpp_srvcli -DCMAKE_INSTALL_PREFIX=/home/rti/1_Projects/ros2_ws/install/cpp_srvcli
[3.381s] DEBUG:colcon.colcon_core.event_handler.log_command:Invoked command in '/home/rti/1_Projects/ros2_ws/build/cpp_srvcli' returned '0': CMAKE_PREFIX_PATH=${CMAKE_PREFIX_PATH}:/opt/ros/iron /usr/bin/cmake /home/rti/1_Projects/ros2_ws/src/cpp_srvcli -DCMAKE_INSTALL_PREFIX=/home/rti/1_Projects/ros2_ws/install/cpp_srvcli
[3.384s] DEBUG:colcon.colcon_core.event_handler.log_command:Invoking command in '/home/rti/1_Projects/ros2_ws/build/cpp_srvcli': CMAKE_PREFIX_PATH=${CMAKE_PREFIX_PATH}:/opt/ros/iron /usr/bin/cmake --build /home/rti/1_Projects/ros2_ws/build/cpp_srvcli -- -j2 -l2
[4.288s] DEBUG:colcon.colcon_core.event_handler.log_command:Invoked command in '/home/rti/1_Projects/ros2_ws/build/tutorial_interfaces' returned '0': CMAKE_PREFIX_PATH=${CMAKE_PREFIX_PATH}:/opt/ros/iron /usr/bin/cmake /home/rti/1_Projects/ros2_ws/src/tutorial_interfaces -DCMAKE_INSTALL_PREFIX=/home/rti/1_Projects/ros2_ws/install/tutorial_interfaces
[4.296s] DEBUG:colcon.colcon_core.event_handler.log_command:Invoking command in '/home/rti/1_Projects/ros2_ws/build/tutorial_interfaces': CMAKE_PREFIX_PATH=${CMAKE_PREFIX_PATH}:/opt/ros/iron /usr/bin/cmake --build /home/rti/1_Projects/ros2_ws/build/tutorial_interfaces -- -j2 -l2
[13.817s] DEBUG:colcon.colcon_core.event_handler.log_command:Invoked command in '/home/rti/1_Projects/ros2_ws/build/cpp_srvcli' returned '0': CMAKE_PREFIX_PATH=${CMAKE_PREFIX_PATH}:/opt/ros/iron /usr/bin/cmake --build /home/rti/1_Projects/ros2_ws/build/cpp_srvcli -- -j2 -l2
[14.046s] DEBUG:colcon.colcon_core.event_handler.log_command:Invoking command in '/home/rti/1_Projects/ros2_ws/build/cpp_srvcli': CMAKE_PREFIX_PATH=${CMAKE_PREFIX_PATH}:/opt/ros/iron /usr/bin/cmake --install /home/rti/1_Projects/ros2_ws/build/cpp_srvcli
[14.079s] Level 1:colcon.colcon_core.environment:create_environment_scripts_only(cpp_srvcli)
[14.080s] DEBUG:colcon.colcon_core.event_handler.log_command:Invoked command in '/home/rti/1_Projects/ros2_ws/build/cpp_srvcli' returned '0': CMAKE_PREFIX_PATH=${CMAKE_PREFIX_PATH}:/opt/ros/iron /usr/bin/cmake --install /home/rti/1_Projects/ros2_ws/build/cpp_srvcli
[14.122s] Level 1:colcon.colcon_core.environment:checking '/home/rti/1_Projects/ros2_ws/install/cpp_srvcli' for CMake module files
[14.122s] Level 1:colcon.colcon_core.environment:checking '/home/rti/1_Projects/ros2_ws/install/cpp_srvcli' for CMake config files
[14.123s] Level 1:colcon.colcon_core.shell:create_environment_hook('cpp_srvcli', 'cmake_prefix_path')
[14.152s] INFO:colcon.colcon_core.shell:Creating environment hook '/home/rti/1_Projects/ros2_ws/install/cpp_srvcli/share/cpp_srvcli/hook/cmake_prefix_path.ps1'
[14.153s] INFO:colcon.colcon_core.shell:Creating environment descriptor '/home/rti/1_Projects/ros2_ws/install/cpp_srvcli/share/cpp_srvcli/hook/cmake_prefix_path.dsv'
[14.154s] INFO:colcon.colcon_core.shell:Creating environment hook '/home/rti/1_Projects/ros2_ws/install/cpp_srvcli/share/cpp_srvcli/hook/cmake_prefix_path.sh'
[14.156s] Level 1:colcon.colcon_core.environment:checking '/home/rti/1_Projects/ros2_ws/install/cpp_srvcli/lib'
[14.157s] Level 1:colcon.colcon_core.environment:checking '/home/rti/1_Projects/ros2_ws/install/cpp_srvcli/bin'
[14.157s] Level 1:colcon.colcon_core.environment:checking '/home/rti/1_Projects/ros2_ws/install/cpp_srvcli/lib/pkgconfig/cpp_srvcli.pc'
[14.157s] Level 1:colcon.colcon_core.environment:checking '/home/rti/1_Projects/ros2_ws/install/cpp_srvcli/lib/python3.10/site-packages'
[14.157s] Level 1:colcon.colcon_core.environment:checking '/home/rti/1_Projects/ros2_ws/install/cpp_srvcli/bin'
[14.174s] INFO:colcon.colcon_core.shell:Creating package script '/home/rti/1_Projects/ros2_ws/install/cpp_srvcli/share/cpp_srvcli/package.ps1'
[14.175s] INFO:colcon.colcon_core.shell:Creating package descriptor '/home/rti/1_Projects/ros2_ws/install/cpp_srvcli/share/cpp_srvcli/package.dsv'
[14.176s] INFO:colcon.colcon_core.shell:Creating package script '/home/rti/1_Projects/ros2_ws/install/cpp_srvcli/share/cpp_srvcli/package.sh'
[14.177s] INFO:colcon.colcon_core.shell:Creating package script '/home/rti/1_Projects/ros2_ws/install/cpp_srvcli/share/cpp_srvcli/package.bash'
[14.178s] INFO:colcon.colcon_core.shell:Creating package script '/home/rti/1_Projects/ros2_ws/install/cpp_srvcli/share/cpp_srvcli/package.zsh'
[14.178s] Level 1:colcon.colcon_core.environment:create_file_with_runtime_dependencies(/home/rti/1_Projects/ros2_ws/install/cpp_srvcli/share/colcon-core/packages/cpp_srvcli)
[14.237s] Level 1:colcon.colcon_core.environment:create_environment_scripts_only(cpp_srvcli)
[14.268s] Level 1:colcon.colcon_core.environment:checking '/home/rti/1_Projects/ros2_ws/install/cpp_srvcli' for CMake module files
[14.269s] Level 1:colcon.colcon_core.environment:checking '/home/rti/1_Projects/ros2_ws/install/cpp_srvcli' for CMake config files
[14.269s] Level 1:colcon.colcon_core.shell:create_environment_hook('cpp_srvcli', 'cmake_prefix_path')
[14.290s] INFO:colcon.colcon_core.shell:Creating environment hook '/home/rti/1_Projects/ros2_ws/install/cpp_srvcli/share/cpp_srvcli/hook/cmake_prefix_path.ps1'
[14.291s] INFO:colcon.colcon_core.shell:Creating environment descriptor '/home/rti/1_Projects/ros2_ws/install/cpp_srvcli/share/cpp_srvcli/hook/cmake_prefix_path.dsv'
[14.291s] INFO:colcon.colcon_core.shell:Creating environment hook '/home/rti/1_Projects/ros2_ws/install/cpp_srvcli/share/cpp_srvcli/hook/cmake_prefix_path.sh'
[14.292s] Level 1:colcon.colcon_core.environment:checking '/home/rti/1_Projects/ros2_ws/install/cpp_srvcli/lib'
[14.292s] Level 1:colcon.colcon_core.environment:checking '/home/rti/1_Projects/ros2_ws/install/cpp_srvcli/bin'
[14.292s] Level 1:colcon.colcon_core.environment:checking '/home/rti/1_Projects/ros2_ws/install/cpp_srvcli/lib/pkgconfig/cpp_srvcli.pc'
[14.292s] Level 1:colcon.colcon_core.environment:checking '/home/rti/1_Projects/ros2_ws/install/cpp_srvcli/lib/python3.10/site-packages'
[14.292s] Level 1:colcon.colcon_core.environment:checking '/home/rti/1_Projects/ros2_ws/install/cpp_srvcli/bin'
[14.311s] INFO:colcon.colcon_core.shell:Creating package script '/home/rti/1_Projects/ros2_ws/install/cpp_srvcli/share/cpp_srvcli/package.ps1'
[14.311s] INFO:colcon.colcon_core.shell:Creating package descriptor '/home/rti/1_Projects/ros2_ws/install/cpp_srvcli/share/cpp_srvcli/package.dsv'
[14.312s] INFO:colcon.colcon_core.shell:Creating package script '/home/rti/1_Projects/ros2_ws/install/cpp_srvcli/share/cpp_srvcli/package.sh'
[14.313s] INFO:colcon.colcon_core.shell:Creating package script '/home/rti/1_Projects/ros2_ws/install/cpp_srvcli/share/cpp_srvcli/package.bash'
[14.313s] INFO:colcon.colcon_core.shell:Creating package script '/home/rti/1_Projects/ros2_ws/install/cpp_srvcli/share/cpp_srvcli/package.zsh'
[14.313s] Level 1:colcon.colcon_core.environment:create_file_with_runtime_dependencies(/home/rti/1_Projects/ros2_ws/install/cpp_srvcli/share/colcon-core/packages/cpp_srvcli)
[14.314s] INFO:colcon.colcon_ros.task.ament_cmake.build:Building ROS package in '/home/rti/1_Projects/ros2_ws/src/more_interfaces' with build type 'ament_cmake'
[14.314s] INFO:colcon.colcon_cmake.task.cmake.build:Building CMake package in '/home/rti/1_Projects/ros2_ws/src/more_interfaces'
[14.332s] INFO:colcon.colcon_core.shell:Skip shell extension 'powershell' for command environment: Not usable outside of PowerShell
[14.332s] DEBUG:colcon.colcon_core.shell:Skip shell extension 'dsv' for command environment
[14.433s] DEBUG:colcon.colcon_core.event_handler.log_command:Invoking command in '/home/rti/1_Projects/ros2_ws/build/more_interfaces': CMAKE_PREFIX_PATH=${CMAKE_PREFIX_PATH}:/opt/ros/iron /usr/bin/cmake /home/rti/1_Projects/ros2_ws/src/more_interfaces -DCMAKE_INSTALL_PREFIX=/home/rti/1_Projects/ros2_ws/install/more_interfaces
[15.700s] DEBUG:colcon.colcon_core.event_handler.log_command:Invoked command in '/home/rti/1_Projects/ros2_ws/build/more_interfaces' returned '1': CMAKE_PREFIX_PATH=${CMAKE_PREFIX_PATH}:/opt/ros/iron /usr/bin/cmake /home/rti/1_Projects/ros2_ws/src/more_interfaces -DCMAKE_INSTALL_PREFIX=/home/rti/1_Projects/ros2_ws/install/more_interfaces
[15.724s] Level 1:colcon.colcon_core.environment:create_environment_scripts_only(more_interfaces)
[15.745s] Level 1:colcon.colcon_core.environment:checking '/home/rti/1_Projects/ros2_ws/install/more_interfaces' for CMake module files
[15.746s] Level 1:colcon.colcon_core.environment:checking '/home/rti/1_Projects/ros2_ws/install/more_interfaces' for CMake config files
[15.746s] Level 1:colcon.colcon_core.environment:checking '/home/rti/1_Projects/ros2_ws/install/more_interfaces/bin'
[15.746s] Level 1:colcon.colcon_core.environment:checking '/home/rti/1_Projects/ros2_ws/install/more_interfaces/lib/pkgconfig/more_interfaces.pc'
[15.747s] Level 1:colcon.colcon_core.environment:checking '/home/rti/1_Projects/ros2_ws/install/more_interfaces/lib/python3.10/site-packages'
[15.747s] Level 1:colcon.colcon_core.environment:checking '/home/rti/1_Projects/ros2_ws/install/more_interfaces/bin'
[15.777s] INFO:colcon.colcon_core.shell:Creating package script '/home/rti/1_Projects/ros2_ws/install/more_interfaces/share/more_interfaces/package.ps1'
[15.778s] INFO:colcon.colcon_core.shell:Creating package descriptor '/home/rti/1_Projects/ros2_ws/install/more_interfaces/share/more_interfaces/package.dsv'
[15.778s] INFO:colcon.colcon_core.shell:Creating package script '/home/rti/1_Projects/ros2_ws/install/more_interfaces/share/more_interfaces/package.sh'
[15.779s] INFO:colcon.colcon_core.shell:Creating package script '/home/rti/1_Projects/ros2_ws/install/more_interfaces/share/more_interfaces/package.bash'
[15.779s] INFO:colcon.colcon_core.shell:Creating package script '/home/rti/1_Projects/ros2_ws/install/more_interfaces/share/more_interfaces/package.zsh'
[15.779s] Level 1:colcon.colcon_core.environment:create_file_with_runtime_dependencies(/home/rti/1_Projects/ros2_ws/install/more_interfaces/share/colcon-core/packages/more_interfaces)
[17.822s] DEBUG:colcon.colcon_parallel_executor.executor.parallel:closing loop
[17.823s] DEBUG:colcon.colcon_parallel_executor.executor.parallel:loop closed
[17.823s] DEBUG:colcon.colcon_parallel_executor.executor.parallel:run_until_complete finished with '1'
[17.823s] DEBUG:colcon.colcon_core.event_reactor:joining thread
[17.849s] INFO:colcon.colcon_core.plugin_system:Skipping extension 'colcon_notification.desktop_notification.terminal_notifier': Not used on non-Darwin systems
[17.849s] INFO:colcon.colcon_core.plugin_system:Skipping extension 'colcon_notification.desktop_notification.win32': Not used on non-Windows systems
[17.849s] INFO:colcon.colcon_notification.desktop_notification:Sending desktop notification using 'notify2'
[17.863s] DEBUG:colcon.colcon_core.event_reactor:joined thread
[17.880s] INFO:colcon.colcon_core.shell:Creating prefix script '/home/rti/1_Projects/ros2_ws/install/local_setup.ps1'
[17.881s] INFO:colcon.colcon_core.shell:Creating prefix util module '/home/rti/1_Projects/ros2_ws/install/_local_setup_util_ps1.py'
[17.882s] INFO:colcon.colcon_core.shell:Creating prefix chain script '/home/rti/1_Projects/ros2_ws/install/setup.ps1'
[17.900s] INFO:colcon.colcon_core.shell:Creating prefix script '/home/rti/1_Projects/ros2_ws/install/local_setup.sh'
[17.901s] INFO:colcon.colcon_core.shell:Creating prefix util module '/home/rti/1_Projects/ros2_ws/install/_local_setup_util_sh.py'
[17.901s] INFO:colcon.colcon_core.shell:Creating prefix chain script '/home/rti/1_Projects/ros2_ws/install/setup.sh'
[17.919s] INFO:colcon.colcon_core.shell:Creating prefix script '/home/rti/1_Projects/ros2_ws/install/local_setup.bash'
[17.920s] INFO:colcon.colcon_core.shell:Creating prefix chain script '/home/rti/1_Projects/ros2_ws/install/setup.bash'
[17.937s] INFO:colcon.colcon_core.shell:Creating prefix script '/home/rti/1_Projects/ros2_ws/install/local_setup.zsh'
[17.938s] INFO:colcon.colcon_core.shell:Creating prefix chain script '/home/rti/1_Projects/ros2_ws/install/setup.zsh'
