[0.094s] Invoking command in '/home/rti/1_Projects/ros2_ws/build/cpp_srvcli': CMAKE_PREFIX_PATH=${CMAKE_PREFIX_PATH}:/opt/ros/iron /usr/bin/cmake --build /home/rti/1_Projects/ros2_ws/build/cpp_srvcli -- -j2 -l2
[0.128s] -- Found ament_cmake: 2.0.3 (/opt/ros/iron/share/ament_cmake/cmake)
[0.316s] -- Found rclcpp: 21.0.4 (/opt/ros/iron/share/rclcpp/cmake)
[0.349s] -- Found rosidl_generator_c: 4.0.1 (/opt/ros/iron/share/rosidl_generator_c/cmake)
[0.359s] -- Found rosidl_generator_cpp: 4.0.1 (/opt/ros/iron/share/rosidl_generator_cpp/cmake)
[0.373s] -- Using all available rosidl_typesupport_c: rosidl_typesupport_fastrtps_c;rosidl_typesupport_introspection_c
[0.391s] -- Using all available rosidl_typesupport_cpp: rosidl_typesupport_fastrtps_cpp;rosidl_typesupport_introspection_cpp
[0.562s] -- Found rmw_implementation_cmake: 7.1.0 (/opt/ros/iron/share/rmw_implementation_cmake/cmake)
[0.564s] -- Found rmw_fastrtps_cpp: 7.1.2 (/opt/ros/iron/share/rmw_fastrtps_cpp/cmake)
[0.693s] -- Using RMW implementation 'rmw_fastrtps_cpp' as default
[0.873s] -- Found example_interfaces: 0.10.2 (/opt/ros/iron/share/example_interfaces/cmake)
[1.164s] -- Configuring done
[1.182s] -- Generating done
[1.185s] -- Build files have been written to: /home/rti/1_Projects/ros2_ws/build/cpp_srvcli
[1.214s] [35m[1mConsolidate compiler generated dependencies of target server[0m
[1.241s] [ 25%] [32mBuilding CXX object CMakeFiles/client.dir/src/add_two_ints_client.cpp.o[0m
[1.257s] [ 75%] Built target server
[5.515s] [100%] [32m[1mLinking CXX executable client[0m
[5.711s] [100%] Built target client
[5.727s] Invoked command in '/home/rti/1_Projects/ros2_ws/build/cpp_srvcli' returned '0': CMAKE_PREFIX_PATH=${CMAKE_PREFIX_PATH}:/opt/ros/iron /usr/bin/cmake --build /home/rti/1_Projects/ros2_ws/build/cpp_srvcli -- -j2 -l2
[5.759s] Invoking command in '/home/rti/1_Projects/ros2_ws/build/cpp_srvcli': CMAKE_PREFIX_PATH=${CMAKE_PREFIX_PATH}:/opt/ros/iron /usr/bin/cmake --install /home/rti/1_Projects/ros2_ws/build/cpp_srvcli
[5.770s] -- Install configuration: ""
[5.772s] -- Up-to-date: /home/rti/1_Projects/ros2_ws/install/cpp_srvcli/lib/cpp_srvcli/server
[5.772s] -- Installing: /home/rti/1_Projects/ros2_ws/install/cpp_srvcli/lib/cpp_srvcli/client
[5.774s] -- Set runtime path of "/home/rti/1_Projects/ros2_ws/install/cpp_srvcli/lib/cpp_srvcli/client" to ""
[5.774s] -- Up-to-date: /home/rti/1_Projects/ros2_ws/install/cpp_srvcli/share/ament_index/resource_index/package_run_dependencies/cpp_srvcli
[5.775s] -- Installing: /home/rti/1_Projects/ros2_ws/install/cpp_srvcli/share/ament_index/resource_index/parent_prefix_path/cpp_srvcli
[5.776s] -- Up-to-date: /home/rti/1_Projects/ros2_ws/install/cpp_srvcli/share/cpp_srvcli/environment/ament_prefix_path.sh
[5.777s] -- Up-to-date: /home/rti/1_Projects/ros2_ws/install/cpp_srvcli/share/cpp_srvcli/environment/ament_prefix_path.dsv
[5.777s] -- Up-to-date: /home/rti/1_Projects/ros2_ws/install/cpp_srvcli/share/cpp_srvcli/environment/path.sh
[5.777s] -- Up-to-date: /home/rti/1_Projects/ros2_ws/install/cpp_srvcli/share/cpp_srvcli/environment/path.dsv
[5.777s] -- Up-to-date: /home/rti/1_Projects/ros2_ws/install/cpp_srvcli/share/cpp_srvcli/local_setup.bash
[5.777s] -- Up-to-date: /home/rti/1_Projects/ros2_ws/install/cpp_srvcli/share/cpp_srvcli/local_setup.sh
[5.777s] -- Up-to-date: /home/rti/1_Projects/ros2_ws/install/cpp_srvcli/share/cpp_srvcli/local_setup.zsh
[5.778s] -- Up-to-date: /home/rti/1_Projects/ros2_ws/install/cpp_srvcli/share/cpp_srvcli/local_setup.dsv
[5.778s] -- Installing: /home/rti/1_Projects/ros2_ws/install/cpp_srvcli/share/cpp_srvcli/package.dsv
[5.781s] -- Up-to-date: /home/rti/1_Projects/ros2_ws/install/cpp_srvcli/share/ament_index/resource_index/packages/cpp_srvcli
[5.781s] -- Up-to-date: /home/rti/1_Projects/ros2_ws/install/cpp_srvcli/share/cpp_srvcli/cmake/cpp_srvcliConfig.cmake
[5.781s] -- Up-to-date: /home/rti/1_Projects/ros2_ws/install/cpp_srvcli/share/cpp_srvcli/cmake/cpp_srvcliConfig-version.cmake
[5.787s] -- Up-to-date: /home/rti/1_Projects/ros2_ws/install/cpp_srvcli/share/cpp_srvcli/package.xml
[5.787s] Invoked command in '/home/rti/1_Projects/ros2_ws/build/cpp_srvcli' returned '0': CMAKE_PREFIX_PATH=${CMAKE_PREFIX_PATH}:/opt/ros/iron /usr/bin/cmake --install /home/rti/1_Projects/ros2_ws/build/cpp_srvcli
